#    1 | steps:    51 | steps_t: 28835 | t: 0.264891 | r:  -473.000000 | e:   0.100000 | Q:  21.892820 | won: False 
#    2 | steps:    85 | steps_t: 28835 | t: 0.332719 | r:  -423.000000 | e:   0.100000 | Q:   4.900949 | won: False 
#    3 | steps:   126 | steps_t: 28835 | t: 0.397632 | r:  -357.000000 | e:   0.100000 | Q:   7.138089 | won: False 
#    4 | steps:   131 | steps_t: 28835 | t: 0.403525 | r:  -460.000000 | e:   0.100000 | Q: -26.142569 | won: False 
#    5 | steps:   136 | steps_t: 28835 | t: 0.415999 | r:  -482.000000 | e:   0.100000 | Q: -26.142569 | won: False 
#    6 | steps:   177 | steps_t: 28835 | t: 0.475737 | r:  -357.000000 | e:   0.100000 | Q:   7.138089 | won: False 
#    7 | steps:   207 | steps_t: 28835 | t: 0.517676 | r:  -408.000000 | e:   0.100000 | Q:   4.900949 | won: False 
#    8 | steps:   271 | steps_t: 28835 | t: 0.583293 | r:  -431.000000 | e:   0.100000 | Q:   4.900949 | won: False 
#    9 | steps:   336 | steps_t: 28835 | t: 0.640879 | r:  -381.000000 | e:   0.100000 | Q:   7.138089 | won: False 
#   10 | steps:   394 | steps_t: 28835 | t: 0.690700 | r:   226.000000 | e:   0.100000 | Q:   7.138089 | won: True 
#   11 | steps:   418 | steps_t: 28835 | t: 0.712639 | r:  -391.000000 | e:   0.100000 | Q:   7.138089 | won: False 
#   12 | steps:   423 | steps_t: 28835 | t: 0.716177 | r:  -482.000000 | e:   0.100000 | Q: -26.142569 | won: False 
#   13 | steps:   517 | steps_t: 28835 | t: 0.807709 | r:  -410.000000 | e:   0.100000 | Q:   4.485945 | won: False 
#   14 | steps:   585 | steps_t: 28835 | t: 0.874860 | r:  -435.000000 | e:   0.100000 | Q:  14.969998 | won: False 
#   15 | steps:   620 | steps_t: 28835 | t: 0.911385 | r:  -413.000000 | e:   0.100000 | Q:   4.900949 | won: False 
#   16 | steps:   625 | steps_t: 28835 | t: 0.915534 | r:  -471.000000 | e:   0.100000 | Q:  -7.193565 | won: False 
#   17 | steps:   790 | steps_t: 28835 | t: 1.066441 | r:  -576.000000 | e:   0.100000 | Q:  26.881626 | won: False 
#   18 | steps:   846 | steps_t: 28835 | t: 1.148067 | r:  -372.000000 | e:   0.100000 | Q:  12.253881 | won: False 
#   19 | steps:   880 | steps_t: 28835 | t: 1.194106 | r:  -401.000000 | e:   0.100000 | Q:   4.900949 | won: False 
#   20 | steps:   916 | steps_t: 28835 | t: 1.257059 | r:  -491.000000 | e:   0.100000 | Q:   7.138089 | won: False 
#   21 | steps:   947 | steps_t: 28835 | t: 1.303875 | r:  -442.000000 | e:   0.100000 | Q:   4.900949 | won: False 
#   22 | steps:   991 | steps_t: 28835 | t: 1.352597 | r:  -411.000000 | e:   0.100000 | Q:   4.900949 | won: False 
#   23 | steps:  1025 | steps_t: 28835 | t: 1.386626 | r:  -478.000000 | e:   0.100000 | Q:  35.546631 | won: False 
#   24 | steps:  1046 | steps_t: 28835 | t: 1.405234 | r:  -476.000000 | e:   0.100000 | Q:   7.138089 | won: False 
#   25 | steps:  1068 | steps_t: 28835 | t: 1.432965 | r:  -400.000000 | e:   0.100000 | Q:   7.138089 | won: False 
#   26 | steps:  1103 | steps_t: 28835 | t: 1.469395 | r:  -402.000000 | e:   0.100000 | Q:   4.900949 | won: False 
#   27 | steps:  1209 | steps_t: 28835 | t: 1.577024 | r:  -422.000000 | e:   0.100000 | Q:  35.254257 | won: False 
#   28 | steps:  1255 | steps_t: 28835 | t: 1.620174 | r:  -362.000000 | e:   0.100000 | Q:   7.138089 | won: False 
#   29 | steps:  1306 | steps_t: 28835 | t: 1.680867 | r:  -418.000000 | e:   0.100000 | Q:  35.254257 | won: False 
#   30 | steps:  1311 | steps_t: 28835 | t: 1.685140 | r:  -460.000000 | e:   0.100000 | Q: -26.142569 | won: False 
#   31 | steps:  1337 | steps_t: 28835 | t: 1.717588 | r:  -393.000000 | e:   0.100000 | Q:   7.138089 | won: False 
#   32 | steps:  1342 | steps_t: 28835 | t: 1.722167 | r:  -471.000000 | e:   0.100000 | Q:  -7.193565 | won: False 
#   33 | steps:  1373 | steps_t: 28835 | t: 1.755585 | r:  -398.000000 | e:   0.100000 | Q:   7.138089 | won: False 
#   34 | steps:  1412 | steps_t: 28835 | t: 1.795459 | r:  -406.000000 | e:   0.100000 | Q:  35.254257 | won: False 
#   35 | steps:  1446 | steps_t: 28835 | t: 1.831447 | r:  -401.000000 | e:   0.100000 | Q:  35.254257 | won: False 
#   36 | steps:  1502 | steps_t: 28835 | t: 1.892156 | r:  -372.000000 | e:   0.100000 | Q:   7.138089 | won: False 
#   37 | steps:  1507 | steps_t: 28835 | t: 1.896892 | r:  -482.000000 | e:   0.100000 | Q: -26.142569 | won: False 
#   38 | steps:  1555 | steps_t: 28835 | t: 1.951798 | r:  -426.000000 | e:   0.100000 | Q:   7.138089 | won: False 
#   39 | steps:  1560 | steps_t: 28835 | t: 1.955544 | r:  -460.000000 | e:   0.100000 | Q: -26.142569 | won: False 
#   40 | steps:  1581 | steps_t: 28835 | t: 1.981690 | r:  -388.000000 | e:   0.100000 | Q:   7.138089 | won: False 
#   41 | steps:  1586 | steps_t: 28835 | t: 1.985647 | r:  -482.000000 | e:   0.100000 | Q: -26.142569 | won: False 
#   42 | steps:  1621 | steps_t: 28835 | t: 2.036453 | r:  -413.000000 | e:   0.100000 | Q:   4.900949 | won: False 
#   43 | steps:  1656 | steps_t: 28835 | t: 2.089045 | r:  -413.000000 | e:   0.100000 | Q:  35.254257 | won: False 
#   44 | steps:  1690 | steps_t: 28835 | t: 2.126198 | r:  -478.000000 | e:   0.100000 | Q:  35.546631 | won: False 
#   45 | steps:  1767 | steps_t: 28835 | t: 2.215365 | r:  -466.000000 | e:   0.100000 | Q:  44.862804 | won: False 
#   46 | steps:  1787 | steps_t: 28835 | t: 2.246224 | r:  -475.000000 | e:   0.100000 | Q:   7.138089 | won: False 
#   47 | steps:  1792 | steps_t: 28835 | t: 2.249819 | r:  -471.000000 | e:   0.100000 | Q: -26.142569 | won: False 
#   48 | steps:  1822 | steps_t: 28835 | t: 2.284858 | r:  -441.000000 | e:   0.100000 | Q:   4.900949 | won: False 
#   49 | steps:  1860 | steps_t: 28835 | t: 2.325522 | r:  -405.000000 | e:   0.100000 | Q:   4.900949 | won: False 
#   50 | steps:  1949 | steps_t: 28835 | t: 2.425815 | r:  -405.000000 | e:   0.100000 | Q:  35.254257 | won: False 
#   51 | steps:  1966 | steps_t: 28835 | t: 2.447434 | r:  -450.000000 | e:   0.100000 | Q:   4.900949 | won: False 
#   52 | steps:  1974 | steps_t: 28835 | t: 2.457161 | r:  -496.000000 | e:   0.100000 | Q:  -8.701382 | won: False 
#   53 | steps:  2018 | steps_t: 28835 | t: 2.504707 | r:  -360.000000 | e:   0.100000 | Q:   7.138089 | won: False 
#   54 | steps:  2055 | steps_t: 28835 | t: 2.541230 | r:   247.000000 | e:   0.100000 | Q:   7.138089 | won: True 
#   55 | steps:  2077 | steps_t: 28835 | t: 2.563568 | r:  -400.000000 | e:   0.100000 | Q:  12.792961 | won: False 
#   56 | steps:  2148 | steps_t: 28835 | t: 2.628749 | r:  -387.000000 | e:   0.100000 | Q:  35.254257 | won: False 
#   57 | steps:  2183 | steps_t: 28835 | t: 2.680589 | r:  -413.000000 | e:   0.100000 | Q:   4.900949 | won: False 
#   58 | steps:  2274 | steps_t: 28835 | t: 2.910506 | r:  -407.000000 | e:   0.100000 | Q:   4.900949 | won: False 
#   59 | steps:  2282 | steps_t: 28835 | t: 2.922859 | r:  -496.000000 | e:   0.100000 | Q:   3.497597 | won: False 
#   60 | steps:  2370 | steps_t: 28835 | t: 3.011970 | r:  -404.000000 | e:   0.100000 | Q:   7.138089 | won: False 
#   61 | steps:  2375 | steps_t: 28835 | t: 3.015461 | r:  -471.000000 | e:   0.100000 | Q:  -7.193565 | won: False 
#   62 | steps:  2421 | steps_t: 28835 | t: 3.057169 | r:  -413.000000 | e:   0.100000 | Q:   4.900949 | won: False 
#   63 | steps:  2426 | steps_t: 28835 | t: 3.060950 | r:  -471.000000 | e:   0.100000 | Q:  -7.193565 | won: False 
#   64 | steps:  2443 | steps_t: 28835 | t: 3.077694 | r:  -450.000000 | e:   0.100000 | Q:   4.900949 | won: False 
#   65 | steps:  2510 | steps_t: 28835 | t: 3.137187 | r:   217.000000 | e:   0.100000 | Q:  10.065754 | won: True 
#   66 | steps:  2557 | steps_t: 28835 | t: 3.180981 | r:  -414.000000 | e:   0.100000 | Q:   4.252796 | won: False 
#   67 | steps:  2584 | steps_t: 28835 | t: 3.206807 | r:  -405.000000 | e:   0.100000 | Q:  11.850024 | won: False 
#   68 | steps:  2619 | steps_t: 28835 | t: 3.238338 | r:  -351.000000 | e:   0.100000 | Q:   4.900949 | won: False 
#   69 | steps:  2675 | steps_t: 28835 | t: 3.284721 | r:  -372.000000 | e:   0.100000 | Q:  12.253881 | won: False 
#   70 | steps:  2740 | steps_t: 28835 | t: 3.339874 | r:  -432.000000 | e:   0.100000 | Q:  35.254257 | won: False 
#   71 | steps:  2803 | steps_t: 28835 | t: 3.393508 | r:  -474.000000 | e:   0.100000 | Q:  16.571751 | won: False 
#   72 | steps:  2825 | steps_t: 28835 | t: 3.415212 | r:  -400.000000 | e:   0.100000 | Q:   7.138089 | won: False 
#   73 | steps:  2830 | steps_t: 28835 | t: 3.418588 | r:  -471.000000 | e:   0.100000 | Q:  -7.193565 | won: False 
#   74 | steps:  2835 | steps_t: 28835 | t: 3.423326 | r:  -460.000000 | e:   0.100000 | Q: -26.142569 | won: False 
#   75 | steps:  2870 | steps_t: 28835 | t: 3.456225 | r:  -413.000000 | e:   0.100000 | Q:   4.900949 | won: False 
#   76 | steps:  2875 | steps_t: 28835 | t: 3.460495 | r:  -471.000000 | e:   0.100000 | Q:  -7.193565 | won: False 
#   77 | steps:  2894 | steps_t: 28835 | t: 3.479858 | r:  -419.000000 | e:   0.100000 | Q:   4.900949 | won: False 
#   78 | steps:  2928 | steps_t: 28835 | t: 3.507240 | r:   250.000000 | e:   0.100000 | Q:   4.900949 | won: True 
#   79 | steps:  2938 | steps_t: 28835 | t: 3.515602 | r:  -498.000000 | e:   0.100000 | Q:   3.529866 | won: False 
#   80 | steps:  2970 | steps_t: 28835 | t: 3.546304 | r:  -388.000000 | e:   0.100000 | Q:   4.900949 | won: False 
#   81 | steps:  3006 | steps_t: 28835 | t: 3.580276 | r:  -491.000000 | e:   0.100000 | Q:   7.138089 | won: False 
#   82 | steps:  3102 | steps_t: 28835 | t: 3.663911 | r:  -412.000000 | e:   0.100000 | Q:  10.600358 | won: False 
#   83 | steps:  3150 | steps_t: 28835 | t: 3.708759 | r:  -364.000000 | e:   0.100000 | Q:   7.138089 | won: False 
#   84 | steps:  3204 | steps_t: 28835 | t: 3.756214 | r:  -370.000000 | e:   0.100000 | Q:  35.254257 | won: False 
#   85 | steps:  3209 | steps_t: 28835 | t: 3.759873 | r:  -471.000000 | e:   0.100000 | Q:  -7.193565 | won: False 
#   86 | steps:  3234 | steps_t: 28835 | t: 3.784469 | r:  -403.000000 | e:   0.100000 | Q:   7.138089 | won: False 
#   87 | steps:  3239 | steps_t: 28835 | t: 3.788012 | r:  -471.000000 | e:   0.100000 | Q:  -7.193565 | won: False 
#   88 | steps:  3311 | steps_t: 28835 | t: 3.853218 | r:  -461.000000 | e:   0.100000 | Q:  16.398258 | won: False 
#   89 | steps:  3384 | steps_t: 28835 | t: 3.918831 | r:  -389.000000 | e:   0.100000 | Q:  12.978357 | won: False 
#   90 | steps:  3444 | steps_t: 28835 | t: 3.975290 | r:  -376.000000 | e:   0.100000 | Q:   7.138089 | won: False 
#   91 | steps:  3454 | steps_t: 28835 | t: 3.983434 | r:  -498.000000 | e:   0.100000 | Q:  15.664701 | won: False 
#   92 | steps:  3505 | steps_t: 28835 | t: 4.031011 | r:  -418.000000 | e:   0.100000 | Q:  35.254257 | won: False 
#   93 | steps:  3560 | steps_t: 28835 | t: 4.078165 | r:  -422.000000 | e:   0.100000 | Q:   4.900949 | won: False 
#   94 | steps:  3565 | steps_t: 28835 | t: 4.082488 | r:  -460.000000 | e:   0.100000 | Q: -26.142569 | won: False 
#   95 | steps:  3621 | steps_t: 28835 | t: 4.132296 | r:  -434.000000 | e:   0.100000 | Q:   4.900949 | won: False 
#   96 | steps:  3672 | steps_t: 28835 | t: 4.187172 | r:  -429.000000 | e:   0.100000 | Q:   4.900949 | won: False 
#   97 | steps:  3740 | steps_t: 28835 | t: 4.248359 | r:  -435.000000 | e:   0.100000 | Q:   2.229977 | won: False 
#   98 | steps:  3800 | steps_t: 28835 | t: 4.305606 | r:  -376.000000 | e:   0.100000 | Q:   7.138089 | won: False 
#   99 | steps:  3808 | steps_t: 28835 | t: 4.315259 | r:  -496.000000 | e:   0.100000 | Q:   3.497597 | won: False 
#  100 | steps:  3893 | steps_t: 28835 | t: 4.390389 | r:  -452.000000 | e:   0.100000 | Q:  44.862804 | won: False 
#  101 | steps:  3928 | steps_t: 28835 | t: 4.427164 | r:  -402.000000 | e:   0.100000 | Q:   4.900949 | won: False 
#  102 | steps:  4014 | steps_t: 28835 | t: 4.500060 | r:  -402.000000 | e:   0.100000 | Q:   4.246894 | won: False 
#  103 | steps:  4060 | steps_t: 28835 | t: 4.551971 | r:  -413.000000 | e:   0.100000 | Q:   4.900949 | won: False 
#  104 | steps:  4114 | steps_t: 28835 | t: 4.612254 | r:  -487.000000 | e:   0.100000 | Q:  35.254257 | won: False 
#  105 | steps:  4149 | steps_t: 28835 | t: 4.650115 | r:  -413.000000 | e:   0.100000 | Q:  12.253881 | won: False 
#  106 | steps:  4157 | steps_t: 28835 | t: 4.658738 | r:  -496.000000 | e:   0.100000 | Q:   3.497597 | won: False 
#  107 | steps:  4188 | steps_t: 28835 | t: 4.702405 | r:  -398.000000 | e:   0.100000 | Q:   7.138089 | won: False 
#  108 | steps:  4193 | steps_t: 28835 | t: 4.707112 | r:  -471.000000 | e:   0.100000 | Q:  -7.193565 | won: False 
#  109 | steps:  4215 | steps_t: 28835 | t: 4.734239 | r:  -400.000000 | e:   0.100000 | Q:   7.138089 | won: False 
#  110 | steps:  4237 | steps_t: 28835 | t: 4.762490 | r:  -455.000000 | e:   0.100000 | Q:   4.900949 | won: False 
#  111 | steps:  4347 | steps_t: 28835 | t: 4.881872 | r:  -426.000000 | e:   0.100000 | Q:   6.461678 | won: False 
#  112 | steps:  4451 | steps_t: 28835 | t: 4.986782 | r:  -471.000000 | e:   0.100000 | Q:   4.900949 | won: False 
#  113 | steps:  4481 | steps_t: 28835 | t: 5.013503 | r:  -397.000000 | e:   0.100000 | Q:   2.044789 | won: False 
#  114 | steps:  4486 | steps_t: 28835 | t: 5.016651 | r:  -482.000000 | e:   0.100000 | Q: -26.142569 | won: False 
#  115 | steps:  4516 | steps_t: 28835 | t: 5.043801 | r:  -441.000000 | e:   0.100000 | Q:   4.900949 | won: False 
#  116 | steps:  4562 | steps_t: 28835 | t: 5.095635 | r:  -362.000000 | e:   0.100000 | Q:   5.867304 | won: False 
#  117 | steps:  4639 | steps_t: 28835 | t: 5.181414 | r:  -393.000000 | e:   0.100000 | Q:   4.485945 | won: False 
#  118 | steps:  4719 | steps_t: 28835 | t: 5.255452 | r:  -396.000000 | e:   0.100000 | Q:  35.254257 | won: False 
#  119 | steps:  4754 | steps_t: 28835 | t: 5.418640 | r:  -413.000000 | e:   0.100000 | Q:   4.900949 | won: False 
#  120 | steps:  4806 | steps_t: 28835 | t: 5.500855 | r:  -419.000000 | e:   0.100000 | Q:   4.900949 | won: False 
#  121 | steps:  4852 | steps_t: 28835 | t: 5.547440 | r:  -413.000000 | e:   0.100000 | Q:   2.044789 | won: False 
#  122 | steps:  4887 | steps_t: 28835 | t: 5.586880 | r:  -413.000000 | e:   0.100000 | Q:   5.867304 | won: False 
#  123 | steps:  4942 | steps_t: 28835 | t: 5.633214 | r:  -422.000000 | e:   0.100000 | Q:   4.900949 | won: False 
#  124 | steps:  4995 | steps_t: 28835 | t: 5.682004 | r:  -420.000000 | e:   0.100000 | Q:   4.900949 | won: False 
#  125 | steps:  5030 | steps_t: 28864 | t: 6.002767 | r:  -413.000000 | e:   0.100000 | Q:  37.879562 | won: False 
#  126 | steps:  5069 | steps_t: 28902 | t: 6.363730 | r:   296.000000 | e:   0.100000 | Q:   2.863908 | won: True 
#  127 | steps:  5112 | steps_t: 28944 | t: 6.771974 | r:   241.000000 | e:   0.100000 | Q:  42.969082 | won: True 
#  128 | steps:  5134 | steps_t: 28965 | t: 6.968434 | r:  -455.000000 | e:   0.100000 | Q:  26.693348 | won: False 
#  129 | steps:  5140 | steps_t: 28970 | t: 7.022698 | r:  -483.000000 | e:   0.100000 | Q: -24.058043 | won: False 
#  130 | steps:  5269 | steps_t: 29098 | t: 8.068411 | r:  -496.000000 | e:   0.100000 | Q:   3.236894 | won: False 
#  131 | steps:  5329 | steps_t: 29157 | t: 8.595682 | r:  -482.000000 | e:   0.100000 | Q:  81.953171 | won: False 
#  132 | steps:  5354 | steps_t: 29181 | t: 8.808881 | r:  -458.000000 | e:   0.100000 | Q:  54.326641 | won: False 
#  133 | steps:  5380 | steps_t: 29206 | t: 9.043223 | r:   309.000000 | e:   0.100000 | Q:  10.010273 | won: True 
#  134 | steps:  5452 | steps_t: 29277 | t: 10.066157 | r:  -439.000000 | e:   0.100000 | Q:  23.919443 | won: False 
#  135 | steps:  5481 | steps_t: 29305 | t: 10.414483 | r:  -396.000000 | e:   0.100000 | Q:  59.952084 | won: False 
#  136 | steps:  5562 | steps_t: 29385 | t: 11.444290 | r:  -448.000000 | e:   0.100000 | Q:  75.432259 | won: False 
#  137 | steps:  5619 | steps_t: 29441 | t: 12.175670 | r:  -424.000000 | e:   0.100000 | Q:  20.420397 | won: False 
#  138 | steps:  5659 | steps_t: 29480 | t: 12.672349 | r:  -407.000000 | e:   0.100000 | Q:  11.494944 | won: False 
#  139 | steps:  5743 | steps_t: 29563 | t: 13.513266 | r:   251.000000 | e:   0.100000 | Q:  53.265213 | won: True 
#  140 | steps:  5796 | steps_t: 29615 | t: 13.970344 | r:  -420.000000 | e:   0.100000 | Q:  15.452475 | won: False 
#  141 | steps:  5848 | steps_t: 29666 | t: 14.494987 | r:  -485.000000 | e:   0.100000 | Q:  41.075596 | won: False 
#  142 | steps:  5866 | steps_t: 29683 | t: 14.704461 | r:  -451.000000 | e:   0.100000 | Q:   5.258621 | won: False 
#  143 | steps:  5912 | steps_t: 29728 | t: 15.224508 | r:  -435.000000 | e:   0.100000 | Q:  17.596895 | won: False 
#  144 | steps:  5930 | steps_t: 29745 | t: 15.399539 | r:  -429.000000 | e:   0.100000 | Q:  25.384890 | won: False 
#  145 | steps:  5961 | steps_t: 29775 | t: 15.658483 | r:   304.000000 | e:   0.100000 | Q:  16.517879 | won: True 
#  146 | steps:  6013 | steps_t: 29826 | t: 16.149720 | r:  -474.000000 | e:   0.100000 | Q:  45.654900 | won: False 
#  147 | steps:  6052 | steps_t: 29864 | t: 16.463977 | r:  -450.000000 | e:   0.100000 | Q:  35.333725 | won: False 
#  148 | steps:  6089 | steps_t: 29900 | t: 16.761446 | r:   247.000000 | e:   0.100000 | Q:  19.064228 | won: True 
#  149 | steps:  6196 | steps_t: 30006 | t: 17.652876 | r:  -474.000000 | e:   0.100000 | Q:   9.371700 | won: False 
#  150 | steps:  6313 | steps_t: 30122 | t: 18.583223 | r:  -484.000000 | e:   0.100000 | Q:  62.151394 | won: False 
#  151 | steps:  6440 | steps_t: 30248 | t: 19.614155 | r:   208.000000 | e:   0.100000 | Q:  68.795609 | won: True 
#  152 | steps:  6506 | steps_t: 30313 | t: 20.188143 | r:  -433.000000 | e:   0.100000 | Q:  47.297920 | won: False 
#  153 | steps:  6567 | steps_t: 30373 | t: 20.704474 | r:  -428.000000 | e:   0.100000 | Q:  15.310030 | won: False 
#  154 | steps:  6585 | steps_t: 30390 | t: 20.847755 | r:  -429.000000 | e:   0.100000 | Q:  28.232958 | won: False 
#  155 | steps:  6727 | steps_t: 30531 | t: 22.073722 | r:   193.000000 | e:   0.100000 | Q:  64.022011 | won: True 
#  156 | steps:  6743 | steps_t: 30546 | t: 22.196553 | r:  -460.000000 | e:   0.100000 | Q:  19.224701 | won: False 
#  157 | steps:  6815 | steps_t: 30617 | t: 22.801200 | r:  -505.000000 | e:   0.100000 | Q:  41.198338 | won: False 
#  158 | steps:  6855 | steps_t: 30656 | t: 23.191735 | r:  -407.000000 | e:   0.100000 | Q:  39.445702 | won: False 
#  159 | steps:  6947 | steps_t: 30747 | t: 24.095520 | r:   243.000000 | e:   0.100000 | Q:  62.714451 | won: True 
#  160 | steps:  7010 | steps_t: 30809 | t: 24.583485 | r:   221.000000 | e:   0.100000 | Q:  36.325634 | won: True 
#  161 | steps:  7057 | steps_t: 30855 | t: 24.967746 | r:   288.000000 | e:   0.100000 | Q:  37.409615 | won: True 
#  162 | steps:  7088 | steps_t: 30885 | t: 25.228079 | r:   304.000000 | e:   0.100000 | Q:  23.510023 | won: True 
#  163 | steps:  7106 | steps_t: 30902 | t: 25.363501 | r:  -429.000000 | e:   0.100000 | Q:  21.024376 | won: False 
#  164 | steps:  7229 | steps_t: 31024 | t: 26.509791 | r:  -439.000000 | e:   0.100000 | Q:  39.127361 | won: False 
#  165 | steps:  7296 | steps_t: 31090 | t: 27.040490 | r:  -500.000000 | e:   0.100000 | Q:  76.340103 | won: False 
#  166 | steps:  7346 | steps_t: 31139 | t: 27.427701 | r:   285.000000 | e:   0.100000 | Q:  59.032734 | won: True 
#  167 | steps:  7408 | steps_t: 31200 | t: 27.897748 | r:  -495.000000 | e:   0.100000 | Q:  39.691868 | won: False 
#  168 | steps:  7460 | steps_t: 31251 | t: 28.292248 | r:   283.000000 | e:   0.100000 | Q:  53.055538 | won: True 
#  169 | steps:  7535 | steps_t: 31325 | t: 28.872709 | r:  -442.000000 | e:   0.100000 | Q:  30.993031 | won: False 
#  170 | steps:  7670 | steps_t: 31459 | t: 30.214082 | r:  -568.000000 | e:   0.100000 | Q:  59.030727 | won: False 
#  171 | steps:  7749 | steps_t: 31537 | t: 31.007551 | r:  -457.000000 | e:   0.100000 | Q:  61.684597 | won: False 
#  172 | steps:  7926 | steps_t: 31713 | t: 32.607162 | r:  -544.000000 | e:   0.100000 | Q:  54.639465 | won: False 
#  173 | steps:  8034 | steps_t: 31820 | t: 33.480088 | r:  -541.000000 | e:   0.100000 | Q:  29.989399 | won: False 
#  174 | steps:  8116 | steps_t: 31901 | t: 34.210703 | r:  -515.000000 | e:   0.100000 | Q:  33.922932 | won: False 
#  175 | steps:  8131 | steps_t: 31915 | t: 34.318829 | r:  -459.000000 | e:   0.100000 | Q:  14.555079 | won: False 
#  176 | steps:  8145 | steps_t: 31928 | t: 34.431381 | r:  -458.000000 | e:   0.100000 | Q:  20.512270 | won: False 
#  177 | steps:  8295 | steps_t: 32077 | t: 35.782845 | r:  -517.000000 | e:   0.100000 | Q:  80.754250 | won: False 
#  178 | steps:  8328 | steps_t: 32109 | t: 36.036943 | r:  -411.000000 | e:   0.100000 | Q:  23.058134 | won: False 
#  179 | steps:  8354 | steps_t: 32134 | t: 36.270216 | r:  -470.000000 | e:   0.100000 | Q:  38.697315 | won: False 
#  180 | steps:  8403 | steps_t: 32182 | t: 36.679118 | r:  -482.000000 | e:   0.100000 | Q:  41.080811 | won: False 
#  181 | steps:  8503 | steps_t: 32281 | t: 37.491708 | r:  -533.000000 | e:   0.100000 | Q:  55.739269 | won: False 
#  182 | steps:  8608 | steps_t: 32385 | t: 38.318795 | r:  -483.000000 | e:   0.100000 | Q:  42.335739 | won: False 
#  183 | steps:  8696 | steps_t: 32472 | t: 39.011401 | r:  -455.000000 | e:   0.100000 | Q:  72.658836 | won: False 
#  184 | steps:  8784 | steps_t: 32559 | t: 39.708082 | r:   196.000000 | e:   0.100000 | Q:  42.956928 | won: True 
#  185 | steps:  8863 | steps_t: 32637 | t: 40.355267 | r:   205.000000 | e:   0.100000 | Q:  68.373772 | won: True 
#  186 | steps:  8894 | steps_t: 32667 | t: 40.616856 | r:   304.000000 | e:   0.100000 | Q:  41.261013 | won: True 
#  187 | steps:  8946 | steps_t: 32718 | t: 41.024815 | r:  -474.000000 | e:   0.100000 | Q:  22.135271 | won: False 
#  188 | steps:  8996 | steps_t: 32767 | t: 41.412065 | r:  -417.000000 | e:   0.100000 | Q:  31.265551 | won: False 
#  189 | steps:  9023 | steps_t: 32793 | t: 41.622738 | r:  -471.000000 | e:   0.100000 | Q:  27.262743 | won: False 
#  190 | steps:  9040 | steps_t: 32809 | t: 41.750676 | r:  -450.000000 | e:   0.100000 | Q:  21.751190 | won: False 
#  191 | steps:  9114 | steps_t: 32882 | t: 42.314305 | r:   210.000000 | e:   0.100000 | Q:  18.765917 | won: True 
#  192 | steps:  9133 | steps_t: 32900 | t: 42.455932 | r:  -463.000000 | e:   0.100000 | Q:  19.494455 | won: False 
#  193 | steps:  9138 | steps_t: 32904 | t: 42.490797 | r:  -460.000000 | e:   0.100000 | Q:  17.352432 | won: False 
#  194 | steps:  9199 | steps_t: 32964 | t: 42.977447 | r:  -461.000000 | e:   0.100000 | Q:  51.643791 | won: False 
#  195 | steps:  9251 | steps_t: 33015 | t: 43.395232 | r:  -485.000000 | e:   0.100000 | Q:  43.948479 | won: False 
#  196 | steps:  9286 | steps_t: 33049 | t: 43.664462 | r:  -402.000000 | e:   0.100000 | Q:  22.299719 | won: False 
#  197 | steps:  9410 | steps_t: 33172 | t: 44.685764 | r:   160.000000 | e:   0.100000 | Q:  92.379562 | won: True 
#  198 | steps:  9550 | steps_t: 33311 | t: 45.836232 | r:  -456.000000 | e:   0.100000 | Q:  66.739494 | won: False 
#  199 | steps:  9610 | steps_t: 33370 | t: 46.487312 | r:  -427.000000 | e:   0.100000 | Q:  73.721397 | won: False 
#  200 | steps:  9647 | steps_t: 33406 | t: 46.914786 | r:   247.000000 | e:   0.100000 | Q:  33.565735 | won: True 
#  201 | steps:  9743 | steps_t: 33501 | t: 47.800519 | r:  -452.000000 | e:   0.100000 | Q:  61.954620 | won: False 
#  202 | steps:  9845 | steps_t: 33602 | t: 48.645091 | r:  -469.000000 | e:   0.100000 | Q:  32.247334 | won: False 
#  203 | steps:  9968 | steps_t: 33724 | t: 49.611650 | r:  -556.000000 | e:   0.100000 | Q:  46.920029 | won: False 
#  204 | steps: 10023 | steps_t: 33778 | t: 50.055459 | r:   280.000000 | e:   0.100000 | Q:  63.687805 | won: True 
#  205 | steps: 10088 | steps_t: 33842 | t: 50.632267 | r:  -498.000000 | e:   0.100000 | Q:  34.056297 | won: False 
#  206 | steps: 10125 | steps_t: 33878 | t: 50.939839 | r:   247.000000 | e:   0.100000 | Q:  35.044350 | won: True 
#  207 | steps: 10219 | steps_t: 33971 | t: 51.783374 | r:  -461.000000 | e:   0.100000 | Q:  51.456017 | won: False 
#  208 | steps: 10224 | steps_t: 33975 | t: 51.818353 | r:  -460.000000 | e:   0.100000 | Q:  28.178520 | won: False 
#  209 | steps: 10244 | steps_t: 33994 | t: 51.970099 | r:  -464.000000 | e:   0.100000 | Q:  28.128719 | won: False 
#  210 | steps: 10284 | steps_t: 34033 | t: 52.272781 | r:  -473.000000 | e:   0.100000 | Q: 133.167084 | won: False 
#  211 | steps: 10368 | steps_t: 34116 | t: 52.988358 | r:  -451.000000 | e:   0.100000 | Q:  31.443565 | won: False 
#  212 | steps: 10512 | steps_t: 34259 | t: 54.190874 | r:  -511.000000 | e:   0.100000 | Q:  88.773514 | won: False 
#  213 | steps: 10668 | steps_t: 34414 | t: 55.667743 | r:  -523.000000 | e:   0.100000 | Q:  38.554638 | won: False 
#  214 | steps: 10717 | steps_t: 34462 | t: 56.095321 | r:  -471.000000 | e:   0.100000 | Q:  63.586441 | won: False 
#  215 | steps: 10809 | steps_t: 34553 | t: 56.916786 | r:  -459.000000 | e:   0.100000 | Q:  64.716698 | won: False 
#  216 | steps: 10848 | steps_t: 34591 | t: 57.258213 | r:  -472.000000 | e:   0.100000 | Q:  77.508018 | won: False 
#  217 | steps: 10866 | steps_t: 34608 | t: 57.396531 | r:  -462.000000 | e:   0.100000 | Q:  25.462755 | won: False 
#  218 | steps: 10932 | steps_t: 34673 | t: 57.911363 | r:   269.000000 | e:   0.100000 | Q:  36.555149 | won: True 
#  219 | steps: 10955 | steps_t: 34695 | t: 58.100371 | r:  -390.000000 | e:   0.100000 | Q:  42.165012 | won: False 
#  220 | steps: 10994 | steps_t: 34733 | t: 58.480881 | r:  -461.000000 | e:   0.100000 | Q:  60.676243 | won: False 
#  221 | steps: 11022 | steps_t: 34760 | t: 58.711022 | r:  -384.000000 | e:   0.100000 | Q:  33.415184 | won: False 
#  222 | steps: 11041 | steps_t: 34778 | t: 58.861938 | r:  -463.000000 | e:   0.100000 | Q:  26.493124 | won: False 
#  223 | steps: 11083 | steps_t: 34819 | t: 59.237743 | r:  -486.000000 | e:   0.100000 | Q:  47.511292 | won: False 
#  224 | steps: 11190 | steps_t: 34925 | t: 60.164256 | r:  -474.000000 | e:   0.100000 | Q:  40.459667 | won: False 
#  225 | steps: 11258 | steps_t: 34992 | t: 60.719848 | r:   267.000000 | e:   0.100000 | Q:  52.242466 | won: True 
#  226 | steps: 11319 | steps_t: 35052 | t: 61.233395 | r:   274.000000 | e:   0.100000 | Q:  41.110218 | won: True 
#  227 | steps: 11441 | steps_t: 35173 | t: 62.407558 | r:   162.000000 | e:   0.100000 | Q:  51.686798 | won: True 
#  228 | steps: 11642 | steps_t: 35373 | t: 64.333527 | r:    83.000000 | e:   0.100000 | Q:  34.656845 | won: True 
#  229 | steps: 11736 | steps_t: 35466 | t: 65.140641 | r:  -461.000000 | e:   0.100000 | Q:  38.384174 | won: False 
#  230 | steps: 11809 | steps_t: 35538 | t: 65.862446 | r:  -389.000000 | e:   0.100000 | Q:  43.636230 | won: False 
#  231 | steps: 11844 | steps_t: 35572 | t: 66.231693 | r:  -402.000000 | e:   0.100000 | Q:  33.070637 | won: False 
#  232 | steps: 11868 | steps_t: 35595 | t: 66.420457 | r:  -413.000000 | e:   0.100000 | Q:  42.693344 | won: False 
#  233 | steps: 11980 | steps_t: 35706 | t: 67.719304 | r:  -479.000000 | e:   0.100000 | Q:  69.265198 | won: False 
#  234 | steps: 12027 | steps_t: 35752 | t: 68.427846 | r:  -414.000000 | e:   0.100000 | Q:  48.624115 | won: False 
#  235 | steps: 12093 | steps_t: 35817 | t: 69.134930 | r:   269.000000 | e:   0.100000 | Q:  69.183945 | won: True 
#  236 | steps: 12164 | steps_t: 35887 | t: 69.872326 | r:   264.000000 | e:   0.100000 | Q:  51.679272 | won: True 
#  237 | steps: 12365 | steps_t: 36087 | t: 71.816299 | r:   134.000000 | e:   0.100000 | Q:  37.621063 | won: True 
#  238 | steps: 12454 | steps_t: 36175 | t: 72.864901 | r:  -405.000000 | e:   0.100000 | Q:  38.694286 | won: False 
#  239 | steps: 12504 | steps_t: 36224 | t: 73.407649 | r:   234.000000 | e:   0.100000 | Q:  39.597683 | won: True 
#  240 | steps: 12592 | steps_t: 36311 | t: 74.288568 | r:  -455.000000 | e:   0.100000 | Q:  39.889420 | won: False 
#  241 | steps: 12785 | steps_t: 36503 | t: 76.102850 | r:  -615.000000 | e:   0.100000 | Q:  72.856621 | won: False 
#  242 | steps: 12811 | steps_t: 36528 | t: 76.310344 | r:  -393.000000 | e:   0.100000 | Q:  34.711632 | won: False 
#  243 | steps: 12826 | steps_t: 36542 | t: 76.426229 | r:  -448.000000 | e:   0.100000 | Q:  26.474211 | won: False 
#  244 | steps: 12908 | steps_t: 36623 | t: 77.078002 | r:   202.000000 | e:   0.100000 | Q:  54.977745 | won: True 
#  245 | steps: 12971 | steps_t: 36685 | t: 77.575443 | r:   221.000000 | e:   0.100000 | Q:  62.385963 | won: True 
#  246 | steps: 13083 | steps_t: 36796 | t: 78.584511 | r:   172.000000 | e:   0.100000 | Q:  35.118874 | won: True 
#  247 | steps: 13102 | steps_t: 36814 | t: 78.728815 | r:  -408.000000 | e:   0.100000 | Q:  49.849541 | won: False 
#  248 | steps: 13163 | steps_t: 36874 | t: 79.411335 | r:   223.000000 | e:   0.100000 | Q:  37.502438 | won: True 
#  249 | steps: 13185 | steps_t: 36895 | t: 79.601405 | r:  -389.000000 | e:   0.100000 | Q:  51.219376 | won: False 
#  250 | steps: 13300 | steps_t: 37009 | t: 80.777517 | r:  -482.000000 | e:   0.100000 | Q:  52.501999 | won: False 
#  251 | steps: 13334 | steps_t: 37042 | t: 81.067141 | r:   250.000000 | e:   0.100000 | Q:  63.620483 | won: True 
#  252 | steps: 13381 | steps_t: 37088 | t: 81.517036 | r:   237.000000 | e:   0.100000 | Q:  50.593159 | won: True 
#  253 | steps: 13426 | steps_t: 37132 | t: 81.910541 | r:   290.000000 | e:   0.100000 | Q:  73.906158 | won: True 
#  254 | steps: 13520 | steps_t: 37225 | t: 83.318849 | r:  -461.000000 | e:   0.100000 | Q:  65.366730 | won: False 
#  255 | steps: 13539 | steps_t: 37243 | t: 83.603349 | r:  -408.000000 | e:   0.100000 | Q:  49.629307 | won: False 
#  256 | steps: 13627 | steps_t: 37330 | t: 84.841997 | r:  -455.000000 | e:   0.100000 | Q:  29.168921 | won: False 
#  257 | steps: 13670 | steps_t: 37372 | t: 85.541960 | r:   292.000000 | e:   0.100000 | Q:  57.984379 | won: True 
#  258 | steps: 13732 | steps_t: 37433 | t: 86.150248 | r:   222.000000 | e:   0.100000 | Q:  57.799786 | won: True 
#  259 | steps: 13807 | steps_t: 37507 | t: 86.941490 | r:   260.000000 | e:   0.100000 | Q:  69.452538 | won: True 
#  260 | steps: 13858 | steps_t: 37557 | t: 87.515794 | r:   284.000000 | e:   0.100000 | Q:  50.000397 | won: True 
#  261 | steps: 13942 | steps_t: 37640 | t: 88.487317 | r:   200.000000 | e:   0.100000 | Q:  87.703125 | won: True 
#  262 | steps: 13992 | steps_t: 37689 | t: 89.051016 | r:   234.000000 | e:   0.100000 | Q:  44.585384 | won: True 
#  263 | steps: 14041 | steps_t: 37737 | t: 89.509190 | r:   235.000000 | e:   0.100000 | Q:  33.574818 | won: True 
#  264 | steps: 14132 | steps_t: 37827 | t: 90.462729 | r:  -513.000000 | e:   0.100000 | Q:  55.406361 | won: False 
#  265 | steps: 14169 | steps_t: 37863 | t: 90.805291 | r:   298.000000 | e:   0.100000 | Q:  64.738571 | won: True 
#  266 | steps: 14221 | steps_t: 37914 | t: 91.387459 | r:  -419.000000 | e:   0.100000 | Q:  65.260742 | won: False 
#  267 | steps: 14319 | steps_t: 38011 | t: 92.429559 | r:   186.000000 | e:   0.100000 | Q:  55.179062 | won: True 
#  268 | steps: 14435 | steps_t: 38126 | t: 93.623599 | r:  -483.000000 | e:   0.100000 | Q:  53.391773 | won: False 
#  269 | steps: 14455 | steps_t: 38145 | t: 93.824383 | r:  -442.000000 | e:   0.100000 | Q:  52.245953 | won: False 
#  270 | steps: 14473 | steps_t: 38162 | t: 93.990647 | r:  -440.000000 | e:   0.100000 | Q:  58.376797 | won: False 
#  271 | steps: 14567 | steps_t: 38255 | t: 94.935391 | r:  -410.000000 | e:   0.100000 | Q:  75.892555 | won: False 
#  272 | steps: 14703 | steps_t: 38390 | t: 96.223520 | r:  -503.000000 | e:   0.100000 | Q:  78.484726 | won: False 
#  273 | steps: 14736 | steps_t: 38422 | t: 96.523294 | r:   251.000000 | e:   0.100000 | Q:  50.362160 | won: True 
#  274 | steps: 14795 | steps_t: 38480 | t: 97.024716 | r:   276.000000 | e:   0.100000 | Q:  65.849716 | won: True 
#  275 | steps: 14816 | steps_t: 38500 | t: 97.214676 | r:  -465.000000 | e:   0.100000 | Q:  35.344204 | won: False 
#  276 | steps: 14872 | steps_t: 38555 | t: 97.764965 | r:  -445.000000 | e:   0.100000 | Q:  60.064625 | won: False 
#  277 | steps: 14892 | steps_t: 38574 | t: 97.945463 | r:  -409.000000 | e:   0.100000 | Q:  61.681381 | won: False 
#  278 | steps: 14955 | steps_t: 38636 | t: 98.545087 | r:   272.000000 | e:   0.100000 | Q:  65.506378 | won: True 
#  279 | steps: 15002 | steps_t: 38682 | t: 98.976608 | r:   288.000000 | e:   0.100000 | Q:  51.144539 | won: True 
#  280 | steps: 15115 | steps_t: 38794 | t: 99.922079 | r:   222.000000 | e:   0.100000 | Q:  71.489838 | won: True 
#  281 | steps: 15213 | steps_t: 38891 | t: 100.753342 | r:   237.000000 | e:   0.100000 | Q:  63.128471 | won: True 
#  282 | steps: 15289 | steps_t: 38966 | t: 101.426258 | r:  -443.000000 | e:   0.100000 | Q:  57.255894 | won: False 
#  283 | steps: 15567 | steps_t: 39243 | t: 104.541820 | r:  -594.000000 | e:   0.100000 | Q:  68.758003 | won: False 
#  284 | steps: 15604 | steps_t: 39279 | t: 104.969787 | r:   247.000000 | e:   0.100000 | Q:  52.118511 | won: True 
#  285 | steps: 15771 | steps_t: 39445 | t: 106.492946 | r:   168.000000 | e:   0.100000 | Q:  76.275063 | won: True 
#  286 | steps: 15810 | steps_t: 39483 | t: 106.829828 | r:  -406.000000 | e:   0.100000 | Q:  57.374508 | won: False 
#  287 | steps: 16139 | steps_t: 39811 | t: 109.919435 | r:  -645.000000 | e:   0.100000 | Q:  52.308666 | won: False 
#  288 | steps: 16209 | steps_t: 39880 | t: 110.557759 | r:   265.000000 | e:   0.100000 | Q:  56.951237 | won: True 
#  289 | steps: 16261 | steps_t: 39931 | t: 111.033746 | r:   283.000000 | e:   0.100000 | Q:  65.738106 | won: True 
#  290 | steps: 16302 | steps_t: 39971 | t: 111.399330 | r:  -408.000000 | e:   0.100000 | Q:  68.817970 | won: False 
#  291 | steps: 16373 | steps_t: 40041 | t: 112.195916 | r:   264.000000 | e:   0.100000 | Q:  75.150749 | won: True 
#  292 | steps: 16409 | steps_t: 40076 | t: 112.641277 | r:  -414.000000 | e:   0.100000 | Q: 121.467720 | won: False 
#  293 | steps: 16419 | steps_t: 40085 | t: 112.781066 | r:  -487.000000 | e:   0.100000 | Q:  84.606277 | won: False 
#  294 | steps: 16433 | steps_t: 40098 | t: 112.927756 | r:  -458.000000 | e:   0.100000 | Q:  37.757111 | won: False 
#  295 | steps: 16650 | steps_t: 40314 | t: 114.926127 | r:   118.000000 | e:   0.100000 | Q:  57.225746 | won: True 
#  296 | steps: 16667 | steps_t: 40330 | t: 115.078442 | r:  -461.000000 | e:   0.100000 | Q:  36.007820 | won: False 
#  297 | steps: 16716 | steps_t: 40378 | t: 115.488351 | r:   286.000000 | e:   0.100000 | Q:  56.719234 | won: True 
#  298 | steps: 16759 | steps_t: 40420 | t: 116.036130 | r:  -308.000000 | e:   0.100000 | Q:  82.027115 | won: False 
#  299 | steps: 16847 | steps_t: 40507 | t: 117.160125 | r:  -521.000000 | e:   0.100000 | Q:  72.529556 | won: False 
#  300 | steps: 16915 | steps_t: 40574 | t: 117.907715 | r:   267.000000 | e:   0.100000 | Q:  78.501785 | won: True 
#  301 | steps: 16946 | steps_t: 40604 | t: 118.178938 | r:   304.000000 | e:   0.100000 | Q:  66.715492 | won: True 
#  302 | steps: 17005 | steps_t: 40662 | t: 118.684558 | r:   276.000000 | e:   0.100000 | Q:  67.783905 | won: True 
#  303 | steps: 17033 | steps_t: 40689 | t: 118.908927 | r:  -384.000000 | e:   0.100000 | Q:  88.054260 | won: False 
#  304 | steps: 17072 | steps_t: 40727 | t: 119.235536 | r:   296.000000 | e:   0.100000 | Q:  73.364403 | won: True 
#  305 | steps: 17109 | steps_t: 40763 | t: 119.571102 | r:   247.000000 | e:   0.100000 | Q:  82.307899 | won: True 
#  306 | steps: 17157 | steps_t: 40810 | t: 119.976559 | r:   287.000000 | e:   0.100000 | Q:  82.453125 | won: True 
#  307 | steps: 17326 | steps_t: 40978 | t: 121.501184 | r:  -536.000000 | e:   0.100000 | Q: 104.002785 | won: False 
#  308 | steps: 17380 | steps_t: 41031 | t: 122.020303 | r:   281.000000 | e:   0.100000 | Q:  98.487030 | won: True 
#  309 | steps: 17520 | steps_t: 41170 | t: 123.620757 | r:   144.000000 | e:   0.100000 | Q:  72.370728 | won: True 
#  310 | steps: 17527 | steps_t: 41176 | t: 123.681383 | r:  -484.000000 | e:   0.100000 | Q:  61.602596 | won: False 
#  311 | steps: 17592 | steps_t: 41240 | t: 124.350268 | r:  -454.000000 | e:   0.100000 | Q:  94.857521 | won: False 
#  312 | steps: 17620 | steps_t: 41267 | t: 124.741339 | r:  -450.000000 | e:   0.100000 | Q:  61.550453 | won: False 
#  313 | steps: 17636 | steps_t: 41282 | t: 124.945434 | r:  -449.000000 | e:   0.100000 | Q:  97.441170 | won: False 
#  314 | steps: 17711 | steps_t: 41356 | t: 125.740745 | r:  -453.000000 | e:   0.100000 | Q:  97.620308 | won: False 
#  315 | steps: 17921 | steps_t: 41565 | t: 127.708524 | r:   125.000000 | e:   0.100000 | Q: 124.646950 | won: True 
#  316 | steps: 17939 | steps_t: 41582 | t: 127.868064 | r:  -418.000000 | e:   0.100000 | Q: 117.389824 | won: False 
#  317 | steps: 17986 | steps_t: 41628 | t: 128.289147 | r:   288.000000 | e:   0.100000 | Q: 142.749878 | won: True 
#  318 | steps: 18006 | steps_t: 41647 | t: 128.473430 | r:  -398.000000 | e:   0.100000 | Q: 130.190811 | won: False 
#  319 | steps: 18033 | steps_t: 41673 | t: 128.729794 | r:  -482.000000 | e:   0.100000 | Q:  99.552834 | won: False 
#  320 | steps: 18064 | steps_t: 41703 | t: 129.030486 | r:  -453.000000 | e:   0.100000 | Q: 105.927429 | won: False 
#  321 | steps: 18078 | steps_t: 41716 | t: 129.165489 | r:  -458.000000 | e:   0.100000 | Q:  88.093895 | won: False 
#  322 | steps: 18086 | steps_t: 41723 | t: 129.228430 | r:  -496.000000 | e:   0.100000 | Q:  98.657265 | won: False 
#  323 | steps: 18170 | steps_t: 41806 | t: 130.149902 | r:   251.000000 | e:   0.100000 | Q: 155.402557 | won: True 
#  324 | steps: 18259 | steps_t: 41894 | t: 130.949846 | r:  -405.000000 | e:   0.100000 | Q:  93.537331 | won: False 
#  325 | steps: 18290 | steps_t: 41924 | t: 131.218779 | r:  -420.000000 | e:   0.100000 | Q: 115.675781 | won: False 
#  326 | steps: 18419 | steps_t: 42052 | t: 132.296228 | r:   155.000000 | e:   0.100000 | Q: 113.335777 | won: True 
#  327 | steps: 18438 | steps_t: 42070 | t: 132.444354 | r:  -408.000000 | e:   0.100000 | Q: 115.330025 | won: False 
#  328 | steps: 18468 | steps_t: 42099 | t: 132.694073 | r:  -397.000000 | e:   0.100000 | Q: 124.938606 | won: False 
#  329 | steps: 18559 | steps_t: 42189 | t: 133.453350 | r:  -407.000000 | e:   0.100000 | Q: 135.982651 | won: False 
#  330 | steps: 18596 | steps_t: 42225 | t: 133.773363 | r:  -415.000000 | e:   0.100000 | Q: 118.013863 | won: False 
#  331 | steps: 18648 | steps_t: 42276 | t: 134.210497 | r:  -441.000000 | e:   0.100000 | Q: 176.214020 | won: False 
#  332 | steps: 18689 | steps_t: 42316 | t: 134.575289 | r:   294.000000 | e:   0.100000 | Q: 123.479973 | won: True 
#  333 | steps: 18753 | steps_t: 42379 | t: 135.128893 | r:   271.000000 | e:   0.100000 | Q: 133.561737 | won: True 
#  334 | steps: 18822 | steps_t: 42447 | t: 135.710430 | r:  -458.000000 | e:   0.100000 | Q: 161.678192 | won: False 
#  335 | steps: 18831 | steps_t: 42455 | t: 135.777245 | r:  -486.000000 | e:   0.100000 | Q: 112.584610 | won: False 
#  336 | steps: 18951 | steps_t: 42574 | t: 136.836749 | r:  -487.000000 | e:   0.100000 | Q: 164.438110 | won: False 
#  337 | steps: 19020 | steps_t: 42642 | t: 137.383271 | r:   215.000000 | e:   0.100000 | Q: 117.899330 | won: True 
#  338 | steps: 19065 | steps_t: 42686 | t: 137.741568 | r:  -500.000000 | e:   0.100000 | Q: 147.913895 | won: False 
#  339 | steps: 19112 | steps_t: 42732 | t: 138.223066 | r:  -502.000000 | e:   0.100000 | Q: 124.220345 | won: False 
#  340 | steps: 19170 | steps_t: 42789 | t: 138.818248 | r:  -502.000000 | e:   0.100000 | Q: 134.290329 | won: False 
#  341 | steps: 19183 | steps_t: 42801 | t: 138.926677 | r:  -479.000000 | e:   0.100000 | Q: 117.493759 | won: False 
#  342 | steps: 19280 | steps_t: 42897 | t: 139.758184 | r:  -530.000000 | e:   0.100000 | Q: 111.634308 | won: False 
#  343 | steps: 19376 | steps_t: 42992 | t: 140.658828 | r:   188.000000 | e:   0.100000 | Q: 120.987465 | won: True 
#  344 | steps: 19392 | steps_t: 43007 | t: 140.842362 | r:  -504.000000 | e:   0.100000 | Q: 102.007027 | won: False 
#  345 | steps: 19564 | steps_t: 43178 | t: 142.275837 | r:   163.000000 | e:   0.100000 | Q: 123.050117 | won: True 
#  346 | steps: 19619 | steps_t: 43232 | t: 142.768879 | r:   280.000000 | e:   0.100000 | Q: 130.680313 | won: True 
#  347 | steps: 19806 | steps_t: 43418 | t: 144.337104 | r:  -587.000000 | e:   0.100000 | Q: 137.760727 | won: False 
#  348 | steps: 19901 | steps_t: 43512 | t: 145.149805 | r:  -550.000000 | e:   0.100000 | Q: 150.623901 | won: False 
#  349 | steps: 19983 | steps_t: 43593 | t: 145.811992 | r:  -449.000000 | e:   0.100000 | Q:  93.272560 | won: False 
