#    1 | steps:    10 | steps_t: 14305 | t: 0.023432 | r:  -498.000000 | e:   0.100000 | Q: -37.565838 | won: False 
#    2 | steps:    33 | steps_t: 14305 | t: 0.045318 | r:  -489.000000 | e:   0.100000 | Q: -24.367826 | won: False 
#    3 | steps:    55 | steps_t: 14305 | t: 0.065345 | r:  -422.000000 | e:   0.100000 | Q: -28.486099 | won: False 
#    4 | steps:    77 | steps_t: 14305 | t: 0.085848 | r:  -477.000000 | e:   0.100000 | Q: -28.486099 | won: False 
#    5 | steps:   105 | steps_t: 14305 | t: 0.115357 | r:  -439.000000 | e:   0.100000 | Q: -28.486099 | won: False 
#    6 | steps:   115 | steps_t: 14305 | t: 0.124779 | r:  -498.000000 | e:   0.100000 | Q: -37.565838 | won: False 
#    7 | steps:   143 | steps_t: 14305 | t: 0.152426 | r:  -439.000000 | e:   0.100000 | Q: -28.486099 | won: False 
#    8 | steps:   153 | steps_t: 14305 | t: 0.161291 | r:  -498.000000 | e:   0.100000 | Q: -55.059731 | won: False 
#    9 | steps:   176 | steps_t: 14305 | t: 0.184514 | r:  -434.000000 | e:   0.100000 | Q: -28.486099 | won: False 
#   10 | steps:   186 | steps_t: 14305 | t: 0.196056 | r:  -498.000000 | e:   0.100000 | Q: -37.565838 | won: False 
#   11 | steps:   209 | steps_t: 14305 | t: 0.231603 | r:  -434.000000 | e:   0.100000 | Q: -28.486099 | won: False 
#   12 | steps:   219 | steps_t: 14305 | t: 0.240730 | r:  -498.000000 | e:   0.100000 | Q: -37.565838 | won: False 
#   13 | steps:   242 | steps_t: 14305 | t: 0.259893 | r:  -434.000000 | e:   0.100000 | Q: -31.427525 | won: False 
#   14 | steps:   257 | steps_t: 14305 | t: 0.273281 | r:  -459.000000 | e:   0.100000 | Q: -37.565838 | won: False 
#   15 | steps:   267 | steps_t: 14305 | t: 0.281126 | r:  -498.000000 | e:   0.100000 | Q: -37.565838 | won: False 
#   16 | steps:   290 | steps_t: 14305 | t: 0.303927 | r:  -489.000000 | e:   0.100000 | Q: -19.162382 | won: False 
#   17 | steps:   312 | steps_t: 14305 | t: 0.322704 | r:  -499.000000 | e:   0.100000 | Q: -28.486099 | won: False 
#   18 | steps:   335 | steps_t: 14305 | t: 0.344507 | r:  -489.000000 | e:   0.100000 | Q: -19.162382 | won: False 
#   19 | steps:   358 | steps_t: 14305 | t: 0.365643 | r:  -434.000000 | e:   0.100000 | Q: -28.486099 | won: False 
#   20 | steps:   386 | steps_t: 14305 | t: 0.391810 | r:  -428.000000 | e:   0.100000 | Q: -28.486099 | won: False 
#   21 | steps:   427 | steps_t: 14305 | t: 0.432806 | r:  -441.000000 | e:   0.100000 | Q: -28.486099 | won: False 
#   22 | steps:   460 | steps_t: 14305 | t: 0.461808 | r:  -444.000000 | e:   0.100000 | Q: -37.735489 | won: False 
#   23 | steps:   470 | steps_t: 14305 | t: 0.470395 | r:  -498.000000 | e:   0.100000 | Q: -37.565838 | won: False 
#   24 | steps:   493 | steps_t: 14305 | t: 0.492717 | r:  -489.000000 | e:   0.100000 | Q: -19.162382 | won: False 
#   25 | steps:   542 | steps_t: 14305 | t: 0.533962 | r:  -460.000000 | e:   0.100000 | Q: -26.185051 | won: False 
#   26 | steps:   565 | steps_t: 14305 | t: 0.562262 | r:  -434.000000 | e:   0.100000 | Q: -28.486099 | won: False 
#   27 | steps:   575 | steps_t: 14305 | t: 0.570878 | r:  -498.000000 | e:   0.100000 | Q: -37.565838 | won: False 
#   28 | steps:   603 | steps_t: 14305 | t: 0.599151 | r:  -439.000000 | e:   0.100000 | Q: -31.427525 | won: False 
#   29 | steps:   613 | steps_t: 14305 | t: 0.608037 | r:  -498.000000 | e:   0.100000 | Q: -37.565838 | won: False 
#   30 | steps:   641 | steps_t: 14305 | t: 0.636510 | r:  -439.000000 | e:   0.100000 | Q: -28.486099 | won: False 
#   31 | steps:   669 | steps_t: 14305 | t: 0.660814 | r:  -439.000000 | e:   0.100000 | Q: -28.486099 | won: False 
#   32 | steps:   692 | steps_t: 14305 | t: 0.687556 | r:  -434.000000 | e:   0.100000 | Q: -28.486099 | won: False 
#   33 | steps:   714 | steps_t: 14305 | t: 0.705912 | r:  -477.000000 | e:   0.100000 | Q: -28.486099 | won: False 
#   34 | steps:   737 | steps_t: 14305 | t: 0.728524 | r:  -489.000000 | e:   0.100000 | Q: -19.162382 | won: False 
#   35 | steps:   777 | steps_t: 14305 | t: 0.765136 | r:  -440.000000 | e:   0.100000 | Q: -28.486099 | won: False 
#   36 | steps:   800 | steps_t: 14305 | t: 0.787408 | r:  -423.000000 | e:   0.100000 | Q: -28.486099 | won: False 
#   37 | steps:   810 | steps_t: 14305 | t: 0.801095 | r:  -498.000000 | e:   0.100000 | Q: -37.565838 | won: False 
#   38 | steps:   833 | steps_t: 14305 | t: 0.826146 | r:  -489.000000 | e:   0.100000 | Q: -24.367826 | won: False 
#   39 | steps:   873 | steps_t: 14305 | t: 0.861928 | r:  -440.000000 | e:   0.100000 | Q: -28.486099 | won: False 
#   40 | steps:   896 | steps_t: 14305 | t: 0.882742 | r:  -489.000000 | e:   0.100000 | Q: -24.367826 | won: False 
#   41 | steps:   913 | steps_t: 14305 | t: 0.900706 | r:  -494.000000 | e:   0.100000 | Q: -28.486099 | won: False 
#   42 | steps:   934 | steps_t: 14305 | t: 0.921226 | r:  -432.000000 | e:   0.100000 | Q: -28.486099 | won: False 
#   43 | steps:   962 | steps_t: 14305 | t: 0.951382 | r:  -428.000000 | e:   0.100000 | Q: -35.846046 | won: False 
#   44 | steps:   989 | steps_t: 14305 | t: 0.975309 | r:  -460.000000 | e:   0.100000 | Q: -37.565838 | won: False 
#   45 | steps:  1033 | steps_t: 14305 | t: 1.014259 | r:  -455.000000 | e:   0.100000 | Q: -12.878394 | won: False 
#   46 | steps:  1043 | steps_t: 14305 | t: 1.021265 | r:  -498.000000 | e:   0.100000 | Q: -37.565838 | won: False 
#   47 | steps:  1071 | steps_t: 14305 | t: 1.048663 | r:  -439.000000 | e:   0.100000 | Q: -28.486099 | won: False 
#   48 | steps:  1107 | steps_t: 14305 | t: 1.085233 | r:  -436.000000 | e:   0.100000 | Q: -28.486099 | won: False 
#   49 | steps:  1117 | steps_t: 14305 | t: 1.094053 | r:  -498.000000 | e:   0.100000 | Q: -37.565838 | won: False 
#   50 | steps:  1134 | steps_t: 14305 | t: 1.108520 | r:  -472.000000 | e:   0.100000 | Q: -28.486099 | won: False 
#   51 | steps:  1153 | steps_t: 14305 | t: 1.124680 | r:  -452.000000 | e:   0.100000 | Q: -31.427525 | won: False 
#   52 | steps:  1194 | steps_t: 14305 | t: 1.159108 | r:  -441.000000 | e:   0.100000 | Q: -28.486099 | won: False 
#   53 | steps:  1235 | steps_t: 14305 | t: 1.202130 | r:  -441.000000 | e:   0.100000 | Q: -28.486099 | won: False 
#   54 | steps:  1245 | steps_t: 14305 | t: 1.210292 | r:  -498.000000 | e:   0.100000 | Q: -37.565838 | won: False 
#   55 | steps:  1302 | steps_t: 14305 | t: 1.259219 | r:  -457.000000 | e:   0.100000 | Q: -28.486099 | won: False 
#   56 | steps:  1349 | steps_t: 14305 | t: 1.308283 | r:  -491.000000 | e:   0.100000 | Q: -37.565838 | won: False 
#   57 | steps:  1359 | steps_t: 14305 | t: 1.326685 | r:  -498.000000 | e:   0.100000 | Q: -37.565838 | won: False 
#   58 | steps:  1424 | steps_t: 14305 | t: 1.393074 | r:  -465.000000 | e:   0.100000 | Q: -28.486099 | won: False 
#   59 | steps:  1447 | steps_t: 14305 | t: 1.419839 | r:  -434.000000 | e:   0.100000 | Q: -31.427525 | won: False 
#   60 | steps:  1457 | steps_t: 14305 | t: 1.432788 | r:  -498.000000 | e:   0.100000 | Q: -37.565838 | won: False 
#   61 | steps:  1503 | steps_t: 14305 | t: 1.480919 | r:  -446.000000 | e:   0.100000 | Q: -28.486099 | won: False 
#   62 | steps:  1513 | steps_t: 14305 | t: 1.491423 | r:  -498.000000 | e:   0.100000 | Q: -37.565838 | won: False 
#   63 | steps:  1530 | steps_t: 14305 | t: 1.517055 | r:  -494.000000 | e:   0.100000 | Q: -28.486099 | won: False 
#   64 | steps:  1547 | steps_t: 14305 | t: 1.544392 | r:  -494.000000 | e:   0.100000 | Q: -28.486099 | won: False 
#   65 | steps:  1566 | steps_t: 14305 | t: 1.582654 | r:  -507.000000 | e:   0.100000 | Q: -28.486099 | won: False 
#   66 | steps:  1576 | steps_t: 14305 | t: 1.597945 | r:  -498.000000 | e:   0.100000 | Q: -37.565838 | won: False 
#   67 | steps:  1628 | steps_t: 14305 | t: 1.655832 | r:  -452.000000 | e:   0.100000 | Q: -19.162382 | won: False 
#   68 | steps:  1656 | steps_t: 14305 | t: 1.678918 | r:  -439.000000 | e:   0.100000 | Q: -28.486099 | won: False 
#   69 | steps:  1679 | steps_t: 14305 | t: 1.711612 | r:  -489.000000 | e:   0.100000 | Q: -24.367826 | won: False 
#   70 | steps:  1702 | steps_t: 14305 | t: 1.731277 | r:  -434.000000 | e:   0.100000 | Q: -28.486099 | won: False 
#   71 | steps:  1754 | steps_t: 14305 | t: 1.775377 | r:  -452.000000 | e:   0.100000 | Q: -31.427525 | won: False 
#   72 | steps:  1764 | steps_t: 14305 | t: 1.785982 | r:  -498.000000 | e:   0.100000 | Q: -37.565838 | won: False 
#   73 | steps:  1797 | steps_t: 14305 | t: 1.825711 | r:  -444.000000 | e:   0.100000 | Q: -28.486099 | won: False 
#   74 | steps:  1807 | steps_t: 14305 | t: 1.835983 | r:  -498.000000 | e:   0.100000 | Q: -37.565838 | won: False 
#   75 | steps:  1830 | steps_t: 14305 | t: 1.857898 | r:  -489.000000 | e:   0.100000 | Q: -24.367826 | won: False 
#   76 | steps:  1849 | steps_t: 14305 | t: 1.875926 | r:  -507.000000 | e:   0.100000 | Q: -19.162382 | won: False 
#   77 | steps:  1859 | steps_t: 14305 | t: 1.886391 | r:  -498.000000 | e:   0.100000 | Q: -37.565838 | won: False 
#   78 | steps:  1882 | steps_t: 14305 | t: 1.908645 | r:  -434.000000 | e:   0.100000 | Q: -28.486099 | won: False 
#   79 | steps:  1892 | steps_t: 14305 | t: 1.917295 | r:  -498.000000 | e:   0.100000 | Q: -37.565838 | won: False 
#   80 | steps:  1926 | steps_t: 14305 | t: 1.956993 | r:  -434.000000 | e:   0.100000 | Q: -28.486099 | won: False 
#   81 | steps:  1974 | steps_t: 14305 | t: 1.998589 | r:  -481.000000 | e:   0.100000 | Q: -37.565838 | won: False 
#   82 | steps:  2002 | steps_t: 14305 | t: 2.024319 | r:  -439.000000 | e:   0.100000 | Q: -28.486099 | won: False 
#   83 | steps:  2030 | steps_t: 14305 | t: 2.049337 | r:  -439.000000 | e:   0.100000 | Q: -28.486099 | won: False 
#   84 | steps:  2040 | steps_t: 14305 | t: 2.067826 | r:  -498.000000 | e:   0.100000 | Q: -37.565838 | won: False 
#   85 | steps:  2057 | steps_t: 14305 | t: 2.080970 | r:  -472.000000 | e:   0.100000 | Q: -28.486099 | won: False 
#   86 | steps:  2080 | steps_t: 14305 | t: 2.104787 | r:  -434.000000 | e:   0.100000 | Q: -28.486099 | won: False 
#   87 | steps:  2102 | steps_t: 14305 | t: 2.123343 | r:  -477.000000 | e:   0.100000 | Q: -28.486099 | won: False 
#   88 | steps:  2125 | steps_t: 14305 | t: 2.143518 | r:  -489.000000 | e:   0.100000 | Q: -28.486099 | won: False 
#   89 | steps:  2148 | steps_t: 14305 | t: 2.165053 | r:  -489.000000 | e:   0.100000 | Q: -24.367826 | won: False 
#   90 | steps:  2192 | steps_t: 14305 | t: 2.207223 | r:  -444.000000 | e:   0.100000 | Q: -19.162382 | won: False 
#   91 | steps:  2202 | steps_t: 14305 | t: 2.216119 | r:  -498.000000 | e:   0.100000 | Q: -37.565838 | won: False 
#   92 | steps:  2225 | steps_t: 14305 | t: 2.237921 | r:  -434.000000 | e:   0.100000 | Q: -28.486099 | won: False 
#   93 | steps:  2256 | steps_t: 14305 | t: 2.265125 | r:  -475.000000 | e:   0.100000 | Q: -37.565838 | won: False 
#   94 | steps:  2266 | steps_t: 14305 | t: 2.273578 | r:  -498.000000 | e:   0.100000 | Q: -37.565838 | won: False 
#   95 | steps:  2292 | steps_t: 14305 | t: 2.296811 | r:  -437.000000 | e:   0.100000 | Q: -28.486099 | won: False 
#   96 | steps:  2302 | steps_t: 14305 | t: 2.308005 | r:  -498.000000 | e:   0.100000 | Q: -37.565838 | won: False 
#   97 | steps:  2325 | steps_t: 14305 | t: 2.331554 | r:  -423.000000 | e:   0.100000 | Q: -28.486099 | won: False 
#   98 | steps:  2348 | steps_t: 14305 | t: 2.352132 | r:  -489.000000 | e:   0.100000 | Q: -26.904306 | won: False 
#   99 | steps:  2371 | steps_t: 14305 | t: 2.373784 | r:  -434.000000 | e:   0.100000 | Q: -28.486099 | won: False 
#  100 | steps:  2388 | steps_t: 14305 | t: 2.386879 | r:  -494.000000 | e:   0.100000 | Q: -38.634823 | won: False 
#  101 | steps:  2411 | steps_t: 14305 | t: 2.410049 | r:  -489.000000 | e:   0.100000 | Q: -19.162382 | won: False 
#  102 | steps:  2439 | steps_t: 14305 | t: 2.440162 | r:  -439.000000 | e:   0.100000 | Q: -28.486099 | won: False 
#  103 | steps:  2449 | steps_t: 14305 | t: 2.450534 | r:  -498.000000 | e:   0.100000 | Q: -37.565838 | won: False 
#  104 | steps:  2477 | steps_t: 14305 | t: 2.476309 | r:  -439.000000 | e:   0.100000 | Q: -28.486099 | won: False 
#  105 | steps:  2488 | steps_t: 14305 | t: 2.483678 | r:  -499.000000 | e:   0.100000 | Q: -28.486099 | won: False 
#  106 | steps:  2498 | steps_t: 14305 | t: 2.493868 | r:  -498.000000 | e:   0.100000 | Q: -37.565838 | won: False 
#  107 | steps:  2520 | steps_t: 14305 | t: 2.512916 | r:  -444.000000 | e:   0.100000 | Q: -31.427525 | won: False 
#  108 | steps:  2530 | steps_t: 14305 | t: 2.522146 | r:  -498.000000 | e:   0.100000 | Q: -37.565838 | won: False 
#  109 | steps:  2553 | steps_t: 14305 | t: 2.542895 | r:  -489.000000 | e:   0.100000 | Q: -19.162382 | won: False 
#  110 | steps:  2576 | steps_t: 14305 | t: 2.568308 | r:  -489.000000 | e:   0.100000 | Q: -19.162382 | won: False 
#  111 | steps:  2621 | steps_t: 14305 | t: 2.606050 | r:  -445.000000 | e:   0.100000 | Q: -28.486099 | won: False 
#  112 | steps:  2654 | steps_t: 14305 | t: 2.635784 | r:  -444.000000 | e:   0.100000 | Q: -28.486099 | won: False 
#  113 | steps:  2664 | steps_t: 14305 | t: 2.645179 | r:  -498.000000 | e:   0.100000 | Q: -41.328205 | won: False 
#  114 | steps:  2687 | steps_t: 14305 | t: 2.669143 | r:  -489.000000 | e:   0.100000 | Q: -19.162382 | won: False 
#  115 | steps:  2843 | steps_t: 14305 | t: 2.804507 | r:  -556.000000 | e:   0.100000 | Q: -27.731377 | won: False 
#  116 | steps:  2853 | steps_t: 14305 | t: 2.811976 | r:  -498.000000 | e:   0.100000 | Q: -37.565838 | won: False 
#  117 | steps:  2876 | steps_t: 14305 | t: 2.833893 | r:  -489.000000 | e:   0.100000 | Q: -19.162382 | won: False 
#  118 | steps:  2899 | steps_t: 14305 | t: 2.856132 | r:  -434.000000 | e:   0.100000 | Q: -31.427525 | won: False 
#  119 | steps:  2909 | steps_t: 14305 | t: 2.865018 | r:  -498.000000 | e:   0.100000 | Q: -37.565838 | won: False 
#  120 | steps:  2932 | steps_t: 14305 | t: 2.886986 | r:  -434.000000 | e:   0.100000 | Q: -28.486099 | won: False 
#  121 | steps:  2953 | steps_t: 14305 | t: 2.905075 | r:  -432.000000 | e:   0.100000 | Q: -28.486099 | won: False 
#  122 | steps:  2963 | steps_t: 14305 | t: 2.916306 | r:  -498.000000 | e:   0.100000 | Q: -37.565838 | won: False 
#  123 | steps:  3003 | steps_t: 14305 | t: 2.951225 | r:  -440.000000 | e:   0.100000 | Q: -28.486099 | won: False 
#  124 | steps:  3022 | steps_t: 14305 | t: 2.965344 | r:  -452.000000 | e:   0.100000 | Q: -40.117142 | won: False 
#  125 | steps:  3050 | steps_t: 14305 | t: 2.991170 | r:  -439.000000 | e:   0.100000 | Q: -28.486099 | won: False 
#  126 | steps:  3073 | steps_t: 14305 | t: 3.013293 | r:  -434.000000 | e:   0.100000 | Q: -38.634823 | won: False 
#  127 | steps:  3096 | steps_t: 14305 | t: 3.036642 | r:  -489.000000 | e:   0.100000 | Q: -19.162382 | won: False 
#  128 | steps:  3132 | steps_t: 14305 | t: 3.069479 | r:  -436.000000 | e:   0.100000 | Q: -28.486099 | won: False 
#  129 | steps:  3142 | steps_t: 14305 | t: 3.078041 | r:  -498.000000 | e:   0.100000 | Q: -37.565838 | won: False 
#  130 | steps:  3170 | steps_t: 14305 | t: 3.103527 | r:  -428.000000 | e:   0.100000 | Q: -31.427525 | won: False 
#  131 | steps:  3206 | steps_t: 14305 | t: 3.136594 | r:  -436.000000 | e:   0.100000 | Q: -32.965961 | won: False 
#  132 | steps:  3229 | steps_t: 14305 | t: 3.159245 | r:  -434.000000 | e:   0.100000 | Q: -28.486099 | won: False 
#  133 | steps:  3239 | steps_t: 14305 | t: 3.166474 | r:  -498.000000 | e:   0.100000 | Q: -49.491444 | won: False 
#  134 | steps:  3272 | steps_t: 14305 | t: 3.197719 | r:  -444.000000 | e:   0.100000 | Q: -28.486099 | won: False 
#  135 | steps:  3282 | steps_t: 14305 | t: 3.205867 | r:  -498.000000 | e:   0.100000 | Q: -37.565838 | won: False 
#  136 | steps:  3311 | steps_t: 14305 | t: 3.232032 | r:  -418.000000 | e:   0.100000 | Q: -28.486099 | won: False 
#  137 | steps:  3321 | steps_t: 14305 | t: 3.239155 | r:  -498.000000 | e:   0.100000 | Q: -41.328205 | won: False 
#  138 | steps:  3344 | steps_t: 14305 | t: 3.261556 | r:  -489.000000 | e:   0.100000 | Q: -19.162382 | won: False 
#  139 | steps:  3364 | steps_t: 14305 | t: 3.277390 | r:  -453.000000 | e:   0.100000 | Q: -28.486099 | won: False 
#  140 | steps:  3387 | steps_t: 14305 | t: 3.302088 | r:  -434.000000 | e:   0.100000 | Q: -28.486099 | won: False 
#  141 | steps:  3415 | steps_t: 14305 | t: 3.334342 | r:  -439.000000 | e:   0.100000 | Q: -28.486099 | won: False 
#  142 | steps:  3438 | steps_t: 14305 | t: 3.356892 | r:  -434.000000 | e:   0.100000 | Q: -28.486099 | won: False 
#  143 | steps:  3448 | steps_t: 14305 | t: 3.367961 | r:  -498.000000 | e:   0.100000 | Q: -41.328205 | won: False 
#  144 | steps:  3476 | steps_t: 14305 | t: 3.392862 | r:  -439.000000 | e:   0.100000 | Q: -28.486099 | won: False 
#  145 | steps:  3486 | steps_t: 14305 | t: 3.405084 | r:  -498.000000 | e:   0.100000 | Q: -37.565838 | won: False 
#  146 | steps:  3509 | steps_t: 14305 | t: 3.427535 | r:  -434.000000 | e:   0.100000 | Q: -28.486099 | won: False 
#  147 | steps:  3554 | steps_t: 14305 | t: 3.472186 | r:  -445.000000 | e:   0.100000 | Q: -28.486099 | won: False 
#  148 | steps:  3577 | steps_t: 14305 | t: 3.494688 | r:  -489.000000 | e:   0.100000 | Q: -19.162382 | won: False 
#  149 | steps:  3605 | steps_t: 14305 | t: 3.521805 | r:  -439.000000 | e:   0.100000 | Q: -28.486099 | won: False 
#  150 | steps:  3615 | steps_t: 14305 | t: 3.532830 | r:  -498.000000 | e:   0.100000 | Q: -37.565838 | won: False 
#  151 | steps:  3659 | steps_t: 14305 | t: 3.579244 | r:  -455.000000 | e:   0.100000 | Q: -12.878394 | won: False 
#  152 | steps:  3669 | steps_t: 14305 | t: 3.587784 | r:  -498.000000 | e:   0.100000 | Q: -37.565838 | won: False 
#  153 | steps:  3705 | steps_t: 14305 | t: 3.621184 | r:  -436.000000 | e:   0.100000 | Q: -28.486099 | won: False 
#  154 | steps:  3728 | steps_t: 14305 | t: 3.640732 | r:  -423.000000 | e:   0.100000 | Q: -28.486099 | won: False 
#  155 | steps:  3738 | steps_t: 14305 | t: 3.651208 | r:  -498.000000 | e:   0.100000 | Q: -37.565838 | won: False 
#  156 | steps:  3774 | steps_t: 14305 | t: 3.682972 | r:  -436.000000 | e:   0.100000 | Q: -28.486099 | won: False 
#  157 | steps:  3784 | steps_t: 14305 | t: 3.693548 | r:  -498.000000 | e:   0.100000 | Q: -37.565838 | won: False 
#  158 | steps:  3807 | steps_t: 14305 | t: 3.719218 | r:  -489.000000 | e:   0.100000 | Q: -19.162382 | won: False 
#  159 | steps:  3835 | steps_t: 14305 | t: 3.743898 | r:  -428.000000 | e:   0.100000 | Q: -28.486099 | won: False 
#  160 | steps:  3863 | steps_t: 14305 | t: 3.769576 | r:  -439.000000 | e:   0.100000 | Q: -28.486099 | won: False 
#  161 | steps:  3880 | steps_t: 14305 | t: 3.782574 | r:  -439.000000 | e:   0.100000 | Q: -37.565838 | won: False 
#  162 | steps:  3890 | steps_t: 14305 | t: 3.792240 | r:  -498.000000 | e:   0.100000 | Q: -41.328205 | won: False 
#  163 | steps:  3918 | steps_t: 14305 | t: 3.819918 | r:  -439.000000 | e:   0.100000 | Q: -28.486099 | won: False 
#  164 | steps:  3928 | steps_t: 14305 | t: 3.830017 | r:  -498.000000 | e:   0.100000 | Q: -37.565838 | won: False 
#  165 | steps:  3951 | steps_t: 14305 | t: 3.855042 | r:  -434.000000 | e:   0.100000 | Q: -28.486099 | won: False 
#  166 | steps:  3974 | steps_t: 14305 | t: 3.877102 | r:  -434.000000 | e:   0.100000 | Q: -28.486099 | won: False 
#  167 | steps:  3984 | steps_t: 14305 | t: 3.884318 | r:  -498.000000 | e:   0.100000 | Q: -37.565838 | won: False 
#  168 | steps:  4007 | steps_t: 14305 | t: 3.906970 | r:  -489.000000 | e:   0.100000 | Q: -19.162382 | won: False 
#  169 | steps:  4030 | steps_t: 14305 | t: 3.925501 | r:  -489.000000 | e:   0.100000 | Q: -28.486099 | won: False 
#  170 | steps:  4054 | steps_t: 14305 | t: 3.952222 | r:  -424.000000 | e:   0.100000 | Q: -28.486099 | won: False 
#  171 | steps:  4064 | steps_t: 14305 | t: 3.960855 | r:  -498.000000 | e:   0.100000 | Q: -37.565838 | won: False 
#  172 | steps:  4100 | steps_t: 14305 | t: 3.993050 | r:  -436.000000 | e:   0.100000 | Q: -28.486099 | won: False 
#  173 | steps:  4110 | steps_t: 14305 | t: 4.002305 | r:  -498.000000 | e:   0.100000 | Q: -37.565838 | won: False 
#  174 | steps:  4138 | steps_t: 14305 | t: 4.027073 | r:  -439.000000 | e:   0.100000 | Q: -40.117142 | won: False 
#  175 | steps:  4161 | steps_t: 14305 | t: 4.050915 | r:  -489.000000 | e:   0.100000 | Q: -19.162382 | won: False 
#  176 | steps:  4184 | steps_t: 14305 | t: 4.077240 | r:  -489.000000 | e:   0.100000 | Q: -19.162382 | won: False 
#  177 | steps:  4207 | steps_t: 14305 | t: 4.096568 | r:  -489.000000 | e:   0.100000 | Q: -24.367826 | won: False 
#  178 | steps:  4240 | steps_t: 14305 | t: 4.127413 | r:  -444.000000 | e:   0.100000 | Q: -28.486099 | won: False 
#  179 | steps:  4263 | steps_t: 14305 | t: 4.148784 | r:  -489.000000 | e:   0.100000 | Q: -19.162382 | won: False 
#  180 | steps:  4286 | steps_t: 14305 | t: 4.168990 | r:  -423.000000 | e:   0.100000 | Q: -28.486099 | won: False 
#  181 | steps:  4325 | steps_t: 14305 | t: 4.205722 | r:  -439.000000 | e:   0.100000 | Q: -32.965961 | won: False 
#  182 | steps:  4345 | steps_t: 14305 | t: 4.221960 | r:  -508.000000 | e:   0.100000 | Q: -24.367826 | won: False 
#  183 | steps:  4355 | steps_t: 14305 | t: 4.230348 | r:  -498.000000 | e:   0.100000 | Q: -37.565838 | won: False 
#  184 | steps:  4383 | steps_t: 14305 | t: 4.256233 | r:  -439.000000 | e:   0.100000 | Q: -28.486099 | won: False 
#  185 | steps:  4392 | steps_t: 14305 | t: 4.261819 | r:  -497.000000 | e:   0.100000 | Q: -41.328205 | won: False 
#  186 | steps:  4409 | steps_t: 14305 | t: 4.275761 | r:  -483.000000 | e:   0.100000 | Q: -28.486099 | won: False 
#  187 | steps:  4432 | steps_t: 14305 | t: 4.294865 | r:  -489.000000 | e:   0.100000 | Q: -19.162382 | won: False 
#  188 | steps:  4455 | steps_t: 14305 | t: 4.316168 | r:  -434.000000 | e:   0.100000 | Q: -28.486099 | won: False 
#  189 | steps:  4483 | steps_t: 14305 | t: 4.347699 | r:  -439.000000 | e:   0.100000 | Q: -28.486099 | won: False 
#  190 | steps:  4506 | steps_t: 14305 | t: 4.369621 | r:  -434.000000 | e:   0.100000 | Q: -28.486099 | won: False 
#  191 | steps:  4523 | steps_t: 14305 | t: 4.385686 | r:  -483.000000 | e:   0.100000 | Q: -28.486099 | won: False 
#  192 | steps:  4551 | steps_t: 14305 | t: 4.414029 | r:  -439.000000 | e:   0.100000 | Q: -28.486099 | won: False 
#  193 | steps:  4566 | steps_t: 14305 | t: 4.425908 | r:  -459.000000 | e:   0.100000 | Q: -55.059731 | won: False 
#  194 | steps:  4796 | steps_t: 14305 | t: 4.613900 | r:  -663.000000 | e:   0.100000 | Q: -37.565838 | won: False 
#  195 | steps:  4806 | steps_t: 14305 | t: 4.622572 | r:  -498.000000 | e:   0.100000 | Q: -37.565838 | won: False 
#  196 | steps:  4829 | steps_t: 14305 | t: 4.642303 | r:  -489.000000 | e:   0.100000 | Q: -19.162382 | won: False 
#  197 | steps:  4852 | steps_t: 14305 | t: 4.665332 | r:  -434.000000 | e:   0.100000 | Q: -28.486099 | won: False 
#  198 | steps:  4888 | steps_t: 14305 | t: 4.696223 | r:  -436.000000 | e:   0.100000 | Q: -27.731377 | won: False 
#  199 | steps:  4898 | steps_t: 14305 | t: 4.707082 | r:  -498.000000 | e:   0.100000 | Q: -37.565838 | won: False 
#  200 | steps:  4943 | steps_t: 14305 | t: 4.748214 | r:  -445.000000 | e:   0.100000 | Q: -28.486099 | won: False 
#  201 | steps:  4966 | steps_t: 14305 | t: 4.766091 | r:  -489.000000 | e:   0.100000 | Q: -24.367826 | won: False 
#  202 | steps:  5007 | steps_t: 14311 | t: 4.920165 | r:  -441.000000 | e:   0.100000 | Q: -31.427525 | won: False 
#  203 | steps:  5017 | steps_t: 14320 | t: 4.993204 | r:  -509.000000 | e:   0.100000 | Q: -42.561111 | won: False 
#  204 | steps:  5028 | steps_t: 14330 | t: 5.075304 | r:  -488.000000 | e:   0.100000 | Q: -50.212730 | won: False 
#  205 | steps:  5052 | steps_t: 14353 | t: 5.262020 | r:  -490.000000 | e:   0.100000 | Q: -63.637413 | won: False 
#  206 | steps:  5076 | steps_t: 14376 | t: 5.450424 | r:  -490.000000 | e:   0.100000 | Q: -63.227436 | won: False 
#  207 | steps:  5100 | steps_t: 14399 | t: 5.640002 | r:  -501.000000 | e:   0.100000 | Q: -89.897026 | won: False 
#  208 | steps:  5143 | steps_t: 14441 | t: 5.965916 | r:  -531.000000 | e:   0.100000 | Q: -84.325790 | won: False 
#  209 | steps:  5154 | steps_t: 14451 | t: 6.046551 | r:  -488.000000 | e:   0.100000 | Q: -105.968338 | won: False 
#  210 | steps:  5172 | steps_t: 14468 | t: 6.185018 | r:  -506.000000 | e:   0.100000 | Q: -101.601593 | won: False 
#  211 | steps:  5208 | steps_t: 14503 | t: 6.459755 | r:  -502.000000 | e:   0.100000 | Q: -83.692581 | won: False 
#  212 | steps:  5219 | steps_t: 14513 | t: 6.540443 | r:  -488.000000 | e:   0.100000 | Q: -107.919128 | won: False 
#  213 | steps:  5275 | steps_t: 14568 | t: 6.966894 | r:  -511.000000 | e:   0.100000 | Q: -75.232185 | won: False 
#  214 | steps:  5363 | steps_t: 14655 | t: 7.639316 | r:  -576.000000 | e:   0.100000 | Q: -66.711739 | won: False 
#  215 | steps:  5374 | steps_t: 14665 | t: 7.725589 | r:  -488.000000 | e:   0.100000 | Q: -101.164787 | won: False 
#  216 | steps:  5402 | steps_t: 14692 | t: 7.936296 | r:  -428.000000 | e:   0.100000 | Q: -77.126930 | won: False 
#  217 | steps:  5426 | steps_t: 14715 | t: 8.109940 | r:  -468.000000 | e:   0.100000 | Q: -60.106915 | won: False 
#  218 | steps:  5445 | steps_t: 14733 | t: 8.250713 | r:  -474.000000 | e:   0.100000 | Q: -75.901062 | won: False 
#  219 | steps:  5462 | steps_t: 14749 | t: 8.381604 | r:  -483.000000 | e:   0.100000 | Q: -88.513092 | won: False 
#  220 | steps:  5497 | steps_t: 14783 | t: 8.648354 | r:  -523.000000 | e:   0.100000 | Q: -75.557388 | won: False 
#  221 | steps:  5516 | steps_t: 14801 | t: 8.790621 | r:  -507.000000 | e:   0.100000 | Q: -83.461189 | won: False 
#  222 | steps:  5527 | steps_t: 14811 | t: 8.876003 | r:  -488.000000 | e:   0.100000 | Q: -104.269157 | won: False 
#  223 | steps:  5546 | steps_t: 14829 | t: 9.039569 | r:  -474.000000 | e:   0.100000 | Q: -84.495827 | won: False 
#  224 | steps:  5574 | steps_t: 14856 | t: 9.256095 | r:  -428.000000 | e:   0.100000 | Q: -85.767220 | won: False 
#  225 | steps:  5608 | steps_t: 14889 | t: 9.527997 | r:  -522.000000 | e:   0.100000 | Q: -81.518059 | won: False 
#  226 | steps:  5619 | steps_t: 14899 | t: 9.613161 | r:  -488.000000 | e:   0.100000 | Q: -113.322693 | won: False 
#  227 | steps:  5643 | steps_t: 14922 | t: 9.791494 | r:  -490.000000 | e:   0.100000 | Q: -73.242111 | won: False 
#  228 | steps:  5661 | steps_t: 14939 | t: 9.937458 | r:  -506.000000 | e:   0.100000 | Q: -77.882919 | won: False 
#  229 | steps:  5672 | steps_t: 14949 | t: 10.024475 | r:  -488.000000 | e:   0.100000 | Q: -96.899307 | won: False 
#  230 | steps:  5700 | steps_t: 14976 | t: 10.236700 | r:  -428.000000 | e:   0.100000 | Q: -77.017174 | won: False 
#  231 | steps:  5711 | steps_t: 14986 | t: 10.321037 | r:  -488.000000 | e:   0.100000 | Q: -90.844315 | won: False 
#  232 | steps:  5730 | steps_t: 15004 | t: 10.471440 | r:  -507.000000 | e:   0.100000 | Q: -75.339066 | won: False 
#  233 | steps:  5741 | steps_t: 15014 | t: 10.605219 | r:  -488.000000 | e:   0.100000 | Q: -89.156044 | won: False 
#  234 | steps:  5754 | steps_t: 15026 | t: 10.734997 | r:  -501.000000 | e:   0.100000 | Q: -78.306526 | won: False 
#  235 | steps:  5765 | steps_t: 15036 | t: 10.822248 | r:  -488.000000 | e:   0.100000 | Q: -94.594444 | won: False 
#  236 | steps:  5797 | steps_t: 15067 | t: 11.073279 | r:  -509.000000 | e:   0.100000 | Q: -66.526566 | won: False 
#  237 | steps:  5820 | steps_t: 15089 | t: 11.251341 | r:  -478.000000 | e:   0.100000 | Q: -72.466644 | won: False 
#  238 | steps:  5855 | steps_t: 15123 | t: 11.732557 | r:  -512.000000 | e:   0.100000 | Q: -75.820709 | won: False 
#  239 | steps:  5910 | steps_t: 15177 | t: 12.198333 | r:  -543.000000 | e:   0.100000 | Q: -62.877701 | won: False 
#  240 | steps:  5921 | steps_t: 15187 | t: 12.279671 | r:  -488.000000 | e:   0.100000 | Q: -96.988243 | won: False 
#  241 | steps:  5988 | steps_t: 15253 | t: 12.840715 | r:  -555.000000 | e:   0.100000 | Q: -56.757675 | won: False 
#  242 | steps:  6016 | steps_t: 15280 | t: 13.062225 | r:  -428.000000 | e:   0.100000 | Q: -71.559303 | won: False 
#  243 | steps:  6030 | steps_t: 15293 | t: 13.171026 | r:  -502.000000 | e:   0.100000 | Q: -67.258278 | won: False 
#  244 | steps:  6057 | steps_t: 15319 | t: 13.387473 | r:  -427.000000 | e:   0.100000 | Q: -74.419312 | won: False 
#  245 | steps:  6068 | steps_t: 15329 | t: 13.472817 | r:  -477.000000 | e:   0.100000 | Q: -91.372520 | won: False 
#  246 | steps:  6091 | steps_t: 15351 | t: 13.659844 | r:  -489.000000 | e:   0.100000 | Q: -66.974327 | won: False 
#  247 | steps:  6110 | steps_t: 15369 | t: 13.809439 | r:  -507.000000 | e:   0.100000 | Q: -75.684677 | won: False 
#  248 | steps:  6150 | steps_t: 15408 | t: 14.135071 | r:  -495.000000 | e:   0.100000 | Q: -58.077198 | won: False 
#  249 | steps:  6190 | steps_t: 15447 | t: 14.446027 | r:  -528.000000 | e:   0.100000 | Q: -55.247623 | won: False 
#  250 | steps:  6208 | steps_t: 15464 | t: 14.587130 | r:  -484.000000 | e:   0.100000 | Q: -64.925117 | won: False 
#  251 | steps:  6227 | steps_t: 15482 | t: 14.732508 | r:  -507.000000 | e:   0.100000 | Q: -65.085304 | won: False 
#  252 | steps:  6250 | steps_t: 15504 | t: 14.911939 | r:  -489.000000 | e:   0.100000 | Q: -62.115654 | won: False 
#  253 | steps:  6269 | steps_t: 15522 | t: 15.073704 | r:  -507.000000 | e:   0.100000 | Q: -66.478523 | won: False 
#  254 | steps:  6283 | steps_t: 15535 | t: 15.183479 | r:  -502.000000 | e:   0.100000 | Q: -59.690430 | won: False 
#  255 | steps:  6297 | steps_t: 15548 | t: 15.296305 | r:  -502.000000 | e:   0.100000 | Q: -57.300880 | won: False 
#  256 | steps:  6307 | steps_t: 15557 | t: 15.373333 | r:  -498.000000 | e:   0.100000 | Q: -86.212090 | won: False 
#  257 | steps:  6347 | steps_t: 15596 | t: 15.678235 | r:  -484.000000 | e:   0.100000 | Q: -58.202694 | won: False 
#  258 | steps:  6366 | steps_t: 15614 | t: 15.823843 | r:  -507.000000 | e:   0.100000 | Q: -63.175831 | won: False 
#  259 | steps:  6393 | steps_t: 15640 | t: 16.040235 | r:  -493.000000 | e:   0.100000 | Q: -48.408085 | won: False 
#  260 | steps:  6412 | steps_t: 15658 | t: 16.188993 | r:  -507.000000 | e:   0.100000 | Q: -63.680347 | won: False 
#  261 | steps:  6431 | steps_t: 15676 | t: 16.338338 | r:  -507.000000 | e:   0.100000 | Q: -67.774773 | won: False 
#  262 | steps:  6443 | steps_t: 15687 | t: 16.431149 | r:  -478.000000 | e:   0.100000 | Q: -98.634262 | won: False 
#  263 | steps:  6454 | steps_t: 15697 | t: 16.515123 | r:  -477.000000 | e:   0.100000 | Q: -93.976669 | won: False 
#  264 | steps:  6468 | steps_t: 15710 | t: 16.618632 | r:  -502.000000 | e:   0.100000 | Q: -58.406452 | won: False 
#  265 | steps:  6503 | steps_t: 15744 | t: 16.906650 | r:  -512.000000 | e:   0.100000 | Q: -34.678925 | won: False 
#  266 | steps:  6517 | steps_t: 15757 | t: 17.019306 | r:  -502.000000 | e:   0.100000 | Q: -52.889145 | won: False 
#  267 | steps:  6531 | steps_t: 15770 | t: 17.126026 | r:  -502.000000 | e:   0.100000 | Q: -49.355667 | won: False 
#  268 | steps:  6566 | steps_t: 15804 | t: 17.420015 | r:  -523.000000 | e:   0.100000 | Q: -27.599531 | won: False 
#  269 | steps:  6604 | steps_t: 15841 | t: 17.716128 | r:  -526.000000 | e:   0.100000 | Q: -17.860346 | won: False 
#  270 | steps:  6631 | steps_t: 15867 | t: 17.942089 | r:  -504.000000 | e:   0.100000 | Q: -32.114395 | won: False 
#  271 | steps:  6665 | steps_t: 15900 | t: 18.211738 | r:  -522.000000 | e:   0.100000 | Q: -24.533470 | won: False 
#  272 | steps:  6678 | steps_t: 15912 | t: 18.309621 | r:  -501.000000 | e:   0.100000 | Q: -23.879553 | won: False 
#  273 | steps:  6684 | steps_t: 15917 | t: 18.357571 | r:  -494.000000 | e:   0.100000 | Q: -53.782394 | won: False 
#  274 | steps:  6713 | steps_t: 15945 | t: 18.579812 | r:  -517.000000 | e:   0.100000 | Q: -31.282066 | won: False 
#  275 | steps:  6736 | steps_t: 15967 | t: 18.758209 | r:  -478.000000 | e:   0.100000 | Q: -34.821850 | won: False 
#  276 | steps:  6766 | steps_t: 15996 | t: 18.997132 | r:  -518.000000 | e:   0.100000 | Q: -22.432117 | won: False 
#  277 | steps:  6825 | steps_t: 16054 | t: 19.480085 | r:  -470.000000 | e:   0.100000 | Q: -24.421391 | won: False 
#  278 | steps:  6868 | steps_t: 16096 | t: 19.804826 | r:  -509.000000 | e:   0.100000 | Q: -11.055367 | won: False 
#  279 | steps:  6920 | steps_t: 16147 | t: 20.217534 | r:  -463.000000 | e:   0.100000 | Q: -17.651684 | won: False 
#  280 | steps:  6928 | steps_t: 16154 | t: 20.278995 | r:  -507.000000 | e:   0.100000 | Q: -35.611839 | won: False 
#  281 | steps:  6964 | steps_t: 16189 | t: 20.560126 | r:  -469.000000 | e:   0.100000 | Q:  -8.697830 | won: False 
#  282 | steps:  6991 | steps_t: 16215 | t: 20.787158 | r:  -504.000000 | e:   0.100000 | Q:  -5.773698 | won: False 
#  283 | steps:  7000 | steps_t: 16223 | t: 20.855548 | r:  -486.000000 | e:   0.100000 | Q: -51.382004 | won: False 
#  284 | steps:  7036 | steps_t: 16258 | t: 21.146230 | r:   164.000000 | e:   0.100000 | Q: -16.972828 | won: True 
#  285 | steps:  7074 | steps_t: 16295 | t: 21.453408 | r:  -449.000000 | e:   0.100000 | Q: -25.252083 | won: False 
#  286 | steps:  7095 | steps_t: 16315 | t: 21.606312 | r:  -498.000000 | e:   0.100000 | Q: -26.185211 | won: False 
#  287 | steps:  7113 | steps_t: 16332 | t: 21.770002 | r:  -484.000000 | e:   0.100000 | Q: -29.922915 | won: False 
#  288 | steps:  7161 | steps_t: 16379 | t: 22.217836 | r:  -448.000000 | e:   0.100000 | Q: -30.759876 | won: False 
#  289 | steps:  7230 | steps_t: 16447 | t: 22.781204 | r:  -469.000000 | e:   0.100000 | Q: -32.726795 | won: False 
#  290 | steps:  7249 | steps_t: 16465 | t: 22.925467 | r:  -507.000000 | e:   0.100000 | Q: -40.194736 | won: False 
#  291 | steps:  7271 | steps_t: 16486 | t: 23.151384 | r:  -433.000000 | e:   0.100000 | Q: -47.297665 | won: False 
#  292 | steps:  7293 | steps_t: 16507 | t: 23.334541 | r:  -510.000000 | e:   0.100000 | Q: -41.063770 | won: False 
#  293 | steps:  7369 | steps_t: 16582 | t: 23.935247 | r:  -509.000000 | e:   0.100000 | Q: -24.999340 | won: False 
#  294 | steps:  7391 | steps_t: 16603 | t: 24.135984 | r:  -444.000000 | e:   0.100000 | Q: -39.918308 | won: False 
#  295 | steps:  7548 | steps_t: 16759 | t: 25.404757 | r:  -557.000000 | e:   0.100000 | Q: -14.580322 | won: False 
#  296 | steps:  7561 | steps_t: 16771 | t: 25.508050 | r:  -501.000000 | e:   0.100000 | Q: -33.952312 | won: False 
#  297 | steps:  7593 | steps_t: 16802 | t: 25.795967 | r:  -476.000000 | e:   0.100000 | Q: -24.487450 | won: False 
#  298 | steps:  7636 | steps_t: 16844 | t: 26.142421 | r:  -454.000000 | e:   0.100000 | Q: -25.788017 | won: False 
#  299 | steps:  7671 | steps_t: 16878 | t: 26.423962 | r:  -523.000000 | e:   0.100000 | Q: -24.365753 | won: False 
#  300 | steps:  7715 | steps_t: 16921 | t: 26.817553 | r:  -466.000000 | e:   0.100000 | Q: -26.067831 | won: False 
#  301 | steps:  7721 | steps_t: 16926 | t: 26.882864 | r:  -494.000000 | e:   0.100000 | Q: -56.425144 | won: False 
#  302 | steps:  7742 | steps_t: 16946 | t: 27.125569 | r:  -487.000000 | e:   0.100000 | Q: -36.119339 | won: False 
#  303 | steps:  7762 | steps_t: 16965 | t: 27.275280 | r:  -508.000000 | e:   0.100000 | Q: -19.502644 | won: False 
#  304 | steps:  7781 | steps_t: 16983 | t: 27.458596 | r:  -507.000000 | e:   0.100000 | Q: -26.941114 | won: False 
#  305 | steps:  7800 | steps_t: 17001 | t: 27.654109 | r:  -507.000000 | e:   0.100000 | Q: -13.759447 | won: False 
#  306 | steps:  7806 | steps_t: 17006 | t: 27.715848 | r:  -483.000000 | e:   0.100000 | Q: -37.755653 | won: False 
#  307 | steps:  7841 | steps_t: 17040 | t: 28.032400 | r:  -446.000000 | e:   0.100000 | Q: -24.137455 | won: False 
#  308 | steps:  7847 | steps_t: 17045 | t: 28.075582 | r:  -494.000000 | e:   0.100000 | Q: -38.988934 | won: False 
#  309 | steps:  7853 | steps_t: 17050 | t: 28.121110 | r:  -494.000000 | e:   0.100000 | Q: -38.475773 | won: False 
#  310 | steps:  7893 | steps_t: 17089 | t: 28.437490 | r:  -440.000000 | e:   0.100000 | Q: -24.035917 | won: False 
#  311 | steps:  7905 | steps_t: 17100 | t: 28.535002 | r:  -500.000000 | e:   0.100000 | Q: -24.343447 | won: False 
#  312 | steps:  7911 | steps_t: 17105 | t: 28.583121 | r:  -494.000000 | e:   0.100000 | Q: -79.164536 | won: False 
#  313 | steps:  7917 | steps_t: 17110 | t: 28.642263 | r:  -494.000000 | e:   0.100000 | Q: -45.126850 | won: False 
#  314 | steps:  7944 | steps_t: 17136 | t: 28.913764 | r:  -493.000000 | e:   0.100000 | Q: -33.615776 | won: False 
#  315 | steps:  7950 | steps_t: 17141 | t: 28.958720 | r:  -494.000000 | e:   0.100000 | Q: -54.497795 | won: False 
#  316 | steps:  8003 | steps_t: 17193 | t: 29.364076 | r:  -453.000000 | e:   0.100000 | Q: -16.415121 | won: False 
#  317 | steps:  8009 | steps_t: 17198 | t: 29.412864 | r:  -494.000000 | e:   0.100000 | Q: -125.321976 | won: False 
#  318 | steps:  8030 | steps_t: 17218 | t: 29.629007 | r:  -487.000000 | e:   0.100000 | Q: -32.279087 | won: False 
#  319 | steps:  8052 | steps_t: 17239 | t: 29.873966 | r:  -433.000000 | e:   0.100000 | Q: -29.988327 | won: False 
#  320 | steps:  8058 | steps_t: 17244 | t: 29.938941 | r:  -494.000000 | e:   0.100000 | Q: -50.552559 | won: False 
#  321 | steps:  8064 | steps_t: 17249 | t: 29.993745 | r:  -494.000000 | e:   0.100000 | Q: -51.443275 | won: False 
#  322 | steps:  8139 | steps_t: 17323 | t: 30.657413 | r:  -475.000000 | e:   0.100000 | Q: -34.139309 | won: False 
#  323 | steps:  8175 | steps_t: 17358 | t: 31.014539 | r:  -502.000000 | e:   0.100000 | Q: -23.348038 | won: False 
#  324 | steps:  8183 | steps_t: 17365 | t: 31.073648 | r:  -507.000000 | e:   0.100000 | Q: -41.641521 | won: False 
#  325 | steps:  8208 | steps_t: 17389 | t: 31.267957 | r:  -447.000000 | e:   0.100000 | Q: -25.075405 | won: False 
#  326 | steps:  8234 | steps_t: 17414 | t: 31.470224 | r:  -492.000000 | e:   0.100000 | Q: -30.778637 | won: False 
#  327 | steps:  8240 | steps_t: 17419 | t: 31.512193 | r:  -494.000000 | e:   0.100000 | Q: -53.634075 | won: False 
#  328 | steps:  8264 | steps_t: 17442 | t: 31.705246 | r:  -413.000000 | e:   0.100000 | Q: -28.235210 | won: False 
#  329 | steps:  8295 | steps_t: 17472 | t: 31.951063 | r:  -475.000000 | e:   0.100000 | Q: -26.401152 | won: False 
#  330 | steps:  8327 | steps_t: 17503 | t: 32.206838 | r:  -432.000000 | e:   0.100000 | Q: -21.071180 | won: False 
#  331 | steps:  8375 | steps_t: 17550 | t: 32.610946 | r:  -536.000000 | e:   0.100000 | Q: -26.822880 | won: False 
#  332 | steps:  8407 | steps_t: 17581 | t: 32.860005 | r:  -454.000000 | e:   0.100000 | Q: -24.043659 | won: False 
#  333 | steps:  8429 | steps_t: 17602 | t: 33.024267 | r:  -510.000000 | e:   0.100000 | Q: -22.936678 | won: False 
#  334 | steps:  8456 | steps_t: 17628 | t: 33.222324 | r:  -515.000000 | e:   0.100000 | Q: -14.323509 | won: False 
#  335 | steps:  8490 | steps_t: 17661 | t: 33.481785 | r:  -522.000000 | e:   0.100000 | Q: -22.187538 | won: False 
#  336 | steps:  8496 | steps_t: 17666 | t: 33.521926 | r:  -494.000000 | e:   0.100000 | Q: -39.571186 | won: False 
#  337 | steps:  8502 | steps_t: 17671 | t: 33.563450 | r:  -494.000000 | e:   0.100000 | Q: -37.417820 | won: False 
#  338 | steps:  8524 | steps_t: 17692 | t: 33.728559 | r:  -499.000000 | e:   0.100000 | Q:  -3.130457 | won: False 
#  339 | steps:  8532 | steps_t: 17699 | t: 33.784276 | r:  -507.000000 | e:   0.100000 | Q: -24.632868 | won: False 
#  340 | steps:  8551 | steps_t: 17717 | t: 33.936729 | r:  -507.000000 | e:   0.100000 | Q:  -7.734419 | won: False 
#  341 | steps:  8573 | steps_t: 17738 | t: 34.099316 | r:  -510.000000 | e:   0.100000 | Q:  -4.735633 | won: False 
#  342 | steps:  8608 | steps_t: 17772 | t: 34.365106 | r:  -523.000000 | e:   0.100000 | Q: -11.090085 | won: False 
#  343 | steps:  8635 | steps_t: 17798 | t: 34.568033 | r:  -427.000000 | e:   0.100000 | Q: -18.957813 | won: False 
#  344 | steps:  8673 | steps_t: 17835 | t: 34.854454 | r:  -526.000000 | e:   0.100000 | Q: -21.162525 | won: False 
#  345 | steps:  8692 | steps_t: 17853 | t: 34.995648 | r:  -474.000000 | e:   0.100000 | Q: -17.006992 | won: False 
#  346 | steps:  8733 | steps_t: 17893 | t: 35.305322 | r:  -441.000000 | e:   0.100000 | Q: -21.199549 | won: False 
#  347 | steps:  8771 | steps_t: 17930 | t: 35.591813 | r:  -438.000000 | e:   0.100000 | Q: -22.135180 | won: False 
#  348 | steps:  8898 | steps_t: 18056 | t: 36.551043 | r:  -615.000000 | e:   0.100000 | Q:  -8.592226 | won: False 
#  349 | steps:  8905 | steps_t: 18062 | t: 36.601151 | r:  -506.000000 | e:   0.100000 | Q: -37.541218 | won: False 
#  350 | steps:  8961 | steps_t: 18117 | t: 37.031195 | r:  -456.000000 | e:   0.100000 | Q: -13.180175 | won: False 
#  351 | steps:  8985 | steps_t: 18140 | t: 37.213818 | r:  -501.000000 | e:   0.100000 | Q:  -8.509667 | won: False 
#  352 | steps:  9006 | steps_t: 18160 | t: 37.378601 | r:  -509.000000 | e:   0.100000 | Q: -23.774132 | won: False 
#  353 | steps:  9099 | steps_t: 18252 | t: 38.141692 | r:  -581.000000 | e:   0.100000 | Q:  -8.263391 | won: False 
#  354 | steps:  9136 | steps_t: 18288 | t: 38.441078 | r:  -437.000000 | e:   0.100000 | Q: -12.427280 | won: False 
#  355 | steps:  9175 | steps_t: 18326 | t: 38.762348 | r:  -439.000000 | e:   0.100000 | Q: -15.170670 | won: False 
#  356 | steps:  9185 | steps_t: 18335 | t: 38.837478 | r:  -476.000000 | e:   0.100000 | Q: -36.066605 | won: False 
#  357 | steps:  9221 | steps_t: 18370 | t: 39.381818 | r:  -436.000000 | e:   0.100000 | Q:  -9.129252 | won: False 
#  358 | steps:  9241 | steps_t: 18389 | t: 39.574501 | r:  -486.000000 | e:   0.100000 | Q:  -2.913780 | won: False 
#  359 | steps:  9250 | steps_t: 18397 | t: 39.648824 | r:  -486.000000 | e:   0.100000 | Q: -40.084663 | won: False 
#  360 | steps:  9284 | steps_t: 18430 | t: 39.950587 | r:  -500.000000 | e:   0.100000 | Q:  -3.849505 | won: False 
#  361 | steps:  9327 | steps_t: 18472 | t: 40.308831 | r:   157.000000 | e:   0.100000 | Q: -10.277156 | won: True 
#  362 | steps:  9371 | steps_t: 18515 | t: 40.663667 | r:  -532.000000 | e:   0.100000 | Q: -17.386724 | won: False 
#  363 | steps:  9402 | steps_t: 18545 | t: 40.907738 | r:  -486.000000 | e:   0.100000 | Q:  -7.171124 | won: False 
#  364 | steps:  9438 | steps_t: 18580 | t: 41.286944 | r:  -436.000000 | e:   0.100000 | Q:  -6.533178 | won: False 
#  365 | steps:  9466 | steps_t: 18607 | t: 41.510962 | r:  -516.000000 | e:   0.100000 | Q:  -8.756316 | won: False 
#  366 | steps:  9546 | steps_t: 18686 | t: 42.152920 | r:  -480.000000 | e:   0.100000 | Q:  -3.594126 | won: False 
#  367 | steps:  9594 | steps_t: 18733 | t: 42.551430 | r:  -448.000000 | e:   0.100000 | Q:  -4.298295 | won: False 
#  368 | steps:  9654 | steps_t: 18792 | t: 43.098534 | r:  -515.000000 | e:   0.100000 | Q:  -9.494758 | won: False 
#  369 | steps:  9673 | steps_t: 18810 | t: 43.248849 | r:  -507.000000 | e:   0.100000 | Q:  -5.564692 | won: False 
#  370 | steps:  9698 | steps_t: 18834 | t: 43.446913 | r:  -491.000000 | e:   0.100000 | Q: -13.861829 | won: False 
#  371 | steps:  9730 | steps_t: 18865 | t: 43.692441 | r:  -432.000000 | e:   0.100000 | Q: -10.826261 | won: False 
#  372 | steps:  9798 | steps_t: 18932 | t: 44.224804 | r:  -512.000000 | e:   0.100000 | Q:  -1.105787 | won: False 
#  373 | steps:  9861 | steps_t: 18994 | t: 44.757521 | r:  -496.000000 | e:   0.100000 | Q:  -6.625326 | won: False 
#  374 | steps:  9883 | steps_t: 19015 | t: 44.987733 | r:  -499.000000 | e:   0.100000 | Q:  -8.186358 | won: False 
#  375 | steps:  9895 | steps_t: 19026 | t: 45.088805 | r:  -500.000000 | e:   0.100000 | Q:  -1.898044 | won: False 
#  376 | steps:  9942 | steps_t: 19072 | t: 45.554511 | r:  -447.000000 | e:   0.100000 | Q: -12.176694 | won: False 
#  377 | steps:  9968 | steps_t: 19097 | t: 45.772925 | r:  -426.000000 | e:   0.100000 | Q:  13.141725 | won: False 
#  378 | steps:  9994 | steps_t: 19122 | t: 46.032477 | r:  -492.000000 | e:   0.100000 | Q:  -3.699337 | won: False 
#  379 | steps: 10019 | steps_t: 19146 | t: 46.244843 | r:  -491.000000 | e:   0.100000 | Q:  -4.176112 | won: False 
#  380 | steps: 10031 | steps_t: 19157 | t: 46.349913 | r:  -478.000000 | e:   0.100000 | Q: -34.626930 | won: False 
#  381 | steps: 10094 | steps_t: 19219 | t: 46.930523 | r:  -529.000000 | e:   0.100000 | Q:  -4.643188 | won: False 
#  382 | steps: 10102 | steps_t: 19226 | t: 47.017960 | r:  -485.000000 | e:   0.100000 | Q:  -1.727973 | won: False 
#  383 | steps: 10156 | steps_t: 19279 | t: 47.459974 | r:  -520.000000 | e:   0.100000 | Q:   2.624478 | won: False 
#  384 | steps: 10179 | steps_t: 19301 | t: 47.639790 | r:  -478.000000 | e:   0.100000 | Q:  -0.376723 | won: False 
#  385 | steps: 10236 | steps_t: 19357 | t: 48.087295 | r:  -523.000000 | e:   0.100000 | Q:  -0.519108 | won: False 
#  386 | steps: 10315 | steps_t: 19435 | t: 48.700359 | r:  -545.000000 | e:   0.100000 | Q:  -1.589439 | won: False 
#  387 | steps: 10340 | steps_t: 19459 | t: 48.893909 | r:  -491.000000 | e:   0.100000 | Q:  -0.624488 | won: False 
#  388 | steps: 10352 | steps_t: 19470 | t: 48.988413 | r:  -478.000000 | e:   0.100000 | Q: -33.534771 | won: False 
#  389 | steps: 10364 | steps_t: 19481 | t: 49.083983 | r:  -478.000000 | e:   0.100000 | Q: -29.474001 | won: False 
#  390 | steps: 10383 | steps_t: 19499 | t: 49.231010 | r:  -452.000000 | e:   0.100000 | Q:  18.112734 | won: False 
#  391 | steps: 10414 | steps_t: 19529 | t: 49.493743 | r:  -497.000000 | e:   0.100000 | Q:  -5.918021 | won: False 
#  392 | steps: 10442 | steps_t: 19556 | t: 49.712572 | r:  -461.000000 | e:   0.100000 | Q:  -0.266734 | won: False 
#  393 | steps: 10478 | steps_t: 19591 | t: 49.999531 | r:  -458.000000 | e:   0.100000 | Q: -10.765817 | won: False 
#  394 | steps: 10506 | steps_t: 19618 | t: 50.220457 | r:  -461.000000 | e:   0.100000 | Q:  -0.407268 | won: False 
#  395 | steps: 10518 | steps_t: 19629 | t: 50.311367 | r:  -478.000000 | e:   0.100000 | Q: -38.936733 | won: False 
#  396 | steps: 10530 | steps_t: 19640 | t: 50.401115 | r:  -478.000000 | e:   0.100000 | Q: -33.076160 | won: False 
#  397 | steps: 10570 | steps_t: 19679 | t: 50.711231 | r:  -440.000000 | e:   0.100000 | Q:  -0.672467 | won: False 
#  398 | steps: 10580 | steps_t: 19688 | t: 50.784773 | r:  -509.000000 | e:   0.100000 | Q:  -0.559966 | won: False 
#  399 | steps: 10592 | steps_t: 19699 | t: 50.876898 | r:  -467.000000 | e:   0.100000 | Q: -35.404606 | won: False 
#  400 | steps: 10623 | steps_t: 19729 | t: 51.117390 | r:  -464.000000 | e:   0.100000 | Q:  -8.616443 | won: False 
#  401 | steps: 10672 | steps_t: 19777 | t: 51.501872 | r:  -515.000000 | e:   0.100000 | Q:  -7.085033 | won: False 
#  402 | steps: 10705 | steps_t: 19809 | t: 51.756639 | r:  -433.000000 | e:   0.100000 | Q:  -3.863897 | won: False 
#  403 | steps: 10736 | steps_t: 19839 | t: 52.002970 | r:  -431.000000 | e:   0.100000 | Q:  19.532745 | won: False 
#  404 | steps: 10805 | steps_t: 19907 | t: 52.540042 | r:  -491.000000 | e:   0.100000 | Q: -13.669698 | won: False 
#  405 | steps: 10857 | steps_t: 19958 | t: 52.971560 | r:  -452.000000 | e:   0.100000 | Q:  10.102364 | won: False 
#  406 | steps: 10909 | steps_t: 20009 | t: 53.402020 | r:  -452.000000 | e:   0.100000 | Q:   0.149908 | won: False 
#  407 | steps: 10921 | steps_t: 20020 | t: 53.494184 | r:  -478.000000 | e:   0.100000 | Q: -23.861431 | won: False 
#  408 | steps: 10946 | steps_t: 20044 | t: 53.694315 | r:  -425.000000 | e:   0.100000 | Q:  17.678955 | won: False 
#  409 | steps: 10977 | steps_t: 20074 | t: 53.940437 | r:  -475.000000 | e:   0.100000 | Q:  10.544600 | won: False 
#  410 | steps: 10992 | steps_t: 20088 | t: 54.055503 | r:  -459.000000 | e:   0.100000 | Q: -14.848964 | won: False 
#  411 | steps: 11007 | steps_t: 20102 | t: 54.170281 | r:  -459.000000 | e:   0.100000 | Q: -10.699878 | won: False 
#  412 | steps: 11022 | steps_t: 20116 | t: 54.287866 | r:  -459.000000 | e:   0.100000 | Q: -18.647568 | won: False 
#  413 | steps: 11034 | steps_t: 20127 | t: 54.381381 | r:  -478.000000 | e:   0.100000 | Q: -29.002079 | won: False 
#  414 | steps: 11064 | steps_t: 20156 | t: 54.625375 | r:  -430.000000 | e:   0.100000 | Q:  -0.940922 | won: False 
#  415 | steps: 11079 | steps_t: 20170 | t: 54.748681 | r:  -459.000000 | e:   0.100000 | Q:  -3.790485 | won: False 
#  416 | steps: 11139 | steps_t: 20229 | t: 55.261349 | r:  -504.000000 | e:   0.100000 | Q:   5.466687 | won: False 
#  417 | steps: 11151 | steps_t: 20240 | t: 55.368442 | r:  -478.000000 | e:   0.100000 | Q: -26.241411 | won: False 
#  418 | steps: 11176 | steps_t: 20264 | t: 55.577245 | r:  -425.000000 | e:   0.100000 | Q:  35.531582 | won: False 
#  419 | steps: 11207 | steps_t: 20294 | t: 55.828920 | r:  -453.000000 | e:   0.100000 | Q:  -4.634681 | won: False 
#  420 | steps: 11219 | steps_t: 20305 | t: 55.934076 | r:  -467.000000 | e:   0.100000 | Q: -29.223291 | won: False 
#  421 | steps: 11254 | steps_t: 20339 | t: 56.234396 | r:  -435.000000 | e:   0.100000 | Q:  -1.999287 | won: False 
#  422 | steps: 11266 | steps_t: 20350 | t: 56.331015 | r:  -467.000000 | e:   0.100000 | Q: -15.299584 | won: False 
#  423 | steps: 11281 | steps_t: 20364 | t: 56.460301 | r:  -459.000000 | e:   0.100000 | Q: -14.737470 | won: False 
#  424 | steps: 11309 | steps_t: 20391 | t: 56.703704 | r:  -461.000000 | e:   0.100000 | Q: -15.169456 | won: False 
#  425 | steps: 11348 | steps_t: 20429 | t: 57.052216 | r:  -483.000000 | e:   0.100000 | Q:  -1.835620 | won: False 
#  426 | steps: 11409 | steps_t: 20489 | t: 57.734893 | r:  -461.000000 | e:   0.100000 | Q:  -5.357626 | won: False 
#  427 | steps: 11443 | steps_t: 20522 | t: 58.167965 | r:  -478.000000 | e:   0.100000 | Q: -14.287484 | won: False 
#  428 | steps: 11462 | steps_t: 20540 | t: 58.395596 | r:  -463.000000 | e:   0.100000 | Q:  -0.405687 | won: False 
#  429 | steps: 11497 | steps_t: 20574 | t: 58.845951 | r:  -479.000000 | e:   0.100000 | Q:  -0.334937 | won: False 
#  430 | steps: 11541 | steps_t: 20617 | t: 59.559069 | r:  -488.000000 | e:   0.100000 | Q:   6.656413 | won: False 
#  431 | steps: 11568 | steps_t: 20643 | t: 59.937163 | r:  -471.000000 | e:   0.100000 | Q:  12.629471 | won: False 
#  432 | steps: 11628 | steps_t: 20702 | t: 60.791712 | r:  -460.000000 | e:   0.100000 | Q:  -1.738521 | won: False 
#  433 | steps: 11653 | steps_t: 20726 | t: 61.146783 | r:  -480.000000 | e:   0.100000 | Q:  -0.518295 | won: False 
#  434 | steps: 11678 | steps_t: 20750 | t: 61.498744 | r:  -491.000000 | e:   0.100000 | Q:  -0.396989 | won: False 
#  435 | steps: 11693 | steps_t: 20764 | t: 61.714446 | r:  -459.000000 | e:   0.100000 | Q:  -8.249153 | won: False 
#  436 | steps: 11705 | steps_t: 20775 | t: 61.883792 | r:  -478.000000 | e:   0.100000 | Q: -13.535492 | won: False 
#  437 | steps: 11721 | steps_t: 20790 | t: 62.089441 | r:  -493.000000 | e:   0.100000 | Q:  17.943409 | won: False 
#  438 | steps: 11751 | steps_t: 20819 | t: 62.495333 | r:  -474.000000 | e:   0.100000 | Q:  -1.819726 | won: False 
#  439 | steps: 11765 | steps_t: 20832 | t: 62.701914 | r:  -458.000000 | e:   0.100000 | Q: -16.029076 | won: False 
#  440 | steps: 11777 | steps_t: 20843 | t: 62.857081 | r:  -478.000000 | e:   0.100000 | Q: -17.616846 | won: False 
#  441 | steps: 11805 | steps_t: 20870 | t: 63.278631 | r:  -461.000000 | e:   0.100000 | Q:  -0.683192 | won: False 
#  442 | steps: 11820 | steps_t: 20884 | t: 63.516236 | r:  -459.000000 | e:   0.100000 | Q: -18.977142 | won: False 
#  443 | steps: 11832 | steps_t: 20895 | t: 63.735357 | r:  -478.000000 | e:   0.100000 | Q: -18.897766 | won: False 
#  444 | steps: 11847 | steps_t: 20909 | t: 63.995463 | r:  -459.000000 | e:   0.100000 | Q:  -5.619349 | won: False 
#  445 | steps: 11862 | steps_t: 20923 | t: 64.201001 | r:  -459.000000 | e:   0.100000 | Q: -12.001952 | won: False 
#  446 | steps: 11898 | steps_t: 20958 | t: 64.700891 | r:  -458.000000 | e:   0.100000 | Q: -12.660419 | won: False 
#  447 | steps: 11927 | steps_t: 20986 | t: 65.099255 | r:  -429.000000 | e:   0.100000 | Q:  -5.827860 | won: False 
#  448 | steps: 11939 | steps_t: 20997 | t: 65.248843 | r:  -478.000000 | e:   0.100000 | Q: -33.388039 | won: False 
#  449 | steps: 11956 | steps_t: 21013 | t: 65.492605 | r:  -494.000000 | e:   0.100000 | Q:  -0.216152 | won: False 
#  450 | steps: 11971 | steps_t: 21027 | t: 65.695899 | r:  -503.000000 | e:   0.100000 | Q:  -0.038782 | won: False 
#  451 | steps: 11986 | steps_t: 21041 | t: 65.881150 | r:  -459.000000 | e:   0.100000 | Q: -13.516268 | won: False 
#  452 | steps: 12029 | steps_t: 21083 | t: 66.431758 | r:  -487.000000 | e:   0.100000 | Q:   1.229607 | won: False 
#  453 | steps: 12057 | steps_t: 21110 | t: 66.695617 | r:  -450.000000 | e:   0.100000 | Q:   2.706637 | won: False 
#  454 | steps: 12072 | steps_t: 21124 | t: 66.817864 | r:  -459.000000 | e:   0.100000 | Q: -19.157921 | won: False 
#  455 | steps: 12115 | steps_t: 21166 | t: 67.340892 | r:  -476.000000 | e:   0.100000 | Q: -16.668438 | won: False 
#  456 | steps: 12196 | steps_t: 21246 | t: 68.721580 | r:  -492.000000 | e:   0.100000 | Q:  18.651951 | won: False 
#  457 | steps: 12208 | steps_t: 21257 | t: 68.897846 | r:  -478.000000 | e:   0.100000 | Q: -14.902659 | won: False 
#  458 | steps: 12251 | steps_t: 21299 | t: 69.299020 | r:  -476.000000 | e:   0.100000 | Q:  -6.867103 | won: False 
#  459 | steps: 12306 | steps_t: 21353 | t: 69.880919 | r:  -466.000000 | e:   0.100000 | Q:   3.512035 | won: False 
#  460 | steps: 12336 | steps_t: 21382 | t: 70.212403 | r:  -452.000000 | e:   0.100000 | Q: -10.496687 | won: False 
#  461 | steps: 12348 | steps_t: 21393 | t: 70.440897 | r:  -478.000000 | e:   0.100000 | Q: -21.571934 | won: False 
#  462 | steps: 12363 | steps_t: 21407 | t: 70.655512 | r:  -448.000000 | e:   0.100000 | Q:  -8.056672 | won: False 
#  463 | steps: 12378 | steps_t: 21421 | t: 70.820802 | r:  -448.000000 | e:   0.100000 | Q: -14.444160 | won: False 
#  464 | steps: 12418 | steps_t: 21460 | t: 71.359274 | r:  -440.000000 | e:   0.100000 | Q: -13.157799 | won: False 
#  465 | steps: 12449 | steps_t: 21490 | t: 71.836397 | r:  -453.000000 | e:   0.100000 | Q:  -7.365969 | won: False 
#  466 | steps: 12516 | steps_t: 21556 | t: 72.550541 | r:  -467.000000 | e:   0.100000 | Q:   1.293102 | won: False 
#  467 | steps: 12543 | steps_t: 21582 | t: 72.774018 | r:  -460.000000 | e:   0.100000 | Q:  -9.284037 | won: False 
#  468 | steps: 12577 | steps_t: 21615 | t: 73.059499 | r:  -445.000000 | e:   0.100000 | Q:   0.330229 | won: False 
#  469 | steps: 12608 | steps_t: 21645 | t: 73.315553 | r:  -475.000000 | e:   0.100000 | Q:  -7.146387 | won: False 
#  470 | steps: 12623 | steps_t: 21659 | t: 73.454438 | r:  -448.000000 | e:   0.100000 | Q:  -5.390795 | won: False 
#  471 | steps: 12659 | steps_t: 21694 | t: 73.774495 | r:  -458.000000 | e:   0.100000 | Q:  -8.884243 | won: False 
#  472 | steps: 12674 | steps_t: 21708 | t: 73.948528 | r:  -448.000000 | e:   0.100000 | Q: -12.424661 | won: False 
#  473 | steps: 12701 | steps_t: 21734 | t: 74.203068 | r:  -460.000000 | e:   0.100000 | Q:  -6.912435 | won: False 
#  474 | steps: 12725 | steps_t: 21757 | t: 74.465318 | r:  -413.000000 | e:   0.100000 | Q:  -0.088104 | won: False 
#  475 | steps: 12740 | steps_t: 21771 | t: 74.694210 | r:  -448.000000 | e:   0.100000 | Q: -13.884288 | won: False 
#  476 | steps: 12752 | steps_t: 21782 | t: 74.805273 | r:  -456.000000 | e:   0.100000 | Q: -14.536585 | won: False 
#  477 | steps: 12798 | steps_t: 21827 | t: 75.287129 | r:  -501.000000 | e:   0.100000 | Q:  -0.110026 | won: False 
#  478 | steps: 12831 | steps_t: 21859 | t: 75.742992 | r:  -477.000000 | e:   0.100000 | Q:   0.901479 | won: False 
#  479 | steps: 12846 | steps_t: 21873 | t: 75.940020 | r:  -448.000000 | e:   0.100000 | Q: -11.833032 | won: False 
#  480 | steps: 12861 | steps_t: 21887 | t: 76.145602 | r:  -448.000000 | e:   0.100000 | Q: -18.764721 | won: False 
#  481 | steps: 12891 | steps_t: 21916 | t: 76.591562 | r:  -463.000000 | e:   0.100000 | Q:  -9.499118 | won: False 
#  482 | steps: 12948 | steps_t: 21972 | t: 77.374589 | r:  -479.000000 | e:   0.100000 | Q:   9.173156 | won: False 
#  483 | steps: 12988 | steps_t: 22011 | t: 77.886459 | r:  -473.000000 | e:   0.100000 | Q: -10.355665 | won: False 
#  484 | steps: 13021 | steps_t: 22043 | t: 78.221764 | r:  -444.000000 | e:   0.100000 | Q:  -0.237438 | won: False 
#  485 | steps: 13065 | steps_t: 22086 | t: 78.728352 | r:  -466.000000 | e:   0.100000 | Q:   0.119978 | won: False 
#  486 | steps: 13106 | steps_t: 22126 | t: 79.172783 | r:  -441.000000 | e:   0.100000 | Q:  -5.627697 | won: False 
#  487 | steps: 13118 | steps_t: 22137 | t: 79.301233 | r:  -478.000000 | e:   0.100000 | Q: -16.827511 | won: False 
#  488 | steps: 13162 | steps_t: 22180 | t: 80.064555 | r:  -466.000000 | e:   0.100000 | Q:  -0.484375 | won: False 
#  489 | steps: 13174 | steps_t: 22191 | t: 80.247952 | r:  -456.000000 | e:   0.100000 | Q: -18.815388 | won: False 
#  490 | steps: 13205 | steps_t: 22221 | t: 80.608849 | r:  -453.000000 | e:   0.100000 | Q: -17.997667 | won: False 
#  491 | steps: 13220 | steps_t: 22235 | t: 80.840731 | r:  -448.000000 | e:   0.100000 | Q: -26.540043 | won: False 
#  492 | steps: 13273 | steps_t: 22287 | t: 81.467629 | r:  -475.000000 | e:   0.100000 | Q:  -9.400509 | won: False 
#  493 | steps: 13288 | steps_t: 22301 | t: 81.670259 | r:  -448.000000 | e:   0.100000 | Q: -18.729427 | won: False 
#  494 | steps: 13303 | steps_t: 22315 | t: 81.851421 | r:  -448.000000 | e:   0.100000 | Q:  -9.383436 | won: False 
#  495 | steps: 13349 | steps_t: 22360 | t: 82.430235 | r:   154.000000 | e:   0.100000 | Q:  -0.142300 | won: True 
#  496 | steps: 13377 | steps_t: 22387 | t: 82.774059 | r:  -439.000000 | e:   0.100000 | Q:   1.840022 | won: False 
#  497 | steps: 13392 | steps_t: 22401 | t: 83.010688 | r:  -448.000000 | e:   0.100000 | Q:  -8.674199 | won: False 
#  498 | steps: 13407 | steps_t: 22415 | t: 83.182234 | r:  -448.000000 | e:   0.100000 | Q: -12.301846 | won: False 
#  499 | steps: 13427 | steps_t: 22434 | t: 83.414692 | r:  -453.000000 | e:   0.100000 | Q:  -9.436889 | won: False 
#  500 | steps: 13442 | steps_t: 22448 | t: 83.568648 | r:  -448.000000 | e:   0.100000 | Q:  -7.718380 | won: False 
#  501 | steps: 13457 | steps_t: 22462 | t: 83.690234 | r:  -448.000000 | e:   0.100000 | Q:  -6.577457 | won: False 
#  502 | steps: 13506 | steps_t: 22510 | t: 84.173468 | r:   151.000000 | e:   0.100000 | Q:   4.452742 | won: True 
#  503 | steps: 13550 | steps_t: 22553 | t: 84.625045 | r:  -532.000000 | e:   0.100000 | Q:  -0.086328 | won: False 
#  504 | steps: 13581 | steps_t: 22583 | t: 84.911060 | r:  -464.000000 | e:   0.100000 | Q: -19.111050 | won: False 
#  505 | steps: 13596 | steps_t: 22597 | t: 85.030455 | r:  -448.000000 | e:   0.100000 | Q: -22.046616 | won: False 
#  506 | steps: 13608 | steps_t: 22608 | t: 85.122025 | r:  -467.000000 | e:   0.100000 | Q: -18.622662 | won: False 
#  507 | steps: 13639 | steps_t: 22638 | t: 85.373095 | r:  -453.000000 | e:   0.100000 | Q:  -8.368588 | won: False 
#  508 | steps: 13677 | steps_t: 22675 | t: 85.714864 | r:  -471.000000 | e:   0.100000 | Q:  -8.444406 | won: False 
#  509 | steps: 13692 | steps_t: 22689 | t: 85.837593 | r:  -448.000000 | e:   0.100000 | Q:  -8.222792 | won: False 
#  510 | steps: 13745 | steps_t: 22741 | t: 86.271922 | r:  -475.000000 | e:   0.100000 | Q:  -1.281692 | won: False 
#  511 | steps: 13793 | steps_t: 22788 | t: 86.665168 | r:  -481.000000 | e:   0.100000 | Q:  -1.668012 | won: False 
#  512 | steps: 13944 | steps_t: 22938 | t: 88.004146 | r:  -562.000000 | e:   0.100000 | Q:   0.814015 | won: False 
#  513 | steps: 13970 | steps_t: 22963 | t: 88.232800 | r:  -503.000000 | e:   0.100000 | Q:   0.785828 | won: False 
#  514 | steps: 13985 | steps_t: 22977 | t: 88.355336 | r:  -448.000000 | e:   0.100000 | Q:  -1.825671 | won: False 
#  515 | steps: 14016 | steps_t: 23007 | t: 88.848719 | r:  -464.000000 | e:   0.100000 | Q:   0.661110 | won: False 
#  516 | steps: 14028 | steps_t: 23018 | t: 88.994353 | r:  -478.000000 | e:   0.100000 | Q: -13.800585 | won: False 
#  517 | steps: 14040 | steps_t: 23029 | t: 89.107970 | r:  -456.000000 | e:   0.100000 | Q: -13.937715 | won: False 
#  518 | steps: 14084 | steps_t: 23072 | t: 89.582041 | r:  -466.000000 | e:   0.100000 | Q:   1.141161 | won: False 
#  519 | steps: 14121 | steps_t: 23108 | t: 90.024567 | r:  -459.000000 | e:   0.100000 | Q:  -5.242586 | won: False 
#  520 | steps: 14136 | steps_t: 23122 | t: 90.254889 | r:  -459.000000 | e:   0.100000 | Q:  -7.372212 | won: False 
#  521 | steps: 14167 | steps_t: 23152 | t: 90.692861 | r:  -453.000000 | e:   0.100000 | Q:  -7.178226 | won: False 
#  522 | steps: 14179 | steps_t: 23163 | t: 90.876752 | r:  -478.000000 | e:   0.100000 | Q: -11.284504 | won: False 
#  523 | steps: 14194 | steps_t: 23177 | t: 91.101544 | r:  -448.000000 | e:   0.100000 | Q:  -7.499218 | won: False 
#  524 | steps: 14209 | steps_t: 23191 | t: 91.309672 | r:  -448.000000 | e:   0.100000 | Q:  -2.011487 | won: False 
#  525 | steps: 14224 | steps_t: 23205 | t: 91.490964 | r:  -448.000000 | e:   0.100000 | Q:  -4.729786 | won: False 
#  526 | steps: 14239 | steps_t: 23219 | t: 91.766703 | r:  -448.000000 | e:   0.100000 | Q:  -8.432117 | won: False 
#  527 | steps: 14254 | steps_t: 23233 | t: 92.013706 | r:  -448.000000 | e:   0.100000 | Q: -16.050154 | won: False 
#  528 | steps: 14296 | steps_t: 23274 | t: 92.549038 | r:  -442.000000 | e:   0.100000 | Q:  -5.077964 | won: False 
#  529 | steps: 14321 | steps_t: 23298 | t: 92.780395 | r:  -425.000000 | e:   0.100000 | Q:  -2.924740 | won: False 
#  530 | steps: 14336 | steps_t: 23312 | t: 92.920210 | r:  -448.000000 | e:   0.100000 | Q: -14.786720 | won: False 
#  531 | steps: 14351 | steps_t: 23326 | t: 93.155547 | r:  -459.000000 | e:   0.100000 | Q: -13.461621 | won: False 
#  532 | steps: 14387 | steps_t: 23361 | t: 93.522897 | r:  -458.000000 | e:   0.100000 | Q: -17.215866 | won: False 
#  533 | steps: 14417 | steps_t: 23390 | t: 93.879139 | r:  -430.000000 | e:   0.100000 | Q:  -0.305837 | won: False 
#  534 | steps: 14436 | steps_t: 23408 | t: 94.113509 | r:  -463.000000 | e:   0.100000 | Q: -10.137811 | won: False 
#  535 | steps: 14488 | steps_t: 23459 | t: 94.701178 | r:  -540.000000 | e:   0.100000 | Q:   0.771607 | won: False 
#  536 | steps: 14503 | steps_t: 23473 | t: 94.914946 | r:  -448.000000 | e:   0.100000 | Q: -18.069555 | won: False 
#  537 | steps: 14562 | steps_t: 23531 | t: 95.699539 | r:  -481.000000 | e:   0.100000 | Q:  -6.172162 | won: False 
#  538 | steps: 14589 | steps_t: 23557 | t: 95.983403 | r:  -460.000000 | e:   0.100000 | Q: -10.349589 | won: False 
#  539 | steps: 14610 | steps_t: 23577 | t: 96.201366 | r:  -432.000000 | e:   0.100000 | Q:  -0.827002 | won: False 
#  540 | steps: 14640 | steps_t: 23606 | t: 96.510189 | r:  -430.000000 | e:   0.100000 | Q:  -0.780637 | won: False 
#  541 | steps: 14655 | steps_t: 23620 | t: 96.678665 | r:  -448.000000 | e:   0.100000 | Q:  -9.782577 | won: False 
#  542 | steps: 14670 | steps_t: 23634 | t: 96.831628 | r:  -459.000000 | e:   0.100000 | Q: -32.636585 | won: False 
#  543 | steps: 14683 | steps_t: 23646 | t: 96.975664 | r:  -435.000000 | e:   0.100000 | Q: -19.947788 | won: False 
#  544 | steps: 14698 | steps_t: 23660 | t: 97.134143 | r:  -448.000000 | e:   0.100000 | Q: -21.443554 | won: False 
#  545 | steps: 14713 | steps_t: 23674 | t: 97.284569 | r:  -448.000000 | e:   0.100000 | Q: -20.610441 | won: False 
#  546 | steps: 14728 | steps_t: 23688 | t: 97.420586 | r:  -448.000000 | e:   0.100000 | Q: -24.204798 | won: False 
#  547 | steps: 14831 | steps_t: 23790 | t: 98.425889 | r:  -503.000000 | e:   0.100000 | Q:  -9.051985 | won: False 
#  548 | steps: 14871 | steps_t: 23829 | t: 98.830276 | r:  -440.000000 | e:   0.100000 | Q:  -0.440190 | won: False 
#  549 | steps: 14902 | steps_t: 23859 | t: 99.159433 | r:  -453.000000 | e:   0.100000 | Q: -11.320176 | won: False 
#  550 | steps: 14990 | steps_t: 23946 | t: 100.229459 | r:  -499.000000 | e:   0.100000 | Q:   1.056164 | won: False 
#  551 | steps: 15035 | steps_t: 23990 | t: 100.724752 | r:  -456.000000 | e:   0.100000 | Q:   1.138190 | won: False 
#  552 | steps: 15090 | steps_t: 24044 | t: 101.315412 | r:  -543.000000 | e:   0.100000 | Q:  52.526989 | won: False 
#  553 | steps: 15129 | steps_t: 24082 | t: 101.725005 | r:  -505.000000 | e:   0.100000 | Q:   1.410676 | won: False 
#  554 | steps: 15153 | steps_t: 24105 | t: 101.990801 | r:  -512.000000 | e:   0.100000 | Q:  -4.964690 | won: False 
#  555 | steps: 15184 | steps_t: 24135 | t: 102.323287 | r:  -431.000000 | e:   0.100000 | Q:  -2.987463 | won: False 
#  556 | steps: 15215 | steps_t: 24165 | t: 102.745163 | r:  -453.000000 | e:   0.100000 | Q: -16.422754 | won: False 
#  557 | steps: 15256 | steps_t: 24205 | t: 103.155330 | r:  -518.000000 | e:   0.100000 | Q:  -2.291174 | won: False 
#  558 | steps: 15329 | steps_t: 24277 | t: 103.794938 | r:  -506.000000 | e:   0.100000 | Q:   5.541756 | won: False 
#  559 | steps: 15381 | steps_t: 24328 | t: 104.280469 | r:  -463.000000 | e:   0.100000 | Q:  14.689437 | won: False 
#  560 | steps: 15406 | steps_t: 24352 | t: 104.525869 | r:  -425.000000 | e:   0.100000 | Q:   1.406312 | won: False 
#  561 | steps: 15495 | steps_t: 24440 | t: 105.542605 | r:  -511.000000 | e:   0.100000 | Q:  -6.570699 | won: False 
#  562 | steps: 15531 | steps_t: 24475 | t: 105.974631 | r:   164.000000 | e:   0.100000 | Q:   2.703438 | won: True 
#  563 | steps: 15579 | steps_t: 24522 | t: 106.463837 | r:  -481.000000 | e:   0.100000 | Q:   0.160142 | won: False 
#  564 | steps: 15636 | steps_t: 24578 | t: 107.044312 | r:  -468.000000 | e:   0.100000 | Q:  -6.216674 | won: False 
#  565 | steps: 15664 | steps_t: 24605 | t: 107.263485 | r:  -450.000000 | e:   0.100000 | Q:   0.802461 | won: False 
#  566 | steps: 15707 | steps_t: 24647 | t: 107.649232 | r:  -465.000000 | e:   0.100000 | Q:  -4.712820 | won: False 
#  567 | steps: 15743 | steps_t: 24682 | t: 108.040907 | r:  -447.000000 | e:   0.100000 | Q: -13.468528 | won: False 
#  568 | steps: 15753 | steps_t: 24691 | t: 108.123387 | r:  -498.000000 | e:   0.100000 | Q:   0.274864 | won: False 
#  569 | steps: 15768 | steps_t: 24705 | t: 108.250552 | r:  -448.000000 | e:   0.100000 | Q: -13.070178 | won: False 
#  570 | steps: 15806 | steps_t: 24742 | t: 108.588938 | r:  -460.000000 | e:   0.100000 | Q: -11.989785 | won: False 
#  571 | steps: 15833 | steps_t: 24768 | t: 108.821547 | r:  -460.000000 | e:   0.100000 | Q: -14.385142 | won: False 
#  572 | steps: 15893 | steps_t: 24827 | t: 109.373367 | r:  -482.000000 | e:   0.100000 | Q:  -6.960229 | won: False 
#  573 | steps: 15936 | steps_t: 24869 | t: 109.717787 | r:  -454.000000 | e:   0.100000 | Q: -10.962584 | won: False 
#  574 | steps: 15988 | steps_t: 24920 | t: 110.244076 | r:  -452.000000 | e:   0.100000 | Q:  -3.299145 | won: False 
#  575 | steps: 16003 | steps_t: 24934 | t: 110.372439 | r:  -448.000000 | e:   0.100000 | Q: -11.748095 | won: False 
#  576 | steps: 16061 | steps_t: 24991 | t: 110.860031 | r:  -480.000000 | e:   0.100000 | Q:  -5.750002 | won: False 
#  577 | steps: 16106 | steps_t: 25035 | t: 111.230181 | r:  -467.000000 | e:   0.100000 | Q:   0.187086 | won: False 
#  578 | steps: 16132 | steps_t: 25060 | t: 111.499423 | r:  -426.000000 | e:   0.100000 | Q:   1.450713 | won: False 
#  579 | steps: 16184 | steps_t: 25111 | t: 112.119989 | r:  -463.000000 | e:   0.100000 | Q:   2.923530 | won: False 
#  580 | steps: 16211 | steps_t: 25137 | t: 112.418625 | r:  -460.000000 | e:   0.100000 | Q:   1.254586 | won: False 
#  581 | steps: 16226 | steps_t: 25151 | t: 112.580292 | r:  -514.000000 | e:   0.100000 | Q:  -1.489083 | won: False 
#  582 | steps: 16264 | steps_t: 25188 | t: 112.930244 | r:  -438.000000 | e:   0.100000 | Q:  -3.313038 | won: False 
#  583 | steps: 16300 | steps_t: 25223 | t: 113.303300 | r:  -436.000000 | e:   0.100000 | Q:  -7.306041 | won: False 
#  584 | steps: 16344 | steps_t: 25266 | t: 113.813699 | r:  -444.000000 | e:   0.100000 | Q:   2.033744 | won: False 
#  585 | steps: 16362 | steps_t: 25283 | t: 114.017804 | r:  -451.000000 | e:   0.100000 | Q:  -5.841896 | won: False 
#  586 | steps: 16414 | steps_t: 25334 | t: 114.555293 | r:  -452.000000 | e:   0.100000 | Q:   3.341499 | won: False 
#  587 | steps: 16493 | steps_t: 25412 | t: 115.240937 | r:  -501.000000 | e:   0.100000 | Q:  -9.524030 | won: False 
#  588 | steps: 16537 | steps_t: 25455 | t: 115.607661 | r:  -466.000000 | e:   0.100000 | Q:   2.513304 | won: False 
#  589 | steps: 16552 | steps_t: 25469 | t: 115.745144 | r:  -448.000000 | e:   0.100000 | Q:  -6.235029 | won: False 
#  590 | steps: 16620 | steps_t: 25536 | t: 116.316108 | r:  -479.000000 | e:   0.100000 | Q:   7.535208 | won: False 
#  591 | steps: 16645 | steps_t: 25560 | t: 116.534518 | r:  -480.000000 | e:   0.100000 | Q:   1.904892 | won: False 
#  592 | steps: 16687 | steps_t: 25601 | t: 116.884279 | r:  -442.000000 | e:   0.100000 | Q:   6.409979 | won: False 
#  593 | steps: 16772 | steps_t: 25685 | t: 117.775670 | r:  -507.000000 | e:   0.100000 | Q:  -1.009143 | won: False 
#  594 | steps: 16812 | steps_t: 25724 | t: 118.167217 | r:  -440.000000 | e:   0.100000 | Q:   1.871083 | won: False 
#  595 | steps: 16864 | steps_t: 25775 | t: 118.645395 | r:  -452.000000 | e:   0.100000 | Q:  42.658226 | won: False 
#  596 | steps: 16919 | steps_t: 25829 | t: 119.134489 | r:  -488.000000 | e:   0.100000 | Q:  -5.583886 | won: False 
#  597 | steps: 16940 | steps_t: 25849 | t: 119.390907 | r:  -487.000000 | e:   0.100000 | Q:  -3.969231 | won: False 
#  598 | steps: 16971 | steps_t: 25879 | t: 119.761886 | r:  -431.000000 | e:   0.100000 | Q:   0.069593 | won: False 
#  599 | steps: 16980 | steps_t: 25887 | t: 119.868205 | r:  -497.000000 | e:   0.100000 | Q:  -5.459829 | won: False 
#  600 | steps: 17049 | steps_t: 25955 | t: 120.816092 | r:   131.000000 | e:   0.100000 | Q:   1.945455 | won: True 
#  601 | steps: 17063 | steps_t: 25968 | t: 120.932595 | r:  -458.000000 | e:   0.100000 | Q:  -0.812332 | won: False 
#  602 | steps: 17084 | steps_t: 25988 | t: 121.103280 | r:  -487.000000 | e:   0.100000 | Q:  -4.866160 | won: False 
#  603 | steps: 17124 | steps_t: 26027 | t: 121.432639 | r:  -440.000000 | e:   0.100000 | Q:  26.234341 | won: False 
#  604 | steps: 17169 | steps_t: 26071 | t: 121.833550 | r:  -467.000000 | e:   0.100000 | Q:  -1.357337 | won: False 
#  605 | steps: 17209 | steps_t: 26110 | t: 122.177532 | r:  -473.000000 | e:   0.100000 | Q:  -3.728446 | won: False 
#  606 | steps: 17256 | steps_t: 26156 | t: 122.597232 | r:  -469.000000 | e:   0.100000 | Q:  -0.686082 | won: False 
#  607 | steps: 17309 | steps_t: 26208 | t: 123.400038 | r:  -464.000000 | e:   0.100000 | Q:   0.806343 | won: False 
#  608 | steps: 17391 | steps_t: 26289 | t: 124.204940 | r:  -504.000000 | e:   0.100000 | Q:  -1.055874 | won: False 
#  609 | steps: 17401 | steps_t: 26298 | t: 124.293670 | r:  -498.000000 | e:   0.100000 | Q:   1.141934 | won: False 
#  610 | steps: 17432 | steps_t: 26328 | t: 124.564770 | r:  -442.000000 | e:   0.100000 | Q:   6.926164 | won: False 
#  611 | steps: 17459 | steps_t: 26354 | t: 124.849190 | r:  -427.000000 | e:   0.100000 | Q:   1.346013 | won: False 
#  612 | steps: 17487 | steps_t: 26381 | t: 125.146975 | r:  -450.000000 | e:   0.100000 | Q:  -7.287395 | won: False 
#  613 | steps: 17541 | steps_t: 26434 | t: 125.665105 | r:  -476.000000 | e:   0.100000 | Q:  -9.243256 | won: False 
#  614 | steps: 17682 | steps_t: 26574 | t: 127.121255 | r:  -552.000000 | e:   0.100000 | Q:  13.787226 | won: False 
#  615 | steps: 17700 | steps_t: 26591 | t: 127.289309 | r:  -451.000000 | e:   0.100000 | Q: -10.985597 | won: False 
#  616 | steps: 17731 | steps_t: 26621 | t: 127.571602 | r:  -431.000000 | e:   0.100000 | Q:   7.082430 | won: False 
#  617 | steps: 17779 | steps_t: 26668 | t: 128.063572 | r:  -481.000000 | e:   0.100000 | Q:  11.839077 | won: False 
#  618 | steps: 17844 | steps_t: 26732 | t: 128.718977 | r:  -476.000000 | e:   0.100000 | Q:   2.221900 | won: False 
#  619 | steps: 17910 | steps_t: 26797 | t: 129.440128 | r:  -477.000000 | e:   0.100000 | Q:  10.157075 | won: False 
#  620 | steps: 17941 | steps_t: 26827 | t: 129.746098 | r:  -508.000000 | e:   0.100000 | Q:   2.370697 | won: False 
#  621 | steps: 18041 | steps_t: 26926 | t: 130.719938 | r:  -511.000000 | e:   0.100000 | Q:   4.945149 | won: False 
#  622 | steps: 18079 | steps_t: 26963 | t: 131.066062 | r:  -460.000000 | e:   0.100000 | Q:   0.320984 | won: False 
#  623 | steps: 18126 | steps_t: 27009 | t: 131.521671 | r:  -447.000000 | e:   0.100000 | Q:   2.417614 | won: False 
#  624 | steps: 18154 | steps_t: 27036 | t: 131.761313 | r:  -428.000000 | e:   0.100000 | Q:   5.622683 | won: False 
#  625 | steps: 18190 | steps_t: 27071 | t: 132.054835 | r:  -447.000000 | e:   0.100000 | Q:   3.619972 | won: False 
#  626 | steps: 18204 | steps_t: 27084 | t: 132.161863 | r:  -458.000000 | e:   0.100000 | Q:   4.457769 | won: False 
#  627 | steps: 18219 | steps_t: 27098 | t: 132.279926 | r:  -459.000000 | e:   0.100000 | Q:  12.210726 | won: False 
#  628 | steps: 18234 | steps_t: 27112 | t: 132.410939 | r:  -459.000000 | e:   0.100000 | Q:   6.976792 | won: False 
#  629 | steps: 18290 | steps_t: 27167 | t: 132.983365 | r:  -478.000000 | e:   0.100000 | Q:  11.985734 | won: False 
#  630 | steps: 18389 | steps_t: 27265 | t: 133.891998 | r:  -576.000000 | e:   0.100000 | Q:   2.501972 | won: False 
#  631 | steps: 18410 | steps_t: 27285 | t: 134.080012 | r:  -465.000000 | e:   0.100000 | Q:   1.334180 | won: False 
#  632 | steps: 18425 | steps_t: 27299 | t: 134.198075 | r:  -459.000000 | e:   0.100000 | Q:  12.416265 | won: False 
#  633 | steps: 18511 | steps_t: 27384 | t: 134.892349 | r:  -486.000000 | e:   0.100000 | Q:   9.896937 | won: False 
#  634 | steps: 18546 | steps_t: 27418 | t: 135.201723 | r:  -435.000000 | e:   0.100000 | Q:   4.512420 | won: False 
#  635 | steps: 18577 | steps_t: 27448 | t: 135.497117 | r:  -475.000000 | e:   0.100000 | Q:   2.478534 | won: False 
#  636 | steps: 18590 | steps_t: 27460 | t: 135.614082 | r:  -457.000000 | e:   0.100000 | Q:   9.507594 | won: False 
#  637 | steps: 18659 | steps_t: 27528 | t: 136.340924 | r:  -480.000000 | e:   0.100000 | Q:  25.584814 | won: False 
#  638 | steps: 18679 | steps_t: 27547 | t: 136.626059 | r:  -486.000000 | e:   0.100000 | Q:   2.238795 | won: False 
#  639 | steps: 18727 | steps_t: 27594 | t: 137.102573 | r:  -470.000000 | e:   0.100000 | Q:   3.095889 | won: False 
#  640 | steps: 18779 | steps_t: 27645 | t: 137.541585 | r:  -452.000000 | e:   0.100000 | Q:   2.908465 | won: False 
#  641 | steps: 18793 | steps_t: 27658 | t: 137.660560 | r:  -458.000000 | e:   0.100000 | Q:   8.573557 | won: False 
#  642 | steps: 18845 | steps_t: 27709 | t: 138.172728 | r:  -463.000000 | e:   0.100000 | Q:   5.447177 | won: False 
#  643 | steps: 18862 | steps_t: 27725 | t: 138.364992 | r:  -461.000000 | e:   0.100000 | Q:  16.634199 | won: False 
#  644 | steps: 18944 | steps_t: 27806 | t: 139.146173 | r:  -482.000000 | e:   0.100000 | Q:  11.940135 | won: False 
#  645 | steps: 19001 | steps_t: 27862 | t: 139.724551 | r:  -457.000000 | e:   0.100000 | Q:   2.452074 | won: False 
#  646 | steps: 19068 | steps_t: 27928 | t: 140.372034 | r:  -478.000000 | e:   0.100000 | Q:   6.104881 | won: False 
#  647 | steps: 19093 | steps_t: 27952 | t: 140.606606 | r:  -425.000000 | e:   0.100000 | Q:  13.665441 | won: False 
#  648 | steps: 19116 | steps_t: 27974 | t: 140.789342 | r:  -467.000000 | e:   0.100000 | Q:  18.478939 | won: False 
#  649 | steps: 19140 | steps_t: 27997 | t: 141.001797 | r:  -468.000000 | e:   0.100000 | Q:   8.693878 | won: False 
#  650 | steps: 19155 | steps_t: 28011 | t: 141.173397 | r:  -459.000000 | e:   0.100000 | Q:  12.681812 | won: False 
#  651 | steps: 19169 | steps_t: 28024 | t: 141.330538 | r:  -447.000000 | e:   0.100000 | Q:   6.138092 | won: False 
#  652 | steps: 19188 | steps_t: 28042 | t: 141.479890 | r:  -507.000000 | e:   0.100000 | Q:   5.216588 | won: False 
#  653 | steps: 19216 | steps_t: 28069 | t: 141.703894 | r:  -461.000000 | e:   0.100000 | Q:   2.729882 | won: False 
#  654 | steps: 19230 | steps_t: 28082 | t: 141.871002 | r:  -458.000000 | e:   0.100000 | Q:  21.981205 | won: False 
#  655 | steps: 19280 | steps_t: 28131 | t: 142.327810 | r:  -472.000000 | e:   0.100000 | Q:  22.912891 | won: False 
#  656 | steps: 19337 | steps_t: 28187 | t: 142.866995 | r:  -468.000000 | e:   0.100000 | Q:  27.958029 | won: False 
#  657 | steps: 19405 | steps_t: 28254 | t: 143.485934 | r:  -479.000000 | e:   0.100000 | Q:  13.360078 | won: False 
#  658 | steps: 19419 | steps_t: 28267 | t: 143.655046 | r:  -458.000000 | e:   0.100000 | Q:  15.751051 | won: False 
#  659 | steps: 19510 | steps_t: 28357 | t: 144.499146 | r:  -502.000000 | e:   0.100000 | Q:  16.216309 | won: False 
#  660 | steps: 19525 | steps_t: 28371 | t: 144.649970 | r:  -459.000000 | e:   0.100000 | Q:   8.563440 | won: False 
#  661 | steps: 19540 | steps_t: 28385 | t: 144.791324 | r:  -459.000000 | e:   0.100000 | Q:   5.792692 | won: False 
#  662 | steps: 19554 | steps_t: 28398 | t: 144.909954 | r:  -458.000000 | e:   0.100000 | Q:  10.785748 | won: False 
#  663 | steps: 19610 | steps_t: 28453 | t: 145.375150 | r:  -467.000000 | e:   0.100000 | Q:  13.524783 | won: False 
#  664 | steps: 19729 | steps_t: 28571 | t: 146.580188 | r:  -530.000000 | e:   0.100000 | Q:  24.189203 | won: False 
#  665 | steps: 19777 | steps_t: 28618 | t: 147.061149 | r:  -437.000000 | e:   0.100000 | Q:  12.755103 | won: False 
#  666 | steps: 19791 | steps_t: 28631 | t: 147.171386 | r:  -458.000000 | e:   0.100000 | Q:  13.174582 | won: False 
#  667 | steps: 19839 | steps_t: 28678 | t: 147.590073 | r:  -459.000000 | e:   0.100000 | Q:   3.680392 | won: False 
#  668 | steps: 19878 | steps_t: 28716 | t: 147.920477 | r:   161.000000 | e:   0.100000 | Q:  16.772686 | won: True 
#  669 | steps: 19934 | steps_t: 28771 | t: 148.485553 | r:  -456.000000 | e:   0.100000 | Q:  21.308468 | won: False 
#  670 | steps: 19973 | steps_t: 28809 | t: 148.847740 | r:  -461.000000 | e:   0.100000 | Q:  32.635559 | won: False 
