#    1 | steps:    18 | steps_t: 43609 | t: 0.049467 | r:  -429.000000 | e:   0.100000 | Q:  78.882599 | won: False 
#    2 | steps:    67 | steps_t: 43609 | t: 0.126768 | r:  -427.000000 | e:   0.100000 | Q: 108.653397 | won: False 
#    3 | steps:   192 | steps_t: 43609 | t: 0.266471 | r:   119.000000 | e:   0.100000 | Q: 117.974991 | won: True 
#    4 | steps:   316 | steps_t: 43609 | t: 0.421761 | r:   120.000000 | e:   0.100000 | Q: 107.340347 | won: True 
#    5 | steps:   360 | steps_t: 43609 | t: 0.459735 | r:  -499.000000 | e:   0.100000 | Q:  91.414520 | won: False 
#    6 | steps:   507 | steps_t: 43609 | t: 0.601030 | r:  -525.000000 | e:   0.100000 | Q: 172.378616 | won: False 
#    7 | steps:   632 | steps_t: 43609 | t: 0.724033 | r:  -525.000000 | e:   0.100000 | Q: 141.102814 | won: False 
#    8 | steps:   661 | steps_t: 43609 | t: 0.762987 | r:  -473.000000 | e:   0.100000 | Q: 137.648163 | won: False 
#    9 | steps:   750 | steps_t: 43609 | t: 0.839101 | r:   144.000000 | e:   0.100000 | Q: 137.648163 | won: True 
#   10 | steps:   782 | steps_t: 43609 | t: 0.880748 | r:  -454.000000 | e:   0.100000 | Q: 172.378616 | won: False 
#   11 | steps:   837 | steps_t: 43609 | t: 0.929793 | r:  -433.000000 | e:   0.100000 | Q: 107.340347 | won: False 
#   12 | steps:  1167 | steps_t: 43609 | t: 1.296893 | r:  -708.000000 | e:   0.100000 | Q: 161.847992 | won: False 
#   13 | steps:  1178 | steps_t: 43609 | t: 1.305953 | r:  -477.000000 | e:   0.100000 | Q: 117.974991 | won: False 
#   14 | steps:  1241 | steps_t: 43609 | t: 1.365046 | r:   181.000000 | e:   0.100000 | Q: 120.443817 | won: True 
#   15 | steps:  1324 | steps_t: 43609 | t: 1.440407 | r:   161.000000 | e:   0.100000 | Q: 117.974991 | won: True 
#   16 | steps:  1384 | steps_t: 43609 | t: 1.506399 | r:  -526.000000 | e:   0.100000 | Q: 172.378616 | won: False 
#   17 | steps:  1432 | steps_t: 43609 | t: 1.553237 | r:  -470.000000 | e:   0.100000 | Q: 117.974991 | won: False 
#   18 | steps:  1517 | steps_t: 43609 | t: 1.633362 | r:  -540.000000 | e:   0.100000 | Q: 117.974991 | won: False 
#   19 | steps:  1538 | steps_t: 43609 | t: 1.652556 | r:  -487.000000 | e:   0.100000 | Q: 172.378616 | won: False 
#   20 | steps:  1668 | steps_t: 43609 | t: 1.775501 | r:  -585.000000 | e:   0.100000 | Q: 117.974991 | won: False 
#   21 | steps:  1750 | steps_t: 43609 | t: 1.851659 | r:  -460.000000 | e:   0.100000 | Q: 161.847992 | won: False 
#   22 | steps:  1797 | steps_t: 43609 | t: 1.898862 | r:   197.000000 | e:   0.100000 | Q: 107.340347 | won: True 
#   23 | steps:  1869 | steps_t: 43609 | t: 1.963158 | r:   161.000000 | e:   0.100000 | Q: 117.974991 | won: True 
#   24 | steps:  1933 | steps_t: 43609 | t: 2.018689 | r:   180.000000 | e:   0.100000 | Q: 172.378616 | won: True 
#   25 | steps:  2014 | steps_t: 43609 | t: 2.082100 | r:  -481.000000 | e:   0.100000 | Q: 172.378616 | won: False 
#   26 | steps:  2143 | steps_t: 43609 | t: 2.195285 | r:   115.000000 | e:   0.100000 | Q: 117.974991 | won: True 
#   27 | steps:  2154 | steps_t: 43609 | t: 2.211662 | r:  -477.000000 | e:   0.100000 | Q: 117.974991 | won: False 
#   28 | steps:  2345 | steps_t: 43609 | t: 2.380779 | r:  -569.000000 | e:   0.100000 | Q: 161.847992 | won: False 
#   29 | steps:  2490 | steps_t: 43609 | t: 2.532011 | r:  -534.000000 | e:   0.100000 | Q: 172.378616 | won: False 
#   30 | steps:  2567 | steps_t: 43609 | t: 2.605333 | r:  -488.000000 | e:   0.100000 | Q: 113.420853 | won: False 
#   31 | steps:  2579 | steps_t: 43609 | t: 2.616020 | r:  -478.000000 | e:   0.100000 | Q:  91.414520 | won: False 
#   32 | steps:  2767 | steps_t: 43609 | t: 2.786441 | r:  -566.000000 | e:   0.100000 | Q: 117.974991 | won: False 
#   33 | steps:  2918 | steps_t: 43609 | t: 2.929406 | r:  -529.000000 | e:   0.100000 | Q: 121.093842 | won: False 
#   34 | steps:  2945 | steps_t: 43609 | t: 2.954282 | r:  -493.000000 | e:   0.100000 | Q: 172.378616 | won: False 
#   35 | steps:  3003 | steps_t: 43609 | t: 3.005957 | r:   186.000000 | e:   0.100000 | Q: 172.378616 | won: True 
#   36 | steps:  3038 | steps_t: 43609 | t: 3.039814 | r:  -468.000000 | e:   0.100000 | Q: 161.847992 | won: False 
#   37 | steps:  3288 | steps_t: 43609 | t: 3.250962 | r:  -628.000000 | e:   0.100000 | Q: 140.290527 | won: False 
#   38 | steps:  3328 | steps_t: 43609 | t: 3.284466 | r:  -506.000000 | e:   0.100000 | Q: 172.378616 | won: False 
#   39 | steps:  3484 | steps_t: 43609 | t: 3.427397 | r:  -523.000000 | e:   0.100000 | Q: 125.155121 | won: False 
#   40 | steps:  3553 | steps_t: 43609 | t: 3.485419 | r:  -469.000000 | e:   0.100000 | Q: 141.102814 | won: False 
#   41 | steps:  3801 | steps_t: 43609 | t: 3.704247 | r:   -15.000000 | e:   0.100000 | Q: 117.974991 | won: True 
#   42 | steps:  3810 | steps_t: 43609 | t: 3.711176 | r:  -486.000000 | e:   0.100000 | Q:  78.971825 | won: False 
#   43 | steps:  3906 | steps_t: 43609 | t: 3.792978 | r:  -529.000000 | e:   0.100000 | Q: 117.974991 | won: False 
#   44 | steps:  4085 | steps_t: 43609 | t: 3.950298 | r:  -557.000000 | e:   0.100000 | Q: 117.974991 | won: False 
#   45 | steps:  4120 | steps_t: 43609 | t: 3.983459 | r:   209.000000 | e:   0.100000 | Q: 117.974991 | won: True 
#   46 | steps:  4196 | steps_t: 43609 | t: 4.062265 | r:   168.000000 | e:   0.100000 | Q: 117.974991 | won: True 
#   47 | steps:  4548 | steps_t: 43609 | t: 4.357731 | r:  -741.000000 | e:   0.100000 | Q: 161.847992 | won: False 
#   48 | steps:  4675 | steps_t: 43609 | t: 4.472066 | r:  -549.000000 | e:   0.100000 | Q: 172.378616 | won: False 
#   49 | steps:  4697 | steps_t: 43609 | t: 4.497737 | r:  -488.000000 | e:   0.100000 | Q:  91.414520 | won: False 
#   50 | steps:  4805 | steps_t: 43609 | t: 4.592878 | r:  -486.000000 | e:   0.100000 | Q: 108.653397 | won: False 
#   51 | steps:  4977 | steps_t: 43609 | t: 4.746501 | r:  -539.000000 | e:   0.100000 | Q: 117.974991 | won: False 
#   52 | steps:  4992 | steps_t: 43609 | t: 4.757574 | r:  -437.000000 | e:   0.100000 | Q:  78.882599 | won: False 
#   53 | steps:  5040 | steps_t: 43648 | t: 5.157317 | r:  -448.000000 | e:   0.100000 | Q:  95.240471 | won: False 
#   54 | steps:  5140 | steps_t: 43747 | t: 5.950072 | r:   133.000000 | e:   0.100000 | Q: 117.870392 | won: True 
#   55 | steps:  5168 | steps_t: 43774 | t: 6.170920 | r:  -483.000000 | e:   0.100000 | Q:  82.008125 | won: False 
#   56 | steps:  5279 | steps_t: 43884 | t: 7.035232 | r:   133.000000 | e:   0.100000 | Q:  84.616936 | won: True 
#   57 | steps:  5416 | steps_t: 44020 | t: 8.128584 | r:   107.000000 | e:   0.100000 | Q: 122.649529 | won: True 
#   58 | steps:  5436 | steps_t: 44039 | t: 8.275447 | r:  -431.000000 | e:   0.100000 | Q:  94.274040 | won: False 
#   59 | steps:  5560 | steps_t: 44162 | t: 9.240928 | r:   120.000000 | e:   0.100000 | Q: 132.296173 | won: True 
#   60 | steps:  5567 | steps_t: 44168 | t: 9.295436 | r:  -484.000000 | e:   0.100000 | Q: 115.944366 | won: False 
#   61 | steps:  5607 | steps_t: 44207 | t: 9.629354 | r:  -473.000000 | e:   0.100000 | Q:  84.671089 | won: False 
#   62 | steps:  5694 | steps_t: 44293 | t: 10.328591 | r:  -531.000000 | e:   0.100000 | Q: 110.669037 | won: False 
#   63 | steps:  5966 | steps_t: 44564 | t: 12.448344 | r:   -28.000000 | e:   0.100000 | Q:  94.268097 | won: True 
#   64 | steps:  6061 | steps_t: 44658 | t: 13.251971 | r:   149.000000 | e:   0.100000 | Q:  99.132217 | won: True 
#   65 | steps:  6202 | steps_t: 44798 | t: 14.365016 | r:   103.000000 | e:   0.100000 | Q: 100.456276 | won: True 
#   66 | steps:  6278 | steps_t: 44873 | t: 14.968857 | r:   168.000000 | e:   0.100000 | Q: 114.666908 | won: True 
#   67 | steps:  6441 | steps_t: 45035 | t: 16.257183 | r:  -552.000000 | e:   0.100000 | Q:  80.156158 | won: False 
#   68 | steps:  6459 | steps_t: 45052 | t: 16.398727 | r:  -495.000000 | e:   0.100000 | Q:  53.017559 | won: False 
#   69 | steps:  6501 | steps_t: 45093 | t: 16.729531 | r:  -497.000000 | e:   0.100000 | Q:  96.928780 | won: False 
#   70 | steps:  6532 | steps_t: 45123 | t: 16.970205 | r:  -409.000000 | e:   0.100000 | Q:  82.061157 | won: False 
#   71 | steps:  6614 | steps_t: 45204 | t: 17.646113 | r:   162.000000 | e:   0.100000 | Q:  88.334541 | won: True 
#   72 | steps:  6717 | steps_t: 45306 | t: 18.481331 | r:  -481.000000 | e:   0.100000 | Q: 118.634537 | won: False 
#   73 | steps:  6801 | steps_t: 45389 | t: 19.178930 | r:  -451.000000 | e:   0.100000 | Q:  86.247597 | won: False 
#   74 | steps:  6818 | steps_t: 45405 | t: 19.314369 | r:  -450.000000 | e:   0.100000 | Q:  68.638885 | won: False 
#   75 | steps:  6936 | steps_t: 45522 | t: 20.276515 | r:  -496.000000 | e:   0.100000 | Q:  82.593208 | won: False 
#   76 | steps:  7148 | steps_t: 45733 | t: 22.139999 | r:    32.000000 | e:   0.100000 | Q:  75.886482 | won: True 
#   77 | steps:  7167 | steps_t: 45751 | t: 22.287955 | r:  -496.000000 | e:   0.100000 | Q:  45.164619 | won: False 
#   78 | steps:  7246 | steps_t: 45829 | t: 22.899689 | r:  -534.000000 | e:   0.100000 | Q: 103.092743 | won: False 
#   79 | steps:  7270 | steps_t: 45852 | t: 23.103012 | r:  -435.000000 | e:   0.100000 | Q:  67.298668 | won: False 
#   80 | steps:  7349 | steps_t: 45930 | t: 23.908346 | r:  -457.000000 | e:   0.100000 | Q:  92.904411 | won: False 
#   81 | steps:  7448 | steps_t: 46028 | t: 24.847869 | r:  -477.000000 | e:   0.100000 | Q:  89.061592 | won: False 
#   82 | steps:  7536 | steps_t: 46115 | t: 25.553958 | r:   156.000000 | e:   0.100000 | Q:  88.018990 | won: True 
#   83 | steps:  7581 | steps_t: 46159 | t: 25.886484 | r:   188.000000 | e:   0.100000 | Q:  74.815147 | won: True 
#   84 | steps:  7601 | steps_t: 46178 | t: 26.032636 | r:  -420.000000 | e:   0.100000 | Q:  68.080963 | won: False 
#   85 | steps:  7632 | steps_t: 46208 | t: 26.279946 | r:  -409.000000 | e:   0.100000 | Q:  69.232910 | won: False 
#   86 | steps:  7737 | steps_t: 46312 | t: 27.078745 | r:  -538.000000 | e:   0.100000 | Q:  81.935799 | won: False 
#   87 | steps:  7757 | steps_t: 46331 | t: 27.233267 | r:  -497.000000 | e:   0.100000 | Q:  95.118385 | won: False 
#   88 | steps:  7817 | steps_t: 46390 | t: 27.710285 | r:  -438.000000 | e:   0.100000 | Q:  75.157661 | won: False 
#   89 | steps:  7886 | steps_t: 46458 | t: 28.273975 | r:  -447.000000 | e:   0.100000 | Q:  79.283424 | won: False 
#   90 | steps:  7939 | steps_t: 46510 | t: 28.670526 | r:  -508.000000 | e:   0.100000 | Q: 125.016449 | won: False 
#   91 | steps:  8108 | steps_t: 46678 | t: 29.936673 | r:    64.000000 | e:   0.100000 | Q: 105.811325 | won: True 
#   92 | steps:  8337 | steps_t: 46906 | t: 31.683407 | r:  -607.000000 | e:   0.100000 | Q: 101.521660 | won: False 
#   93 | steps:  8417 | steps_t: 46985 | t: 32.319557 | r:   164.000000 | e:   0.100000 | Q:  82.138237 | won: True 
#   94 | steps:  8555 | steps_t: 47122 | t: 33.543004 | r:   106.000000 | e:   0.100000 | Q: 116.182838 | won: True 
#   95 | steps:  8575 | steps_t: 47141 | t: 33.737356 | r:  -497.000000 | e:   0.100000 | Q:  59.861790 | won: False 
#   96 | steps:  8666 | steps_t: 47231 | t: 34.590319 | r:  -469.000000 | e:   0.100000 | Q:  97.166695 | won: False 
#   97 | steps:  9046 | steps_t: 47610 | t: 38.271099 | r:  -758.000000 | e:   0.100000 | Q:  94.479286 | won: False 
#   98 | steps:  9249 | steps_t: 47812 | t: 40.213484 | r:  -581.000000 | e:   0.100000 | Q:  90.539429 | won: False 
#   99 | steps:  9255 | steps_t: 47817 | t: 40.255963 | r:  -483.000000 | e:   0.100000 | Q:  44.032108 | won: False 
#  100 | steps:  9445 | steps_t: 48006 | t: 41.869329 | r:  -568.000000 | e:   0.100000 | Q:  93.216316 | won: False 
#  101 | steps:  9509 | steps_t: 48069 | t: 42.431836 | r:  -442.000000 | e:   0.100000 | Q: 105.917259 | won: False 
#  102 | steps:  9566 | steps_t: 48125 | t: 42.898166 | r:  -446.000000 | e:   0.100000 | Q:  73.651779 | won: False 
#  103 | steps:  9603 | steps_t: 48161 | t: 43.209734 | r:  -437.000000 | e:   0.100000 | Q:  62.680965 | won: False 
#  104 | steps:  9626 | steps_t: 48183 | t: 43.396277 | r:  -500.000000 | e:   0.100000 | Q:  85.755051 | won: False 
#  105 | steps:  9635 | steps_t: 48191 | t: 43.469874 | r:  -475.000000 | e:   0.100000 | Q:  61.840569 | won: False 
#  106 | steps:  9796 | steps_t: 48351 | t: 44.836099 | r:  -572.000000 | e:   0.100000 | Q: 102.851326 | won: False 
#  107 | steps:  9882 | steps_t: 48436 | t: 45.524438 | r:  -519.000000 | e:   0.100000 | Q:  78.964195 | won: False 
#  108 | steps: 10027 | steps_t: 48580 | t: 46.726712 | r:  -523.000000 | e:   0.100000 | Q:  95.374405 | won: False 
#  109 | steps: 10127 | steps_t: 48679 | t: 47.535785 | r:   144.000000 | e:   0.100000 | Q: 102.946007 | won: True 
#  110 | steps: 10283 | steps_t: 48834 | t: 48.781854 | r:  -534.000000 | e:   0.100000 | Q: 107.953636 | won: False 
#  111 | steps: 10442 | steps_t: 48992 | t: 50.071879 | r:  -548.000000 | e:   0.100000 | Q:  73.706703 | won: False 
#  112 | steps: 10522 | steps_t: 49071 | t: 50.731309 | r:   164.000000 | e:   0.100000 | Q:  90.636223 | won: True 
#  113 | steps: 10604 | steps_t: 49152 | t: 51.413294 | r:  -449.000000 | e:   0.100000 | Q:  84.223312 | won: False 
#  114 | steps: 10623 | steps_t: 49170 | t: 51.567003 | r:  -474.000000 | e:   0.100000 | Q:  64.638580 | won: False 
#  115 | steps: 10716 | steps_t: 49262 | t: 52.366992 | r:  -570.000000 | e:   0.100000 | Q:  73.450256 | won: False 
#  116 | steps: 10837 | steps_t: 49382 | t: 53.547290 | r:   123.000000 | e:   0.100000 | Q:  97.132713 | won: True 
#  117 | steps: 10927 | steps_t: 49471 | t: 54.406005 | r:  -545.000000 | e:   0.100000 | Q:  67.453049 | won: False 
#  118 | steps: 10997 | steps_t: 49540 | t: 54.981486 | r:   163.000000 | e:   0.100000 | Q: 124.160072 | won: True 
#  119 | steps: 11045 | steps_t: 49587 | t: 55.379411 | r:  -426.000000 | e:   0.100000 | Q:  76.799782 | won: False 
#  120 | steps: 11069 | steps_t: 49610 | t: 55.569056 | r:  -490.000000 | e:   0.100000 | Q:  59.318569 | won: False 
#  121 | steps: 11264 | steps_t: 49804 | t: 57.211728 | r:    49.000000 | e:   0.100000 | Q:  95.336510 | won: True 
#  122 | steps: 11322 | steps_t: 49861 | t: 57.699900 | r:   186.000000 | e:   0.100000 | Q:  94.048073 | won: True 
#  123 | steps: 11395 | steps_t: 49933 | t: 58.321282 | r:  -517.000000 | e:   0.100000 | Q:  68.455200 | won: False 
#  124 | steps: 11480 | steps_t: 50017 | t: 59.026747 | r:  -474.000000 | e:   0.100000 | Q:  74.811058 | won: False 
#  125 | steps: 11616 | steps_t: 50152 | t: 60.289657 | r:  -503.000000 | e:   0.100000 | Q:  83.015236 | won: False 
#  126 | steps: 11767 | steps_t: 50302 | t: 62.285630 | r:  -540.000000 | e:   0.100000 | Q:  54.724918 | won: False 
#  127 | steps: 11945 | steps_t: 50479 | t: 63.978305 | r:  -545.000000 | e:   0.100000 | Q:  96.482956 | won: False 
#  128 | steps: 12103 | steps_t: 50636 | t: 65.439821 | r:    86.000000 | e:   0.100000 | Q: 124.580482 | won: True 
#  129 | steps: 12563 | steps_t: 51095 | t: 69.853295 | r:  -838.000000 | e:   0.100000 | Q:  91.841393 | won: False 
#  130 | steps: 12638 | steps_t: 51169 | t: 70.545292 | r:  -464.000000 | e:   0.100000 | Q:  64.047318 | won: False 
#  131 | steps: 12702 | steps_t: 51232 | t: 71.101705 | r:  -442.000000 | e:   0.100000 | Q:  84.935837 | won: False 
#  132 | steps: 12789 | steps_t: 51318 | t: 71.848352 | r:  -509.000000 | e:   0.100000 | Q:  84.142189 | won: False 
#  133 | steps: 12872 | steps_t: 51400 | t: 72.522877 | r:  -549.000000 | e:   0.100000 | Q:  83.184738 | won: False 
#  134 | steps: 12997 | steps_t: 51524 | t: 73.876132 | r:  -503.000000 | e:   0.100000 | Q: 111.127365 | won: False 
#  135 | steps: 13188 | steps_t: 51714 | t: 75.920874 | r:  -580.000000 | e:   0.100000 | Q:  82.549332 | won: False 
#  136 | steps: 13237 | steps_t: 51762 | t: 76.363051 | r:  -460.000000 | e:   0.100000 | Q: 103.710129 | won: False 
#  137 | steps: 13273 | steps_t: 51797 | t: 76.704204 | r:  -491.000000 | e:   0.100000 | Q:  69.696716 | won: False 
#  138 | steps: 13487 | steps_t: 52010 | t: 79.264018 | r:  -581.000000 | e:   0.100000 | Q:  67.512558 | won: False 
#  139 | steps: 13493 | steps_t: 52015 | t: 79.310839 | r:  -483.000000 | e:   0.100000 | Q:  43.220562 | won: False 
#  140 | steps: 13544 | steps_t: 52065 | t: 79.764317 | r:   193.000000 | e:   0.100000 | Q:  86.401283 | won: True 
#  141 | steps: 13575 | steps_t: 52095 | t: 80.075659 | r:  -464.000000 | e:   0.100000 | Q:  87.486557 | won: False 
#  142 | steps: 13587 | steps_t: 52106 | t: 80.177954 | r:  -489.000000 | e:   0.100000 | Q:  56.682808 | won: False 
#  143 | steps: 13792 | steps_t: 52310 | t: 82.050077 | r:  -671.000000 | e:   0.100000 | Q:  64.361649 | won: False 
#  144 | steps: 13799 | steps_t: 52316 | t: 82.110661 | r:  -495.000000 | e:   0.100000 | Q:  40.829765 | won: False 
#  145 | steps: 13819 | steps_t: 52335 | t: 82.279379 | r:  -497.000000 | e:   0.100000 | Q:  42.886234 | won: False 
#  146 | steps: 13916 | steps_t: 52431 | t: 83.142478 | r:  -475.000000 | e:   0.100000 | Q:  56.304859 | won: False 
#  147 | steps: 14005 | steps_t: 52519 | t: 84.121051 | r:  -522.000000 | e:   0.100000 | Q:  70.285919 | won: False 
#  148 | steps: 14021 | steps_t: 52534 | t: 84.307565 | r:  -493.000000 | e:   0.100000 | Q:  43.522270 | won: False 
#  149 | steps: 14060 | steps_t: 52572 | t: 84.758456 | r:  -505.000000 | e:   0.100000 | Q:  53.801315 | won: False 
#  150 | steps: 14096 | steps_t: 52607 | t: 85.171709 | r:  -425.000000 | e:   0.100000 | Q:  79.119476 | won: False 
#  151 | steps: 14175 | steps_t: 52685 | t: 85.978400 | r:  -523.000000 | e:   0.100000 | Q:  65.716942 | won: False 
#  152 | steps: 14197 | steps_t: 52706 | t: 86.182809 | r:  -499.000000 | e:   0.100000 | Q:  74.949791 | won: False 
#  153 | steps: 14208 | steps_t: 52716 | t: 86.274634 | r:  -477.000000 | e:   0.100000 | Q:  49.776630 | won: False 
#  154 | steps: 14315 | steps_t: 52822 | t: 87.312933 | r:   137.000000 | e:   0.100000 | Q:  83.328651 | won: True 
#  155 | steps: 14453 | steps_t: 52959 | t: 88.605192 | r:    95.000000 | e:   0.100000 | Q:  79.753571 | won: True 
#  156 | steps: 15012 | steps_t: 53517 | t: 93.760784 | r:  -948.000000 | e:   0.100000 | Q:  88.496323 | won: False 
#  157 | steps: 15068 | steps_t: 53572 | t: 94.449612 | r:  -478.000000 | e:   0.100000 | Q:  91.174583 | won: False 
#  158 | steps: 15308 | steps_t: 53811 | t: 97.487256 | r:  -618.000000 | e:   0.100000 | Q:  77.493446 | won: False 
#  159 | steps: 15346 | steps_t: 53848 | t: 97.868610 | r:  -416.000000 | e:   0.100000 | Q:  71.384956 | won: False 
#  160 | steps: 15432 | steps_t: 53933 | t: 98.791989 | r:  -475.000000 | e:   0.100000 | Q:  82.324600 | won: False 
#  161 | steps: 15928 | steps_t: 54428 | t: 103.359842 | r:  -874.000000 | e:   0.100000 | Q: 136.267654 | won: False 
#  162 | steps: 16150 | steps_t: 54649 | t: 105.278331 | r:  -611.000000 | e:   0.100000 | Q:  73.554825 | won: False 
#  163 | steps: 16250 | steps_t: 54748 | t: 106.209789 | r:   144.000000 | e:   0.100000 | Q:  79.132172 | won: True 
#  164 | steps: 16281 | steps_t: 54778 | t: 106.477430 | r:  -464.000000 | e:   0.100000 | Q:  95.466034 | won: False 
#  165 | steps: 16427 | steps_t: 54923 | t: 107.737662 | r:    87.000000 | e:   0.100000 | Q:  74.350891 | won: True 
#  166 | steps: 16551 | steps_t: 55046 | t: 109.028272 | r:  -513.000000 | e:   0.100000 | Q:  73.907890 | won: False 
#  167 | steps: 16718 | steps_t: 55212 | t: 110.659706 | r:  -567.000000 | e:   0.100000 | Q: 126.996597 | won: False 
#  168 | steps: 16731 | steps_t: 55224 | t: 110.777865 | r:  -479.000000 | e:   0.100000 | Q: 111.989944 | won: False 
#  169 | steps: 16821 | steps_t: 55313 | t: 111.691099 | r:  -479.000000 | e:   0.100000 | Q:  95.214325 | won: False 
#  170 | steps: 16893 | steps_t: 55384 | t: 112.441226 | r:  -538.000000 | e:   0.100000 | Q:  55.506821 | won: False 
#  171 | steps: 16962 | steps_t: 55452 | t: 113.485246 | r:  -524.000000 | e:   0.100000 | Q:  59.565556 | won: False 
#  172 | steps: 16978 | steps_t: 55467 | t: 113.643278 | r:  -482.000000 | e:   0.100000 | Q:  55.989773 | won: False 
#  173 | steps: 17030 | steps_t: 55518 | t: 114.276996 | r:  -452.000000 | e:   0.100000 | Q:  66.304359 | won: False 
#  174 | steps: 17122 | steps_t: 55609 | t: 115.192679 | r:  -514.000000 | e:   0.100000 | Q:  69.781898 | won: False 
#  175 | steps: 17212 | steps_t: 55698 | t: 115.968510 | r:   154.000000 | e:   0.100000 | Q:  72.877213 | won: True 
#  176 | steps: 17269 | steps_t: 55754 | t: 116.590975 | r:  -479.000000 | e:   0.100000 | Q:  62.982956 | won: False 
#  177 | steps: 17378 | steps_t: 55862 | t: 117.503750 | r:  -575.000000 | e:   0.100000 | Q:  83.907684 | won: False 
#  178 | steps: 17743 | steps_t: 56226 | t: 120.863772 | r:  -743.000000 | e:   0.100000 | Q:  96.176102 | won: False 
#  179 | steps: 17930 | steps_t: 56412 | t: 122.467745 | r:  -565.000000 | e:   0.100000 | Q:  85.950050 | won: False 
#  180 | steps: 18015 | steps_t: 56496 | t: 123.221071 | r:   159.000000 | e:   0.100000 | Q:  78.300903 | won: True 
#  181 | steps: 18033 | steps_t: 56513 | t: 123.375815 | r:  -429.000000 | e:   0.100000 | Q:  52.343903 | won: False 
#  182 | steps: 18180 | steps_t: 56659 | t: 124.613371 | r:  -525.000000 | e:   0.100000 | Q:  73.564720 | won: False 
#  183 | steps: 18549 | steps_t: 57027 | t: 128.879910 | r:  -747.000000 | e:   0.100000 | Q:  75.250046 | won: False 
#  184 | steps: 18809 | steps_t: 57286 | t: 132.053701 | r:  -638.000000 | e:   0.100000 | Q:  87.338646 | won: False 
#  185 | steps: 18896 | steps_t: 57372 | t: 132.913676 | r:  -454.000000 | e:   0.100000 | Q:  81.705315 | won: False 
#  186 | steps: 18973 | steps_t: 57448 | t: 133.638627 | r:  -477.000000 | e:   0.100000 | Q:  83.005524 | won: False 
#  187 | steps: 19173 | steps_t: 57647 | t: 135.665648 | r:  -578.000000 | e:   0.100000 | Q:  81.144432 | won: False 
#  188 | steps: 19328 | steps_t: 57801 | t: 137.461538 | r:  -610.000000 | e:   0.100000 | Q:  92.643394 | won: False 
#  189 | steps: 19601 | steps_t: 58073 | t: 140.419680 | r:  -640.000000 | e:   0.100000 | Q: 109.144485 | won: False 
#  190 | steps: 19618 | steps_t: 58089 | t: 140.642988 | r:  -494.000000 | e:   0.100000 | Q:  51.641739 | won: False 
#  191 | steps: 19695 | steps_t: 58165 | t: 141.452682 | r:  -433.000000 | e:   0.100000 | Q:  72.076355 | won: False 
#  192 | steps: 19790 | steps_t: 58259 | t: 142.398410 | r:   138.000000 | e:   0.100000 | Q:  53.319973 | won: True 
#  193 | steps: 19979 | steps_t: 58447 | t: 144.336632 | r:  -600.000000 | e:   0.100000 | Q:  92.005363 | won: False 
#  194 | steps: 19998 | steps_t: 58465 | t: 144.522470 | r:  -463.000000 | e:   0.100000 | Q:  62.325470 | won: False 
