#    1 | steps:   455 | steps_t: 58466 | t: 0.361264 | r:  -954.000000 | e:   0.100000 | Q:  51.644642 | won: False 
#    2 | steps:   670 | steps_t: 58466 | t: 0.547537 | r:  -714.000000 | e:   0.100000 | Q:  39.456753 | won: False 
#    3 | steps:   690 | steps_t: 58466 | t: 0.563273 | r:  -519.000000 | e:   0.100000 | Q:  34.672787 | won: False 
#    4 | steps:   743 | steps_t: 58466 | t: 0.608035 | r:    48.000000 | e:   0.100000 | Q:  39.926643 | won: True 
#    5 | steps:   914 | steps_t: 58466 | t: 0.740260 | r:  -670.000000 | e:   0.100000 | Q:  63.969624 | won: False 
#    6 | steps:   981 | steps_t: 58466 | t: 0.795384 | r:  -566.000000 | e:   0.100000 | Q:  51.772694 | won: False 
#    7 | steps:  1108 | steps_t: 58466 | t: 0.896423 | r:  -626.000000 | e:   0.100000 | Q:  51.772694 | won: False 
#    8 | steps:  1167 | steps_t: 58466 | t: 0.946686 | r:    42.000000 | e:   0.100000 | Q:  63.969624 | won: True 
#    9 | steps:  1321 | steps_t: 58466 | t: 1.075364 | r:  -653.000000 | e:   0.100000 | Q:  39.456753 | won: False 
#   10 | steps:  1339 | steps_t: 58466 | t: 1.090623 | r:  -517.000000 | e:   0.100000 | Q:  36.832355 | won: False 
#   11 | steps:  1598 | steps_t: 58466 | t: 1.304829 | r:  -758.000000 | e:   0.100000 | Q:  63.969624 | won: False 
#   12 | steps:  1784 | steps_t: 58466 | t: 1.451994 | r:  -685.000000 | e:   0.100000 | Q:  63.969624 | won: False 
#   13 | steps:  1833 | steps_t: 58466 | t: 1.493929 | r:  -548.000000 | e:   0.100000 | Q:  63.969624 | won: False 
#   14 | steps:  1872 | steps_t: 58466 | t: 1.525536 | r:  -538.000000 | e:   0.100000 | Q:  63.969624 | won: False 
#   15 | steps:  2335 | steps_t: 58466 | t: 1.935200 | r:  -962.000000 | e:   0.100000 | Q:  53.676018 | won: False 
#   16 | steps:  2370 | steps_t: 58466 | t: 1.966288 | r:  -534.000000 | e:   0.100000 | Q:  36.832355 | won: False 
#   17 | steps:  2576 | steps_t: 58466 | t: 2.148572 | r:  -705.000000 | e:   0.100000 | Q:  63.969624 | won: False 
#   18 | steps:  2586 | steps_t: 58466 | t: 2.157308 | r:  -509.000000 | e:   0.100000 | Q:  34.672787 | won: False 
#   19 | steps:  2698 | steps_t: 58466 | t: 2.245913 | r:  -611.000000 | e:   0.100000 | Q:  63.969624 | won: False 
#   20 | steps:  2804 | steps_t: 58466 | t: 2.331069 | r:  -605.000000 | e:   0.100000 | Q:  63.969624 | won: False 
#   21 | steps:  3015 | steps_t: 58466 | t: 2.513999 | r:  -710.000000 | e:   0.100000 | Q:  63.969624 | won: False 
#   22 | steps:  3346 | steps_t: 58466 | t: 2.940389 | r:  -830.000000 | e:   0.100000 | Q:  63.969624 | won: False 
#   23 | steps:  3364 | steps_t: 58466 | t: 2.952561 | r:  -517.000000 | e:   0.100000 | Q:  63.969624 | won: False 
#   24 | steps:  3543 | steps_t: 58466 | t: 3.134909 | r:  -678.000000 | e:   0.100000 | Q:  63.969624 | won: False 
#   25 | steps:  3553 | steps_t: 58466 | t: 3.146790 | r:  -509.000000 | e:   0.100000 | Q:  32.276962 | won: False 
#   26 | steps:  3650 | steps_t: 58466 | t: 3.255905 | r:  -596.000000 | e:   0.100000 | Q:  63.969624 | won: False 
#   27 | steps:  3985 | steps_t: 58466 | t: 3.558930 | r:  -834.000000 | e:   0.100000 | Q:  51.644642 | won: False 
#   28 | steps:  3998 | steps_t: 58466 | t: 3.567724 | r:  -512.000000 | e:   0.100000 | Q:  63.969624 | won: False 
#   29 | steps:  4665 | steps_t: 58466 | t: 4.354754 | r: -1166.000000 | e:   0.100000 | Q:  51.644642 | won: False 
#   30 | steps:  4705 | steps_t: 58466 | t: 4.390565 | r:  -539.000000 | e:   0.100000 | Q:  36.832355 | won: False 
#   31 | steps:  4716 | steps_t: 58466 | t: 4.397873 | r:  -510.000000 | e:   0.100000 | Q:  34.672787 | won: False 
#   32 | steps:  4801 | steps_t: 58466 | t: 4.474036 | r:  -584.000000 | e:   0.100000 | Q:  63.969624 | won: False 
#   33 | steps:  4873 | steps_t: 58466 | t: 4.541222 | r:  -571.000000 | e:   0.100000 | Q:  39.204887 | won: False 
#   34 | steps:  4983 | steps_t: 58466 | t: 4.638346 | r:  -609.000000 | e:   0.100000 | Q:  39.204887 | won: False 
#   35 | steps:  5050 | steps_t: 58515 | t: 5.202617 | r:  -566.000000 | e:   0.100000 | Q:  65.041962 | won: False 
#   36 | steps:  5114 | steps_t: 58578 | t: 5.740427 | r:  -563.000000 | e:   0.100000 | Q:  65.478874 | won: False 
#   37 | steps:  5124 | steps_t: 58587 | t: 5.821276 | r:  -509.000000 | e:   0.100000 | Q:  37.398590 | won: False 
#   38 | steps:  5156 | steps_t: 58618 | t: 6.081619 | r:    69.000000 | e:   0.100000 | Q:  60.818645 | won: True 
#   39 | steps:  5175 | steps_t: 58636 | t: 6.229150 | r:    82.000000 | e:   0.100000 | Q:  46.916233 | won: True 
#   40 | steps:  5184 | steps_t: 58644 | t: 6.299958 | r:  -508.000000 | e:   0.100000 | Q:  37.991528 | won: False 
#   41 | steps:  5261 | steps_t: 58720 | t: 6.917102 | r:  -576.000000 | e:   0.100000 | Q:  65.510796 | won: False 
#   42 | steps:  5456 | steps_t: 58914 | t: 8.501874 | r:   -94.000000 | e:   0.100000 | Q:  55.346218 | won: True 
#   43 | steps:  5496 | steps_t: 58953 | t: 8.821824 | r:  -539.000000 | e:   0.100000 | Q:  48.363773 | won: False 
#   44 | steps:  5670 | steps_t: 59126 | t: 10.230023 | r:   -73.000000 | e:   0.100000 | Q:  54.517048 | won: True 
#   45 | steps:  5702 | steps_t: 59157 | t: 10.484189 | r:  -531.000000 | e:   0.100000 | Q:  59.505466 | won: False 
#   46 | steps:  5828 | steps_t: 59282 | t: 11.515848 | r:   -25.000000 | e:   0.100000 | Q:  69.405502 | won: True 
#   47 | steps:  6004 | steps_t: 59457 | t: 12.933522 | r:  -675.000000 | e:   0.100000 | Q:  47.451023 | won: False 
#   48 | steps:  6054 | steps_t: 59506 | t: 13.338255 | r:    51.000000 | e:   0.100000 | Q:  46.693577 | won: True 
#   49 | steps:  6102 | steps_t: 59553 | t: 13.739619 | r:    53.000000 | e:   0.100000 | Q:  59.968288 | won: True 
#   50 | steps:  6153 | steps_t: 59603 | t: 14.161212 | r:    50.000000 | e:   0.100000 | Q:  48.389282 | won: True 
#   51 | steps:  6214 | steps_t: 59663 | t: 14.697561 | r:    40.000000 | e:   0.100000 | Q:  61.169529 | won: True 
#   52 | steps:  6248 | steps_t: 59696 | t: 14.979221 | r:    67.000000 | e:   0.100000 | Q:  56.221428 | won: True 
#   53 | steps:  6283 | steps_t: 59730 | t: 15.258754 | r:    66.000000 | e:   0.100000 | Q:  47.769341 | won: True 
#   54 | steps:  6300 | steps_t: 59746 | t: 15.391934 | r:    84.000000 | e:   0.100000 | Q:  42.207508 | won: True 
#   55 | steps:  6339 | steps_t: 59784 | t: 15.714854 | r:    62.000000 | e:   0.100000 | Q:  46.597656 | won: True 
#   56 | steps:  6350 | steps_t: 59794 | t: 15.806905 | r:  -510.000000 | e:   0.100000 | Q:  24.318308 | won: False 
#   57 | steps:  6480 | steps_t: 59923 | t: 17.085060 | r:  -629.000000 | e:   0.100000 | Q:  38.459957 | won: False 
#   58 | steps:  6555 | steps_t: 59997 | t: 17.930784 | r:  -574.000000 | e:   0.100000 | Q:  66.251740 | won: False 
#   59 | steps:  6601 | steps_t: 60042 | t: 18.437888 | r:  -545.000000 | e:   0.100000 | Q:  50.639774 | won: False 
#   60 | steps:  6753 | steps_t: 60193 | t: 19.863064 | r:   -51.000000 | e:   0.100000 | Q:  55.140987 | won: True 
#   61 | steps:  6782 | steps_t: 60221 | t: 20.119562 | r:    72.000000 | e:   0.100000 | Q:  41.973007 | won: True 
#   62 | steps:  6848 | steps_t: 60286 | t: 20.738183 | r:  -565.000000 | e:   0.100000 | Q:  27.856020 | won: False 
#   63 | steps:  6947 | steps_t: 60384 | t: 21.592472 | r:     2.000000 | e:   0.100000 | Q:  53.498009 | won: True 
#   64 | steps:  6957 | steps_t: 60393 | t: 21.689545 | r:  -509.000000 | e:   0.100000 | Q:  30.546185 | won: False 
#   65 | steps:  7068 | steps_t: 60503 | t: 22.628557 | r:   -10.000000 | e:   0.100000 | Q:  52.235115 | won: True 
#   66 | steps:  7174 | steps_t: 60608 | t: 23.550393 | r:    -5.000000 | e:   0.100000 | Q:  44.959221 | won: True 
#   67 | steps:  7249 | steps_t: 60682 | t: 24.304183 | r:    26.000000 | e:   0.100000 | Q:  42.363930 | won: True 
#   68 | steps:  7278 | steps_t: 60710 | t: 24.619902 | r:  -528.000000 | e:   0.100000 | Q:  31.213018 | won: False 
#   69 | steps:  7329 | steps_t: 60760 | t: 25.102458 | r:    50.000000 | e:   0.100000 | Q:  45.893612 | won: True 
#   70 | steps:  7473 | steps_t: 60903 | t: 26.397112 | r:  -643.000000 | e:   0.100000 | Q:  37.946423 | won: False 
#   71 | steps:  7479 | steps_t: 60908 | t: 26.449955 | r:  -505.000000 | e:   0.100000 | Q:  17.853369 | won: False 
#   72 | steps:  7609 | steps_t: 61037 | t: 27.593588 | r:  -629.000000 | e:   0.100000 | Q:  34.616211 | won: False 
#   73 | steps:  7616 | steps_t: 61043 | t: 27.652778 | r:  -506.000000 | e:   0.100000 | Q:  22.390385 | won: False 
#   74 | steps:  7669 | steps_t: 61095 | t: 28.099723 | r:  -552.000000 | e:   0.100000 | Q:  37.993511 | won: False 
#   75 | steps:  7754 | steps_t: 61179 | t: 28.862984 | r:  -584.000000 | e:   0.100000 | Q:  38.349323 | won: False 
#   76 | steps:  8033 | steps_t: 61457 | t: 31.822046 | r:  -778.000000 | e:   0.100000 | Q:  34.942673 | won: False 
#   77 | steps:  8113 | steps_t: 61536 | t: 32.549328 | r:  -579.000000 | e:   0.100000 | Q:  42.415607 | won: False 
#   78 | steps:  8129 | steps_t: 61551 | t: 32.683732 | r:    85.000000 | e:   0.100000 | Q:  52.123573 | won: True 
#   79 | steps:  8257 | steps_t: 61678 | t: 33.793158 | r:   -27.000000 | e:   0.100000 | Q:  29.362608 | won: True 
#   80 | steps:  8281 | steps_t: 61701 | t: 34.030567 | r:    77.000000 | e:   0.100000 | Q:  20.857210 | won: True 
#   81 | steps:  8374 | steps_t: 61793 | t: 34.895673 | r:     8.000000 | e:   0.100000 | Q:  29.474766 | won: True 
#   82 | steps:  8403 | steps_t: 61821 | t: 35.212600 | r:  -528.000000 | e:   0.100000 | Q:  16.762886 | won: False 
#   83 | steps:  8450 | steps_t: 61867 | t: 35.715006 | r:  -546.000000 | e:   0.100000 | Q:  30.363419 | won: False 
#   84 | steps:  8599 | steps_t: 62015 | t: 37.428405 | r:  -648.000000 | e:   0.100000 | Q:  29.935373 | won: False 
#   85 | steps:  8660 | steps_t: 62075 | t: 37.991530 | r:  -560.000000 | e:   0.100000 | Q:  42.227531 | won: False 
#   86 | steps:  8704 | steps_t: 62118 | t: 38.427748 | r:  -543.000000 | e:   0.100000 | Q:  19.036577 | won: False 
#   87 | steps:  8760 | steps_t: 62173 | t: 38.963736 | r:  -555.000000 | e:   0.100000 | Q:  27.155104 | won: False 
#   88 | steps:  8767 | steps_t: 62179 | t: 39.025682 | r:  -506.000000 | e:   0.100000 | Q:  12.358179 | won: False 
#   89 | steps:  8797 | steps_t: 62208 | t: 39.305272 | r:  -529.000000 | e:   0.100000 | Q:  29.677639 | won: False 
#   90 | steps:  8840 | steps_t: 62250 | t: 39.691008 | r:  -542.000000 | e:   0.100000 | Q:  21.629030 | won: False 
#   91 | steps:  8957 | steps_t: 62366 | t: 40.710577 | r:  -616.000000 | e:   0.100000 | Q:  39.179008 | won: False 
#   92 | steps:  8966 | steps_t: 62374 | t: 40.789893 | r:  -508.000000 | e:   0.100000 | Q:  15.637331 | won: False 
#   93 | steps:  9001 | steps_t: 62408 | t: 41.128525 | r:  -534.000000 | e:   0.100000 | Q:  25.792620 | won: False 
#   94 | steps:  9070 | steps_t: 62476 | t: 41.762788 | r:    32.000000 | e:   0.100000 | Q:  27.307104 | won: True 
#   95 | steps:  9236 | steps_t: 62641 | t: 43.242537 | r:   -65.000000 | e:   0.100000 | Q:  42.770363 | won: True 
#   96 | steps:  9279 | steps_t: 62683 | t: 43.627721 | r:  -542.000000 | e:   0.100000 | Q:  20.330437 | won: False 
#   97 | steps:  9554 | steps_t: 62957 | t: 46.157636 | r:  -774.000000 | e:   0.100000 | Q:  47.553768 | won: False 
#   98 | steps:  9660 | steps_t: 63062 | t: 47.256347 | r:  -605.000000 | e:   0.100000 | Q:  42.680164 | won: False 
#   99 | steps:  9781 | steps_t: 63182 | t: 48.556102 | r:  -620.000000 | e:   0.100000 | Q:  53.311222 | won: False 
#  100 | steps: 10035 | steps_t: 63435 | t: 50.824672 | r:  -153.000000 | e:   0.100000 | Q:  58.199070 | won: True 
#  101 | steps: 10278 | steps_t: 63677 | t: 53.080177 | r:  -742.000000 | e:   0.100000 | Q:  50.406921 | won: False 
#  102 | steps: 10344 | steps_t: 63742 | t: 53.699870 | r:  -565.000000 | e:   0.100000 | Q:  29.106411 | won: False 
#  103 | steps: 10368 | steps_t: 63765 | t: 53.916433 | r:    77.000000 | e:   0.100000 | Q:  29.664413 | won: True 
#  104 | steps: 10411 | steps_t: 63807 | t: 54.343941 | r:  -542.000000 | e:   0.100000 | Q:  24.305120 | won: False 
#  105 | steps: 10440 | steps_t: 63835 | t: 54.631244 | r:    72.000000 | e:   0.100000 | Q:  42.226688 | won: True 
#  106 | steps: 10493 | steps_t: 63887 | t: 55.431897 | r:    48.000000 | e:   0.100000 | Q:  25.282213 | won: True 
#  107 | steps: 10539 | steps_t: 63932 | t: 55.976151 | r:  -545.000000 | e:   0.100000 | Q:  28.997583 | won: False 
#  108 | steps: 10573 | steps_t: 63965 | t: 56.314742 | r:  -533.000000 | e:   0.100000 | Q:  31.840336 | won: False 
#  109 | steps: 10619 | steps_t: 64010 | t: 56.968369 | r:  -545.000000 | e:   0.100000 | Q:  36.871216 | won: False 
#  110 | steps: 10823 | steps_t: 64213 | t: 59.115199 | r:  -703.000000 | e:   0.100000 | Q:  37.421955 | won: False 
#  111 | steps: 10829 | steps_t: 64218 | t: 59.165016 | r:  -505.000000 | e:   0.100000 | Q:  21.420191 | won: False 
#  112 | steps: 10871 | steps_t: 64259 | t: 59.553380 | r:  -541.000000 | e:   0.100000 | Q:  37.892464 | won: False 
#  113 | steps: 10919 | steps_t: 64306 | t: 59.993438 | r:  -547.000000 | e:   0.100000 | Q:  38.880245 | won: False 
#  114 | steps: 10990 | steps_t: 64376 | t: 60.673284 | r:  -570.000000 | e:   0.100000 | Q:  41.235439 | won: False 
#  115 | steps: 11330 | steps_t: 64715 | t: 63.666944 | r:  -839.000000 | e:   0.100000 | Q:  52.514309 | won: False 
#  116 | steps: 11380 | steps_t: 64764 | t: 64.116931 | r:    51.000000 | e:   0.100000 | Q:  39.597454 | won: True 
#  117 | steps: 11396 | steps_t: 64779 | t: 64.306405 | r:    85.000000 | e:   0.100000 | Q:  45.332375 | won: True 
#  118 | steps: 11463 | steps_t: 64845 | t: 64.975124 | r:    34.000000 | e:   0.100000 | Q:  53.817707 | won: True 
#  119 | steps: 11537 | steps_t: 64918 | t: 65.775044 | r:  -573.000000 | e:   0.100000 | Q:  40.919064 | won: False 
#  120 | steps: 11565 | steps_t: 64945 | t: 66.079633 | r:    73.000000 | e:   0.100000 | Q:  52.471489 | won: True 
#  121 | steps: 11594 | steps_t: 64973 | t: 66.340134 | r:    72.000000 | e:   0.100000 | Q:  57.158813 | won: True 
#  122 | steps: 11704 | steps_t: 65082 | t: 67.294747 | r:  -609.000000 | e:   0.100000 | Q:  43.325981 | won: False 
#  123 | steps: 11715 | steps_t: 65092 | t: 67.384862 | r:  -510.000000 | e:   0.100000 | Q:  28.037630 | won: False 
#  124 | steps: 11945 | steps_t: 65321 | t: 69.349072 | r:  -729.000000 | e:   0.100000 | Q:  45.316483 | won: False 
#  125 | steps: 11990 | steps_t: 65365 | t: 69.731280 | r:    56.000000 | e:   0.100000 | Q:  81.204651 | won: True 
#  126 | steps: 12122 | steps_t: 65496 | t: 70.970912 | r:   -31.000000 | e:   0.100000 | Q:  49.534538 | won: True 
#  127 | steps: 12146 | steps_t: 65519 | t: 71.217090 | r:  -523.000000 | e:   0.100000 | Q:  21.311680 | won: False 
#  128 | steps: 12162 | steps_t: 65534 | t: 71.394985 | r:    85.000000 | e:   0.100000 | Q:  49.646561 | won: True 
#  129 | steps: 12175 | steps_t: 65546 | t: 71.503629 | r:    88.000000 | e:   0.100000 | Q:  45.993855 | won: True 
#  130 | steps: 12334 | steps_t: 65704 | t: 72.912617 | r:  -658.000000 | e:   0.100000 | Q:  48.997372 | won: False 
#  131 | steps: 12425 | steps_t: 65794 | t: 73.736086 | r:  -590.000000 | e:   0.100000 | Q:  37.013687 | won: False 
#  132 | steps: 12449 | steps_t: 65817 | t: 73.935341 | r:  -523.000000 | e:   0.100000 | Q:  23.012760 | won: False 
#  133 | steps: 12499 | steps_t: 65866 | t: 74.377510 | r:    51.000000 | e:   0.100000 | Q:  44.163147 | won: True 
#  134 | steps: 12512 | steps_t: 65878 | t: 74.481313 | r:    88.000000 | e:   0.100000 | Q:  74.292412 | won: True 
#  135 | steps: 12523 | steps_t: 65888 | t: 74.570455 | r:  -510.000000 | e:   0.100000 | Q:  21.268961 | won: False 
#  136 | steps: 12589 | steps_t: 65953 | t: 75.182463 | r:    35.000000 | e:   0.100000 | Q:  59.689228 | won: True 
#  137 | steps: 12596 | steps_t: 65959 | t: 75.237699 | r:  -506.000000 | e:   0.100000 | Q:  52.883461 | won: False 
#  138 | steps: 12758 | steps_t: 66120 | t: 76.727680 | r:  -661.000000 | e:   0.100000 | Q:  38.260239 | won: False 
#  139 | steps: 12777 | steps_t: 66138 | t: 76.921124 | r:    82.000000 | e:   0.100000 | Q:  43.888779 | won: True 
#  140 | steps: 12803 | steps_t: 66163 | t: 77.133974 | r:  -525.000000 | e:   0.100000 | Q:  38.943684 | won: False 
#  141 | steps: 12830 | steps_t: 66189 | t: 77.351853 | r:  -526.000000 | e:   0.100000 | Q:  41.352745 | won: False 
#  142 | steps: 12854 | steps_t: 66212 | t: 77.545697 | r:    77.000000 | e:   0.100000 | Q:  57.970490 | won: True 
#  143 | steps: 12899 | steps_t: 66256 | t: 77.931929 | r:    56.000000 | e:   0.100000 | Q:  52.928146 | won: True 
#  144 | steps: 13129 | steps_t: 66485 | t: 79.999566 | r:  -129.000000 | e:   0.100000 | Q:  77.662750 | won: True 
#  145 | steps: 13190 | steps_t: 66545 | t: 80.543664 | r:    40.000000 | e:   0.100000 | Q:  53.626904 | won: True 
#  146 | steps: 13243 | steps_t: 66597 | t: 80.982839 | r:    48.000000 | e:   0.100000 | Q:  72.815277 | won: True 
#  147 | steps: 13272 | steps_t: 66625 | t: 81.276732 | r:    72.000000 | e:   0.100000 | Q:  81.778687 | won: True 
#  148 | steps: 13290 | steps_t: 66642 | t: 81.464853 | r:  -517.000000 | e:   0.100000 | Q:  28.036800 | won: False 
#  149 | steps: 13296 | steps_t: 66647 | t: 81.510666 | r:  -505.000000 | e:   0.100000 | Q:  27.148834 | won: False 
#  150 | steps: 13332 | steps_t: 66682 | t: 81.801921 | r:  -535.000000 | e:   0.100000 | Q:  28.319567 | won: False 
#  151 | steps: 13363 | steps_t: 66712 | t: 82.076198 | r:  -530.000000 | e:   0.100000 | Q:  36.406349 | won: False 
#  152 | steps: 13437 | steps_t: 66785 | t: 82.723406 | r:    27.000000 | e:   0.100000 | Q:  68.062523 | won: True 
#  153 | steps: 13530 | steps_t: 66877 | t: 83.532438 | r:     8.000000 | e:   0.100000 | Q:  55.633926 | won: True 
#  154 | steps: 13721 | steps_t: 67067 | t: 85.324503 | r:   -90.000000 | e:   0.100000 | Q:  64.137650 | won: True 
#  155 | steps: 13793 | steps_t: 67138 | t: 85.965722 | r:    29.000000 | e:   0.100000 | Q:  61.416519 | won: True 
#  156 | steps: 13928 | steps_t: 67272 | t: 87.168515 | r:   -34.000000 | e:   0.100000 | Q:  65.449493 | won: True 
#  157 | steps: 13942 | steps_t: 67285 | t: 87.304183 | r:    87.000000 | e:   0.100000 | Q:  95.159004 | won: True 
#  158 | steps: 13952 | steps_t: 67294 | t: 87.407356 | r:  -509.000000 | e:   0.100000 | Q:  24.649080 | won: False 
#  159 | steps: 13978 | steps_t: 67319 | t: 87.622169 | r:    75.000000 | e:   0.100000 | Q:  65.921906 | won: True 
#  160 | steps: 14102 | steps_t: 67442 | t: 88.802338 | r:   -23.000000 | e:   0.100000 | Q:  64.690834 | won: True 
#  161 | steps: 14147 | steps_t: 67486 | t: 89.269356 | r:    56.000000 | e:   0.100000 | Q:  48.396637 | won: True 
#  162 | steps: 14203 | steps_t: 67541 | t: 89.754352 | r:    45.000000 | e:   0.100000 | Q:  69.351494 | won: True 
#  163 | steps: 14219 | steps_t: 67556 | t: 89.884155 | r:    85.000000 | e:   0.100000 | Q:  81.536346 | won: True 
#  164 | steps: 14232 | steps_t: 67568 | t: 89.992447 | r:  -512.000000 | e:   0.100000 | Q:  50.255821 | won: False 
#  165 | steps: 14248 | steps_t: 67583 | t: 90.133009 | r:    85.000000 | e:   0.100000 | Q:  57.385330 | won: True 
#  166 | steps: 14264 | steps_t: 67598 | t: 90.271452 | r:    85.000000 | e:   0.100000 | Q:  62.057365 | won: True 
#  167 | steps: 14283 | steps_t: 67616 | t: 90.438395 | r:    82.000000 | e:   0.100000 | Q:  61.522926 | won: True 
#  168 | steps: 14357 | steps_t: 67689 | t: 91.066559 | r:    27.000000 | e:   0.100000 | Q:  80.313644 | won: True 
#  169 | steps: 14508 | steps_t: 67839 | t: 92.382541 | r:  -650.000000 | e:   0.100000 | Q:  47.274082 | won: False 
#  170 | steps: 14643 | steps_t: 67973 | t: 93.515606 | r:   -34.000000 | e:   0.100000 | Q:  64.787918 | won: True 
#  171 | steps: 14683 | steps_t: 68012 | t: 93.851046 | r:    61.000000 | e:   0.100000 | Q:  59.371952 | won: True 
#  172 | steps: 14730 | steps_t: 68058 | t: 94.231009 | r:  -546.000000 | e:   0.100000 | Q:  38.927486 | won: False 
#  173 | steps: 14803 | steps_t: 68130 | t: 94.827756 | r:    28.000000 | e:   0.100000 | Q:  53.352997 | won: True 
#  174 | steps: 14815 | steps_t: 68141 | t: 94.924645 | r:  -511.000000 | e:   0.100000 | Q:  38.564713 | won: False 
#  175 | steps: 14860 | steps_t: 68185 | t: 95.293323 | r:    56.000000 | e:   0.100000 | Q:  76.943802 | won: True 
#  176 | steps: 14881 | steps_t: 68205 | t: 95.459758 | r:  -520.000000 | e:   0.100000 | Q:  59.525723 | won: False 
#  177 | steps: 14925 | steps_t: 68248 | t: 95.821711 | r:    57.000000 | e:   0.100000 | Q:  55.495277 | won: True 
#  178 | steps: 14980 | steps_t: 68302 | t: 96.268876 | r:    46.000000 | e:   0.100000 | Q:  77.835129 | won: True 
#  179 | steps: 15006 | steps_t: 68327 | t: 96.480120 | r:    75.000000 | e:   0.100000 | Q:  53.244717 | won: True 
#  180 | steps: 15036 | steps_t: 68356 | t: 96.726975 | r:  -529.000000 | e:   0.100000 | Q:  39.214531 | won: False 
#  181 | steps: 15071 | steps_t: 68390 | t: 97.077404 | r:    66.000000 | e:   0.100000 | Q:  64.999016 | won: True 
#  182 | steps: 15150 | steps_t: 68468 | t: 97.726236 | r:    22.000000 | e:   0.100000 | Q:  75.510757 | won: True 
#  183 | steps: 15169 | steps_t: 68486 | t: 97.881733 | r:    82.000000 | e:   0.100000 | Q:  47.117756 | won: True 
#  184 | steps: 15201 | steps_t: 68517 | t: 98.140073 | r:    69.000000 | e:   0.100000 | Q:  76.639389 | won: True 
#  185 | steps: 15230 | steps_t: 68545 | t: 98.373266 | r:    72.000000 | e:   0.100000 | Q: 105.908081 | won: True 
#  186 | steps: 15238 | steps_t: 68552 | t: 98.436582 | r:    93.000000 | e:   0.100000 | Q:  70.285149 | won: True 
#  187 | steps: 15368 | steps_t: 68681 | t: 99.512257 | r:   -29.000000 | e:   0.100000 | Q:  56.569569 | won: True 
#  188 | steps: 15398 | steps_t: 68710 | t: 99.755824 | r:    71.000000 | e:   0.100000 | Q:  60.266640 | won: True 
#  189 | steps: 15420 | steps_t: 68731 | t: 99.931195 | r:    79.000000 | e:   0.100000 | Q:  81.335930 | won: True 
#  190 | steps: 15433 | steps_t: 68743 | t: 100.034898 | r:    88.000000 | e:   0.100000 | Q:  77.891541 | won: True 
#  191 | steps: 15446 | steps_t: 68755 | t: 100.141491 | r:    88.000000 | e:   0.100000 | Q:  80.491539 | won: True 
#  192 | steps: 15562 | steps_t: 68870 | t: 101.086741 | r:   -15.000000 | e:   0.100000 | Q:  76.601639 | won: True 
#  193 | steps: 15683 | steps_t: 68990 | t: 102.071668 | r:  -620.000000 | e:   0.100000 | Q:  60.762630 | won: False 
#  194 | steps: 15721 | steps_t: 69027 | t: 102.376578 | r:  -537.000000 | e:   0.100000 | Q:  80.125336 | won: False 
#  195 | steps: 15811 | steps_t: 69116 | t: 103.098957 | r:    11.000000 | e:   0.100000 | Q:  89.942627 | won: True 
#  196 | steps: 15824 | steps_t: 69128 | t: 103.201259 | r:    88.000000 | e:   0.100000 | Q:  68.560043 | won: True 
#  197 | steps: 15837 | steps_t: 69140 | t: 103.305028 | r:    88.000000 | e:   0.100000 | Q:  73.502563 | won: True 
#  198 | steps: 15850 | steps_t: 69152 | t: 103.406170 | r:    88.000000 | e:   0.100000 | Q:  77.267921 | won: True 
#  199 | steps: 15927 | steps_t: 69228 | t: 104.019336 | r:    24.000000 | e:   0.100000 | Q:  64.579735 | won: True 
#  200 | steps: 15992 | steps_t: 69292 | t: 104.536351 | r:  -564.000000 | e:   0.100000 | Q:  54.679222 | won: False 
#  201 | steps: 16032 | steps_t: 69331 | t: 104.853506 | r:    61.000000 | e:   0.100000 | Q:  70.399483 | won: True 
#  202 | steps: 16089 | steps_t: 69387 | t: 105.300971 | r:  -556.000000 | e:   0.100000 | Q:  53.766003 | won: False 
#  203 | steps: 16100 | steps_t: 69397 | t: 105.385582 | r:  -510.000000 | e:   0.100000 | Q:  48.940300 | won: False 
#  204 | steps: 16125 | steps_t: 69421 | t: 105.583700 | r:    76.000000 | e:   0.100000 | Q:  81.551109 | won: True 
#  205 | steps: 16133 | steps_t: 69428 | t: 105.648219 | r:    93.000000 | e:   0.100000 | Q:  79.719948 | won: True 
#  206 | steps: 16146 | steps_t: 69440 | t: 105.754610 | r:    88.000000 | e:   0.100000 | Q:  88.325607 | won: True 
#  207 | steps: 16154 | steps_t: 69447 | t: 105.818699 | r:    93.000000 | e:   0.100000 | Q:  86.598099 | won: True 
#  208 | steps: 16189 | steps_t: 69481 | t: 106.103568 | r:  -534.000000 | e:   0.100000 | Q:  90.972023 | won: False 
#  209 | steps: 16248 | steps_t: 69539 | t: 106.565899 | r:  -558.000000 | e:   0.100000 | Q:  48.735706 | won: False 
#  210 | steps: 16261 | steps_t: 69551 | t: 106.665073 | r:    88.000000 | e:   0.100000 | Q:  76.794403 | won: True 
#  211 | steps: 16269 | steps_t: 69558 | t: 106.726001 | r:    93.000000 | e:   0.100000 | Q:  71.326653 | won: True 
#  212 | steps: 16298 | steps_t: 69586 | t: 106.954916 | r:    72.000000 | e:   0.100000 | Q:  80.717758 | won: True 
#  213 | steps: 16324 | steps_t: 69611 | t: 107.176734 | r:    75.000000 | e:   0.100000 | Q:  83.444870 | won: True 
#  214 | steps: 16337 | steps_t: 69623 | t: 107.314948 | r:    88.000000 | e:   0.100000 | Q:  82.895927 | won: True 
#  215 | steps: 16361 | steps_t: 69646 | t: 107.502862 | r:    77.000000 | e:   0.100000 | Q:  68.972740 | won: True 
#  216 | steps: 16395 | steps_t: 69679 | t: 107.774488 | r:    67.000000 | e:   0.100000 | Q:  51.047794 | won: True 
#  217 | steps: 16402 | steps_t: 69685 | t: 107.827807 | r:  -506.000000 | e:   0.100000 | Q:  66.364258 | won: False 
#  218 | steps: 16474 | steps_t: 69756 | t: 108.401079 | r:    29.000000 | e:   0.100000 | Q:  62.277340 | won: True 
#  219 | steps: 16498 | steps_t: 69779 | t: 108.588137 | r:    77.000000 | e:   0.100000 | Q:  51.645382 | won: True 
#  220 | steps: 16503 | steps_t: 69783 | t: 108.625496 | r:  -504.000000 | e:   0.100000 | Q:  39.534439 | won: False 
#  221 | steps: 16648 | steps_t: 69927 | t: 109.773134 | r:   -44.000000 | e:   0.100000 | Q:  78.837776 | won: True 
#  222 | steps: 16696 | steps_t: 69974 | t: 110.159021 | r:    53.000000 | e:   0.100000 | Q:  72.322830 | won: True 
#  223 | steps: 16709 | steps_t: 69986 | t: 110.260149 | r:    88.000000 | e:   0.100000 | Q:  86.355698 | won: True 
#  224 | steps: 16735 | steps_t: 70011 | t: 110.467345 | r:    75.000000 | e:   0.100000 | Q:  93.398933 | won: True 
#  225 | steps: 16748 | steps_t: 70023 | t: 110.572964 | r:    88.000000 | e:   0.100000 | Q:  93.581467 | won: True 
#  226 | steps: 16794 | steps_t: 70068 | t: 110.936975 | r:  -545.000000 | e:   0.100000 | Q:  67.666191 | won: False 
#  227 | steps: 16887 | steps_t: 70160 | t: 111.716275 | r:     8.000000 | e:   0.100000 | Q:  71.179085 | won: True 
#  228 | steps: 16913 | steps_t: 70185 | t: 111.954513 | r:    75.000000 | e:   0.100000 | Q:  81.960815 | won: True 
#  229 | steps: 16926 | steps_t: 70197 | t: 112.057883 | r:    88.000000 | e:   0.100000 | Q:  83.937538 | won: True 
#  230 | steps: 16939 | steps_t: 70209 | t: 112.162231 | r:    88.000000 | e:   0.100000 | Q:  85.959923 | won: True 
#  231 | steps: 16952 | steps_t: 70221 | t: 112.263952 | r:    88.000000 | e:   0.100000 | Q:  85.663254 | won: True 
#  232 | steps: 16965 | steps_t: 70233 | t: 112.366743 | r:    88.000000 | e:   0.100000 | Q:  92.416847 | won: True 
#  233 | steps: 16978 | steps_t: 70245 | t: 112.468826 | r:    88.000000 | e:   0.100000 | Q: 101.330589 | won: True 
#  234 | steps: 16991 | steps_t: 70257 | t: 112.569213 | r:    88.000000 | e:   0.100000 | Q:  97.694061 | won: True 
#  235 | steps: 17089 | steps_t: 70354 | t: 113.413660 | r:     3.000000 | e:   0.100000 | Q:  53.948063 | won: True 
#  236 | steps: 17136 | steps_t: 70400 | t: 113.874603 | r:    54.000000 | e:   0.100000 | Q:  92.049706 | won: True 
#  237 | steps: 17144 | steps_t: 70407 | t: 113.955696 | r:    93.000000 | e:   0.100000 | Q:  64.165352 | won: True 
#  238 | steps: 17173 | steps_t: 70435 | t: 114.250536 | r:    72.000000 | e:   0.100000 | Q:  87.343307 | won: True 
#  239 | steps: 17187 | steps_t: 70448 | t: 114.388369 | r:  -513.000000 | e:   0.100000 | Q:  34.853657 | won: False 
#  240 | steps: 17230 | steps_t: 70490 | t: 114.831626 | r:    58.000000 | e:   0.100000 | Q:  51.481522 | won: True 
#  241 | steps: 17333 | steps_t: 70592 | t: 115.794396 | r:    -2.000000 | e:   0.100000 | Q:  91.419624 | won: True 
#  242 | steps: 17343 | steps_t: 70601 | t: 115.875850 | r:  -509.000000 | e:   0.100000 | Q:  36.412586 | won: False 
#  243 | steps: 17415 | steps_t: 70672 | t: 116.484068 | r:    29.000000 | e:   0.100000 | Q:  90.697128 | won: True 
#  244 | steps: 17428 | steps_t: 70684 | t: 116.592987 | r:  -512.000000 | e:   0.100000 | Q:  74.768494 | won: False 
#  245 | steps: 17441 | steps_t: 70696 | t: 116.702266 | r:    88.000000 | e:   0.100000 | Q:  92.072983 | won: True 
#  246 | steps: 17454 | steps_t: 70708 | t: 116.805566 | r:    88.000000 | e:   0.100000 | Q:  92.124969 | won: True 
#  247 | steps: 17502 | steps_t: 70755 | t: 117.195697 | r:    53.000000 | e:   0.100000 | Q:  67.992081 | won: True 
#  248 | steps: 17534 | steps_t: 70786 | t: 117.472143 | r:    69.000000 | e:   0.100000 | Q:  86.499573 | won: True 
#  249 | steps: 17547 | steps_t: 70798 | t: 117.640867 | r:    88.000000 | e:   0.100000 | Q:  87.420074 | won: True 
#  250 | steps: 17576 | steps_t: 70826 | t: 117.873373 | r:    72.000000 | e:   0.100000 | Q: 101.477463 | won: True 
#  251 | steps: 17604 | steps_t: 70853 | t: 118.098484 | r:    73.000000 | e:   0.100000 | Q:  58.378422 | won: True 
#  252 | steps: 17774 | steps_t: 71022 | t: 119.452508 | r:   -69.000000 | e:   0.100000 | Q:  71.502342 | won: True 
#  253 | steps: 17822 | steps_t: 71069 | t: 119.837113 | r:  -547.000000 | e:   0.100000 | Q:  47.992142 | won: False 
#  254 | steps: 17849 | steps_t: 71095 | t: 120.051884 | r:    74.000000 | e:   0.100000 | Q:  70.675117 | won: True 
#  255 | steps: 18079 | steps_t: 71324 | t: 121.870340 | r:  -129.000000 | e:   0.100000 | Q:  92.659698 | won: True 
#  256 | steps: 18092 | steps_t: 71336 | t: 121.971503 | r:    88.000000 | e:   0.100000 | Q:  85.519539 | won: True 
#  257 | steps: 18100 | steps_t: 71343 | t: 122.031940 | r:    93.000000 | e:   0.100000 | Q:  72.943031 | won: True 
#  258 | steps: 18161 | steps_t: 71403 | t: 122.515921 | r:  -560.000000 | e:   0.100000 | Q:  65.343758 | won: False 
#  259 | steps: 18208 | steps_t: 71449 | t: 122.891648 | r:    54.000000 | e:   0.100000 | Q:  87.781822 | won: True 
#  260 | steps: 18216 | steps_t: 71456 | t: 122.954167 | r:    93.000000 | e:   0.100000 | Q:  91.058937 | won: True 
#  261 | steps: 18397 | steps_t: 71636 | t: 124.418436 | r:  -680.000000 | e:   0.100000 | Q:  61.957428 | won: False 
#  262 | steps: 18500 | steps_t: 71738 | t: 125.240917 | r:    -2.000000 | e:   0.100000 | Q:  76.293579 | won: True 
#  263 | steps: 18555 | steps_t: 71792 | t: 125.675483 | r:  -554.000000 | e:   0.100000 | Q:  64.679436 | won: False 
#  264 | steps: 18613 | steps_t: 71849 | t: 126.143679 | r:    43.000000 | e:   0.100000 | Q: 105.001816 | won: True 
#  265 | steps: 18637 | steps_t: 71872 | t: 126.334280 | r:    77.000000 | e:   0.100000 | Q:  87.803741 | won: True 
#  266 | steps: 18646 | steps_t: 71880 | t: 126.404169 | r:  -508.000000 | e:   0.100000 | Q:  54.876461 | won: False 
#  267 | steps: 18670 | steps_t: 71903 | t: 126.591504 | r:    77.000000 | e:   0.100000 | Q:  64.673447 | won: True 
#  268 | steps: 18769 | steps_t: 72001 | t: 127.375697 | r:     2.000000 | e:   0.100000 | Q:  77.599083 | won: True 
#  269 | steps: 18897 | steps_t: 72128 | t: 128.429142 | r:   -27.000000 | e:   0.100000 | Q: 102.244949 | won: True 
#  270 | steps: 18904 | steps_t: 72134 | t: 128.482834 | r:  -506.000000 | e:   0.100000 | Q:  53.161949 | won: False 
#  271 | steps: 19103 | steps_t: 72332 | t: 130.063293 | r:  -698.000000 | e:   0.100000 | Q:  60.716267 | won: False 
#  272 | steps: 19146 | steps_t: 72374 | t: 130.415053 | r:    58.000000 | e:   0.100000 | Q:  82.970978 | won: True 
#  273 | steps: 19170 | steps_t: 72397 | t: 130.604695 | r:    77.000000 | e:   0.100000 | Q:  86.757835 | won: True 
#  274 | steps: 19202 | steps_t: 72428 | t: 130.853460 | r:    69.000000 | e:   0.100000 | Q:  85.481918 | won: True 
#  275 | steps: 19215 | steps_t: 72440 | t: 130.953385 | r:    88.000000 | e:   0.100000 | Q: 101.371262 | won: True 
#  276 | steps: 19228 | steps_t: 72452 | t: 131.055376 | r:    88.000000 | e:   0.100000 | Q:  99.495636 | won: True 
#  277 | steps: 19273 | steps_t: 72496 | t: 131.402294 | r:    56.000000 | e:   0.100000 | Q:  79.553291 | won: True 
#  278 | steps: 19289 | steps_t: 72511 | t: 131.523933 | r:    85.000000 | e:   0.100000 | Q:  81.199982 | won: True 
#  279 | steps: 19318 | steps_t: 72539 | t: 131.750743 | r:  -528.000000 | e:   0.100000 | Q:  81.715172 | won: False 
#  280 | steps: 19332 | steps_t: 72552 | t: 131.859346 | r:    87.000000 | e:   0.100000 | Q:  80.762604 | won: True 
#  281 | steps: 19345 | steps_t: 72564 | t: 131.959737 | r:    88.000000 | e:   0.100000 | Q:  99.015495 | won: True 
#  282 | steps: 19358 | steps_t: 72576 | t: 132.061345 | r:    88.000000 | e:   0.100000 | Q: 102.072060 | won: True 
#  283 | steps: 19387 | steps_t: 72604 | t: 132.287422 | r:    72.000000 | e:   0.100000 | Q:  59.539661 | won: True 
#  284 | steps: 19400 | steps_t: 72616 | t: 132.388390 | r:    88.000000 | e:   0.100000 | Q:  95.544090 | won: True 
#  285 | steps: 19472 | steps_t: 72687 | t: 132.962527 | r:  -571.000000 | e:   0.100000 | Q:  57.585136 | won: False 
#  286 | steps: 19538 | steps_t: 72752 | t: 133.509722 | r:    35.000000 | e:   0.100000 | Q:  89.238388 | won: True 
#  287 | steps: 19551 | steps_t: 72764 | t: 133.619165 | r:    88.000000 | e:   0.100000 | Q:  90.818977 | won: True 
#  288 | steps: 19560 | steps_t: 72772 | t: 133.694300 | r:  -508.000000 | e:   0.100000 | Q:  53.956795 | won: False 
#  289 | steps: 19602 | steps_t: 72813 | t: 134.050984 | r:    59.000000 | e:   0.100000 | Q:  91.227737 | won: True 
#  290 | steps: 19610 | steps_t: 72820 | t: 134.115652 | r:    93.000000 | e:   0.100000 | Q:  72.393333 | won: True 
#  291 | steps: 19624 | steps_t: 72833 | t: 134.241058 | r:    87.000000 | e:   0.100000 | Q:  85.026733 | won: True 
#  292 | steps: 19637 | steps_t: 72845 | t: 134.348957 | r:    88.000000 | e:   0.100000 | Q: 103.297234 | won: True 
#  293 | steps: 19655 | steps_t: 72862 | t: 134.499231 | r:  -517.000000 | e:   0.100000 | Q:  41.428806 | won: False 
#  294 | steps: 19727 | steps_t: 72933 | t: 135.114223 | r:  -571.000000 | e:   0.100000 | Q:  51.266113 | won: False 
#  295 | steps: 19740 | steps_t: 72945 | t: 135.221385 | r:    88.000000 | e:   0.100000 | Q:  79.152672 | won: True 
#  296 | steps: 19764 | steps_t: 72968 | t: 135.417983 | r:    77.000000 | e:   0.100000 | Q:  67.526520 | won: True 
#  297 | steps: 19852 | steps_t: 73055 | t: 136.155454 | r:  -587.000000 | e:   0.100000 | Q:  52.102989 | won: False 
#  298 | steps: 19865 | steps_t: 73067 | t: 136.264877 | r:    88.000000 | e:   0.100000 | Q: 105.758133 | won: True 
#  299 | steps: 19878 | steps_t: 73079 | t: 136.373750 | r:    88.000000 | e:   0.100000 | Q: 104.583679 | won: True 
#  300 | steps: 19973 | steps_t: 73173 | t: 137.148541 | r:  -594.000000 | e:   0.100000 | Q:  65.642532 | won: False 
