#    1 | steps:     7 | steps_t:     0 | t: 0.001800 | r:  -493.000000 | e:   1.000000 | Q:        nan | won: False 
#    2 | steps:    16 | steps_t:     0 | t: 0.004563 | r:  -491.000000 | e:   1.000000 | Q:        nan | won: False 
#    3 | steps:    22 | steps_t:     0 | t: 0.006345 | r:  -494.000000 | e:   1.000000 | Q:        nan | won: False 
#    4 | steps:    29 | steps_t:     0 | t: 0.008150 | r:  -493.000000 | e:   1.000000 | Q:        nan | won: False 
#    5 | steps:    35 | steps_t:     0 | t: 0.010272 | r:  -494.000000 | e:   1.000000 | Q:        nan | won: False 
#    6 | steps:    46 | steps_t:     0 | t: 0.013720 | r:  -489.000000 | e:   1.000000 | Q:        nan | won: False 
#    7 | steps:    54 | steps_t:     0 | t: 0.015644 | r:  -492.000000 | e:   1.000000 | Q:        nan | won: False 
#    8 | steps:    75 | steps_t:     0 | t: 0.021205 | r:  -479.000000 | e:   1.000000 | Q:        nan | won: False 
#    9 | steps:    85 | steps_t:     0 | t: 0.023311 | r:  -490.000000 | e:   1.000000 | Q:        nan | won: False 
#   10 | steps:    93 | steps_t:     0 | t: 0.025124 | r:  -492.000000 | e:   1.000000 | Q:        nan | won: False 
#   11 | steps:   104 | steps_t:     0 | t: 0.028028 | r:  -489.000000 | e:   1.000000 | Q:        nan | won: False 
#   12 | steps:   111 | steps_t:     0 | t: 0.029667 | r:  -493.000000 | e:   1.000000 | Q:        nan | won: False 
#   13 | steps:   124 | steps_t:     0 | t: 0.032996 | r:  -487.000000 | e:   1.000000 | Q:        nan | won: False 
#   14 | steps:   132 | steps_t:     0 | t: 0.035430 | r:  -492.000000 | e:   1.000000 | Q:        nan | won: False 
#   15 | steps:   141 | steps_t:     0 | t: 0.038039 | r:  -491.000000 | e:   1.000000 | Q:        nan | won: False 
#   16 | steps:   149 | steps_t:     0 | t: 0.040277 | r:  -492.000000 | e:   1.000000 | Q:        nan | won: False 
#   17 | steps:   162 | steps_t:     0 | t: 0.044177 | r:  -487.000000 | e:   1.000000 | Q:        nan | won: False 
#   18 | steps:   168 | steps_t:     0 | t: 0.045981 | r:  -494.000000 | e:   1.000000 | Q:        nan | won: False 
#   19 | steps:   174 | steps_t:     0 | t: 0.047620 | r:  -494.000000 | e:   1.000000 | Q:        nan | won: False 
#   20 | steps:   185 | steps_t:     0 | t: 0.050503 | r:  -489.000000 | e:   1.000000 | Q:        nan | won: False 
#   21 | steps:   208 | steps_t:     0 | t: 0.055596 | r:  -477.000000 | e:   1.000000 | Q:        nan | won: False 
#   22 | steps:   218 | steps_t:     0 | t: 0.057856 | r:  -490.000000 | e:   1.000000 | Q:        nan | won: False 
#   23 | steps:   224 | steps_t:     0 | t: 0.059760 | r:  -494.000000 | e:   1.000000 | Q:        nan | won: False 
#   24 | steps:   231 | steps_t:     0 | t: 0.061675 | r:  -493.000000 | e:   1.000000 | Q:        nan | won: False 
#   25 | steps:   238 | steps_t:     0 | t: 0.063488 | r:  -493.000000 | e:   1.000000 | Q:        nan | won: False 
#   26 | steps:   254 | steps_t:     0 | t: 0.067382 | r:  -484.000000 | e:   1.000000 | Q:        nan | won: False 
#   27 | steps:   261 | steps_t:     0 | t: 0.069395 | r:  -493.000000 | e:   1.000000 | Q:        nan | won: False 
#   28 | steps:   270 | steps_t:     0 | t: 0.071401 | r:  -491.000000 | e:   1.000000 | Q:        nan | won: False 
#   29 | steps:   278 | steps_t:     0 | t: 0.073234 | r:  -492.000000 | e:   1.000000 | Q:        nan | won: False 
#   30 | steps:   290 | steps_t:     0 | t: 0.076310 | r:  -488.000000 | e:   1.000000 | Q:        nan | won: False 
#   31 | steps:   298 | steps_t:     0 | t: 0.078560 | r:  -492.000000 | e:   1.000000 | Q:        nan | won: False 
#   32 | steps:   313 | steps_t:     0 | t: 0.082324 | r:  -485.000000 | e:   1.000000 | Q:        nan | won: False 
#   33 | steps:   320 | steps_t:     0 | t: 0.085247 | r:  -493.000000 | e:   1.000000 | Q:        nan | won: False 
#   34 | steps:   341 | steps_t:     0 | t: 0.089722 | r:  -479.000000 | e:   1.000000 | Q:        nan | won: False 
#   35 | steps:   351 | steps_t:     0 | t: 0.092726 | r:  -490.000000 | e:   1.000000 | Q:        nan | won: False 
#   36 | steps:   364 | steps_t:     0 | t: 0.095648 | r:  -487.000000 | e:   1.000000 | Q:        nan | won: False 
#   37 | steps:   372 | steps_t:     0 | t: 0.097923 | r:  -492.000000 | e:   1.000000 | Q:        nan | won: False 
#   38 | steps:   395 | steps_t:     0 | t: 0.103124 | r:  -477.000000 | e:   1.000000 | Q:        nan | won: False 
#   39 | steps:   417 | steps_t:     0 | t: 0.108488 | r:  -478.000000 | e:   1.000000 | Q:        nan | won: False 
#   40 | steps:   427 | steps_t:     0 | t: 0.111462 | r:  -490.000000 | e:   1.000000 | Q:        nan | won: False 
#   41 | steps:   434 | steps_t:     0 | t: 0.113766 | r:  -493.000000 | e:   1.000000 | Q:        nan | won: False 
#   42 | steps:   448 | steps_t:     0 | t: 0.118068 | r:  -486.000000 | e:   1.000000 | Q:        nan | won: False 
#   43 | steps:   457 | steps_t:     0 | t: 0.120093 | r:  -491.000000 | e:   1.000000 | Q:        nan | won: False 
#   44 | steps:   467 | steps_t:     0 | t: 0.122349 | r:  -490.000000 | e:   1.000000 | Q:        nan | won: False 
#   45 | steps:   475 | steps_t:     0 | t: 0.125032 | r:  -492.000000 | e:   1.000000 | Q:        nan | won: False 
#   46 | steps:   486 | steps_t:     0 | t: 0.127739 | r:  -489.000000 | e:   1.000000 | Q:        nan | won: False 
#   47 | steps:   498 | steps_t:     0 | t: 0.130305 | r:  -488.000000 | e:   1.000000 | Q:        nan | won: False 
#   48 | steps:   506 | steps_t:     0 | t: 0.132677 | r:  -492.000000 | e:   1.000000 | Q:        nan | won: False 
#   49 | steps:   522 | steps_t:     0 | t: 0.136169 | r:  -484.000000 | e:   1.000000 | Q:        nan | won: False 
#   50 | steps:   528 | steps_t:     0 | t: 0.137739 | r:  -494.000000 | e:   1.000000 | Q:        nan | won: False 
#   51 | steps:   537 | steps_t:     0 | t: 0.140115 | r:  -491.000000 | e:   1.000000 | Q:        nan | won: False 
#   52 | steps:   544 | steps_t:     0 | t: 0.142185 | r:  -493.000000 | e:   1.000000 | Q:        nan | won: False 
#   53 | steps:   553 | steps_t:     0 | t: 0.144608 | r:  -491.000000 | e:   1.000000 | Q:        nan | won: False 
#   54 | steps:   561 | steps_t:     0 | t: 0.147423 | r:  -492.000000 | e:   1.000000 | Q:        nan | won: False 
#   55 | steps:   570 | steps_t:     0 | t: 0.150672 | r:  -491.000000 | e:   1.000000 | Q:        nan | won: False 
#   56 | steps:   578 | steps_t:     0 | t: 0.152531 | r:  -492.000000 | e:   1.000000 | Q:        nan | won: False 
#   57 | steps:   588 | steps_t:     0 | t: 0.154766 | r:  -490.000000 | e:   1.000000 | Q:        nan | won: False 
#   58 | steps:   600 | steps_t:     0 | t: 0.157755 | r:  -488.000000 | e:   1.000000 | Q:        nan | won: False 
#   59 | steps:   609 | steps_t:     0 | t: 0.159975 | r:  -491.000000 | e:   1.000000 | Q:        nan | won: False 
#   60 | steps:   618 | steps_t:     0 | t: 0.162102 | r:  -491.000000 | e:   1.000000 | Q:        nan | won: False 
#   61 | steps:   627 | steps_t:     0 | t: 0.164243 | r:  -491.000000 | e:   1.000000 | Q:        nan | won: False 
#   62 | steps:   635 | steps_t:     0 | t: 0.166425 | r:  -492.000000 | e:   1.000000 | Q:        nan | won: False 
#   63 | steps:   659 | steps_t:     0 | t: 0.171536 | r:  -476.000000 | e:   1.000000 | Q:        nan | won: False 
#   64 | steps:   682 | steps_t:     0 | t: 0.176741 | r:  -477.000000 | e:   1.000000 | Q:        nan | won: False 
#   65 | steps:   691 | steps_t:     0 | t: 0.179072 | r:  -491.000000 | e:   1.000000 | Q:        nan | won: False 
#   66 | steps:   699 | steps_t:     0 | t: 0.181715 | r:  -492.000000 | e:   1.000000 | Q:        nan | won: False 
#   67 | steps:   707 | steps_t:     0 | t: 0.184328 | r:  -492.000000 | e:   1.000000 | Q:        nan | won: False 
#   68 | steps:   718 | steps_t:     0 | t: 0.187080 | r:  -489.000000 | e:   1.000000 | Q:        nan | won: False 
#   69 | steps:   729 | steps_t:     0 | t: 0.190173 | r:  -489.000000 | e:   1.000000 | Q:        nan | won: False 
#   70 | steps:   738 | steps_t:     0 | t: 0.192441 | r:  -491.000000 | e:   1.000000 | Q:        nan | won: False 
#   71 | steps:   745 | steps_t:     0 | t: 0.194123 | r:  -493.000000 | e:   1.000000 | Q:        nan | won: False 
#   72 | steps:   753 | steps_t:     0 | t: 0.196126 | r:  -492.000000 | e:   1.000000 | Q:        nan | won: False 
#   73 | steps:   761 | steps_t:     0 | t: 0.198373 | r:  -492.000000 | e:   1.000000 | Q:        nan | won: False 
#   74 | steps:   770 | steps_t:     0 | t: 0.200400 | r:  -491.000000 | e:   1.000000 | Q:        nan | won: False 
#   75 | steps:   792 | steps_t:     0 | t: 0.205100 | r:  -478.000000 | e:   1.000000 | Q:        nan | won: False 
#   76 | steps:   804 | steps_t:     0 | t: 0.207923 | r:  -488.000000 | e:   1.000000 | Q:        nan | won: False 
#   77 | steps:   812 | steps_t:     0 | t: 0.210403 | r:  -492.000000 | e:   1.000000 | Q:        nan | won: False 
#   78 | steps:   819 | steps_t:     0 | t: 0.213181 | r:  -493.000000 | e:   1.000000 | Q:        nan | won: False 
#   79 | steps:   838 | steps_t:     0 | t: 0.217885 | r:  -481.000000 | e:   1.000000 | Q:        nan | won: False 
#   80 | steps:   847 | steps_t:     0 | t: 0.220490 | r:  -491.000000 | e:   1.000000 | Q:        nan | won: False 
#   81 | steps:   858 | steps_t:     0 | t: 0.222903 | r:  -489.000000 | e:   1.000000 | Q:        nan | won: False 
#   82 | steps:   873 | steps_t:     0 | t: 0.226396 | r:  -485.000000 | e:   1.000000 | Q:        nan | won: False 
#   83 | steps:   881 | steps_t:     0 | t: 0.228385 | r:  -492.000000 | e:   1.000000 | Q:        nan | won: False 
#   84 | steps:   893 | steps_t:     0 | t: 0.231404 | r:  -488.000000 | e:   1.000000 | Q:        nan | won: False 
#   85 | steps:   903 | steps_t:     0 | t: 0.233633 | r:  -490.000000 | e:   1.000000 | Q:        nan | won: False 
#   86 | steps:   910 | steps_t:     0 | t: 0.235414 | r:  -493.000000 | e:   1.000000 | Q:        nan | won: False 
#   87 | steps:   917 | steps_t:     0 | t: 0.237259 | r:  -493.000000 | e:   1.000000 | Q:        nan | won: False 
#   88 | steps:   936 | steps_t:     0 | t: 0.241225 | r:  -481.000000 | e:   1.000000 | Q:        nan | won: False 
#   89 | steps:   943 | steps_t:     0 | t: 0.243123 | r:  -493.000000 | e:   1.000000 | Q:        nan | won: False 
#   90 | steps:   952 | steps_t:     0 | t: 0.246046 | r:  -491.000000 | e:   1.000000 | Q:        nan | won: False 
#   91 | steps:   970 | steps_t:     0 | t: 0.250583 | r:  -482.000000 | e:   1.000000 | Q:        nan | won: False 
#   92 | steps:   977 | steps_t:     0 | t: 0.252536 | r:  -493.000000 | e:   1.000000 | Q:        nan | won: False 
#   93 | steps:   987 | steps_t:     0 | t: 0.255067 | r:  -490.000000 | e:   1.000000 | Q:        nan | won: False 
#   94 | steps:  1005 | steps_t:     0 | t: 0.258897 | r:  -482.000000 | e:   1.000000 | Q:        nan | won: False 
#   95 | steps:  1011 | steps_t:     0 | t: 0.260374 | r:  -494.000000 | e:   1.000000 | Q:        nan | won: False 
#   96 | steps:  1020 | steps_t:     0 | t: 0.262339 | r:  -491.000000 | e:   1.000000 | Q:        nan | won: False 
#   97 | steps:  1038 | steps_t:     0 | t: 0.266974 | r:  -482.000000 | e:   1.000000 | Q:        nan | won: False 
#   98 | steps:  1055 | steps_t:     0 | t: 0.270732 | r:  -483.000000 | e:   1.000000 | Q:        nan | won: False 
#   99 | steps:  1069 | steps_t:     0 | t: 0.273909 | r:   524.000000 | e:   1.000000 | Q:        nan | won: True 
#  100 | steps:  1077 | steps_t:     0 | t: 0.275935 | r:  -492.000000 | e:   1.000000 | Q:        nan | won: False 
#  101 | steps:  1087 | steps_t:     0 | t: 0.278765 | r:  -490.000000 | e:   1.000000 | Q:        nan | won: False 
#  102 | steps:  1094 | steps_t:     0 | t: 0.281162 | r:  -493.000000 | e:   1.000000 | Q:        nan | won: False 
#  103 | steps:  1101 | steps_t:     0 | t: 0.283426 | r:  -493.000000 | e:   1.000000 | Q:        nan | won: False 
#  104 | steps:  1109 | steps_t:     0 | t: 0.285456 | r:  -492.000000 | e:   1.000000 | Q:        nan | won: False 
#  105 | steps:  1118 | steps_t:     0 | t: 0.287707 | r:  -491.000000 | e:   1.000000 | Q:        nan | won: False 
#  106 | steps:  1126 | steps_t:     0 | t: 0.289515 | r:  -492.000000 | e:   1.000000 | Q:        nan | won: False 
#  107 | steps:  1136 | steps_t:     0 | t: 0.291897 | r:  -490.000000 | e:   1.000000 | Q:        nan | won: False 
#  108 | steps:  1152 | steps_t:     0 | t: 0.295255 | r:  -484.000000 | e:   1.000000 | Q:        nan | won: False 
#  109 | steps:  1162 | steps_t:     0 | t: 0.297551 | r:  -490.000000 | e:   1.000000 | Q:        nan | won: False 
#  110 | steps:  1179 | steps_t:     0 | t: 0.301329 | r:  -483.000000 | e:   1.000000 | Q:        nan | won: False 
#  111 | steps:  1189 | steps_t:     0 | t: 0.303922 | r:  -490.000000 | e:   1.000000 | Q:        nan | won: False 
#  112 | steps:  1211 | steps_t:     0 | t: 0.309151 | r:  -478.000000 | e:   1.000000 | Q:        nan | won: False 
#  113 | steps:  1222 | steps_t:     0 | t: 0.312501 | r:  -489.000000 | e:   1.000000 | Q:        nan | won: False 
#  114 | steps:  1232 | steps_t:     0 | t: 0.315166 | r:  -490.000000 | e:   1.000000 | Q:        nan | won: False 
#  115 | steps:  1243 | steps_t:     0 | t: 0.318388 | r:  -489.000000 | e:   1.000000 | Q:        nan | won: False 
#  116 | steps:  1252 | steps_t:     0 | t: 0.320756 | r:  -491.000000 | e:   1.000000 | Q:        nan | won: False 
#  117 | steps:  1264 | steps_t:     0 | t: 0.323535 | r:  -488.000000 | e:   1.000000 | Q:        nan | won: False 
#  118 | steps:  1271 | steps_t:     0 | t: 0.325307 | r:  -493.000000 | e:   1.000000 | Q:        nan | won: False 
#  119 | steps:  1279 | steps_t:     0 | t: 0.327109 | r:  -492.000000 | e:   1.000000 | Q:        nan | won: False 
#  120 | steps:  1287 | steps_t:     0 | t: 0.328923 | r:  -492.000000 | e:   1.000000 | Q:        nan | won: False 
#  121 | steps:  1292 | steps_t:     0 | t: 0.330317 | r:  -495.000000 | e:   1.000000 | Q:        nan | won: False 
#  122 | steps:  1299 | steps_t:     0 | t: 0.332061 | r:  -493.000000 | e:   1.000000 | Q:        nan | won: False 
#  123 | steps:  1308 | steps_t:     0 | t: 0.334119 | r:  -491.000000 | e:   1.000000 | Q:        nan | won: False 
#  124 | steps:  1317 | steps_t:     0 | t: 0.336259 | r:  -491.000000 | e:   1.000000 | Q:        nan | won: False 
#  125 | steps:  1324 | steps_t:     0 | t: 0.337883 | r:  -493.000000 | e:   1.000000 | Q:        nan | won: False 
#  126 | steps:  1334 | steps_t:     0 | t: 0.339972 | r:  -490.000000 | e:   1.000000 | Q:        nan | won: False 
#  127 | steps:  1342 | steps_t:     0 | t: 0.341942 | r:  -492.000000 | e:   1.000000 | Q:        nan | won: False 
#  128 | steps:  1353 | steps_t:     0 | t: 0.345282 | r:  -489.000000 | e:   1.000000 | Q:        nan | won: False 
#  129 | steps:  1361 | steps_t:     0 | t: 0.347516 | r:  -492.000000 | e:   1.000000 | Q:        nan | won: False 
#  130 | steps:  1382 | steps_t:     0 | t: 0.352663 | r:  -479.000000 | e:   1.000000 | Q:        nan | won: False 
#  131 | steps:  1397 | steps_t:     0 | t: 0.355846 | r:  -485.000000 | e:   1.000000 | Q:        nan | won: False 
#  132 | steps:  1404 | steps_t:     0 | t: 0.357752 | r:  -493.000000 | e:   1.000000 | Q:        nan | won: False 
#  133 | steps:  1415 | steps_t:     0 | t: 0.360107 | r:  -489.000000 | e:   1.000000 | Q:        nan | won: False 
#  134 | steps:  1433 | steps_t:     0 | t: 0.364316 | r:  -482.000000 | e:   1.000000 | Q:        nan | won: False 
#  135 | steps:  1444 | steps_t:     0 | t: 0.366871 | r:  -489.000000 | e:   1.000000 | Q:        nan | won: False 
#  136 | steps:  1453 | steps_t:     0 | t: 0.369399 | r:  -491.000000 | e:   1.000000 | Q:        nan | won: False 
#  137 | steps:  1461 | steps_t:     0 | t: 0.371323 | r:  -492.000000 | e:   1.000000 | Q:        nan | won: False 
#  138 | steps:  1468 | steps_t:     0 | t: 0.373073 | r:  -493.000000 | e:   1.000000 | Q:        nan | won: False 
#  139 | steps:  1479 | steps_t:     0 | t: 0.375465 | r:  -489.000000 | e:   1.000000 | Q:        nan | won: False 
#  140 | steps:  1485 | steps_t:     0 | t: 0.377601 | r:  -494.000000 | e:   1.000000 | Q:        nan | won: False 
#  141 | steps:  1493 | steps_t:     0 | t: 0.380044 | r:  -492.000000 | e:   1.000000 | Q:        nan | won: False 
#  142 | steps:  1506 | steps_t:     0 | t: 0.384045 | r:  -487.000000 | e:   1.000000 | Q:        nan | won: False 
#  143 | steps:  1518 | steps_t:     0 | t: 0.387666 | r:  -488.000000 | e:   1.000000 | Q:        nan | won: False 
#  144 | steps:  1527 | steps_t:     0 | t: 0.390458 | r:  -491.000000 | e:   1.000000 | Q:        nan | won: False 
#  145 | steps:  1537 | steps_t:     0 | t: 0.393720 | r:  -490.000000 | e:   1.000000 | Q:        nan | won: False 
#  146 | steps:  1556 | steps_t:     0 | t: 0.398080 | r:  -481.000000 | e:   1.000000 | Q:        nan | won: False 
#  147 | steps:  1571 | steps_t:     0 | t: 0.401787 | r:  -485.000000 | e:   1.000000 | Q:        nan | won: False 
#  148 | steps:  1587 | steps_t:     0 | t: 0.406504 | r:  -484.000000 | e:   1.000000 | Q:        nan | won: False 
#  149 | steps:  1595 | steps_t:     0 | t: 0.408647 | r:  -492.000000 | e:   1.000000 | Q:        nan | won: False 
#  150 | steps:  1604 | steps_t:     0 | t: 0.411056 | r:  -491.000000 | e:   1.000000 | Q:        nan | won: False 
#  151 | steps:  1612 | steps_t:     0 | t: 0.413607 | r:  -492.000000 | e:   1.000000 | Q:        nan | won: False 
#  152 | steps:  1627 | steps_t:     0 | t: 0.417527 | r:  -485.000000 | e:   1.000000 | Q:        nan | won: False 
#  153 | steps:  1635 | steps_t:     0 | t: 0.419609 | r:  -492.000000 | e:   1.000000 | Q:        nan | won: False 
#  154 | steps:  1643 | steps_t:     0 | t: 0.421432 | r:  -492.000000 | e:   1.000000 | Q:        nan | won: False 
#  155 | steps:  1650 | steps_t:     0 | t: 0.423059 | r:  -493.000000 | e:   1.000000 | Q:        nan | won: False 
#  156 | steps:  1656 | steps_t:     0 | t: 0.424878 | r:  -494.000000 | e:   1.000000 | Q:        nan | won: False 
#  157 | steps:  1670 | steps_t:     0 | t: 0.428165 | r:  -486.000000 | e:   1.000000 | Q:        nan | won: False 
#  158 | steps:  1677 | steps_t:     0 | t: 0.429851 | r:  -493.000000 | e:   1.000000 | Q:        nan | won: False 
#  159 | steps:  1686 | steps_t:     0 | t: 0.432212 | r:  -491.000000 | e:   1.000000 | Q:        nan | won: False 
#  160 | steps:  1696 | steps_t:     0 | t: 0.434454 | r:  -490.000000 | e:   1.000000 | Q:        nan | won: False 
#  161 | steps:  1709 | steps_t:     0 | t: 0.437441 | r:  -487.000000 | e:   1.000000 | Q:        nan | won: False 
#  162 | steps:  1718 | steps_t:     0 | t: 0.439540 | r:  -491.000000 | e:   1.000000 | Q:        nan | won: False 
#  163 | steps:  1740 | steps_t:     0 | t: 0.444659 | r:  -478.000000 | e:   1.000000 | Q:        nan | won: False 
#  164 | steps:  1765 | steps_t:     0 | t: 0.452079 | r:  -475.000000 | e:   1.000000 | Q:        nan | won: False 
#  165 | steps:  1777 | steps_t:     0 | t: 0.454811 | r:  -488.000000 | e:   1.000000 | Q:        nan | won: False 
#  166 | steps:  1791 | steps_t:     0 | t: 0.457871 | r:  -486.000000 | e:   1.000000 | Q:        nan | won: False 
#  167 | steps:  1799 | steps_t:     0 | t: 0.459730 | r:  -492.000000 | e:   1.000000 | Q:        nan | won: False 
#  168 | steps:  1807 | steps_t:     0 | t: 0.461525 | r:  -492.000000 | e:   1.000000 | Q:        nan | won: False 
#  169 | steps:  1819 | steps_t:     0 | t: 0.464619 | r:  -488.000000 | e:   1.000000 | Q:        nan | won: False 
#  170 | steps:  1831 | steps_t:     0 | t: 0.467727 | r:  -488.000000 | e:   1.000000 | Q:        nan | won: False 
#  171 | steps:  1839 | steps_t:     0 | t: 0.469786 | r:  -492.000000 | e:   1.000000 | Q:        nan | won: False 
#  172 | steps:  1850 | steps_t:     0 | t: 0.472439 | r:  -489.000000 | e:   1.000000 | Q:        nan | won: False 
#  173 | steps:  1859 | steps_t:     0 | t: 0.474421 | r:  -491.000000 | e:   1.000000 | Q:        nan | won: False 
#  174 | steps:  1878 | steps_t:     0 | t: 0.479132 | r:  -481.000000 | e:   1.000000 | Q:        nan | won: False 
#  175 | steps:  1892 | steps_t:     0 | t: 0.482715 | r:  -486.000000 | e:   1.000000 | Q:        nan | won: False 
#  176 | steps:  1900 | steps_t:     0 | t: 0.485112 | r:  -492.000000 | e:   1.000000 | Q:        nan | won: False 
#  177 | steps:  1911 | steps_t:     0 | t: 0.488015 | r:  -489.000000 | e:   1.000000 | Q:        nan | won: False 
#  178 | steps:  1919 | steps_t:     0 | t: 0.490115 | r:  -492.000000 | e:   1.000000 | Q:        nan | won: False 
#  179 | steps:  1928 | steps_t:     0 | t: 0.492318 | r:  -491.000000 | e:   1.000000 | Q:        nan | won: False 
#  180 | steps:  1936 | steps_t:     0 | t: 0.494241 | r:  -492.000000 | e:   1.000000 | Q:        nan | won: False 
#  181 | steps:  1945 | steps_t:     0 | t: 0.496354 | r:  -491.000000 | e:   1.000000 | Q:        nan | won: False 
#  182 | steps:  1951 | steps_t:     0 | t: 0.497960 | r:  -494.000000 | e:   1.000000 | Q:        nan | won: False 
#  183 | steps:  1970 | steps_t:     0 | t: 0.502275 | r:  -481.000000 | e:   1.000000 | Q:        nan | won: False 
#  184 | steps:  1979 | steps_t:     0 | t: 0.504971 | r:  -491.000000 | e:   1.000000 | Q:        nan | won: False 
#  185 | steps:  2000 | steps_t:     0 | t: 0.510601 | r:  -479.000000 | e:   1.000000 | Q:        nan | won: False 
#  186 | steps:  2007 | steps_t:     0 | t: 0.513367 | r:  -493.000000 | e:   1.000000 | Q:        nan | won: False 
#  187 | steps:  2018 | steps_t:     0 | t: 0.518224 | r:  -489.000000 | e:   1.000000 | Q:        nan | won: False 
#  188 | steps:  2029 | steps_t:     0 | t: 0.521775 | r:  -489.000000 | e:   1.000000 | Q:        nan | won: False 
#  189 | steps:  2044 | steps_t:     0 | t: 0.525724 | r:  -485.000000 | e:   1.000000 | Q:        nan | won: False 
#  190 | steps:  2052 | steps_t:     0 | t: 0.528671 | r:  -492.000000 | e:   1.000000 | Q:        nan | won: False 
#  191 | steps:  2073 | steps_t:     0 | t: 0.534901 | r:  -479.000000 | e:   1.000000 | Q:        nan | won: False 
#  192 | steps:  2083 | steps_t:     0 | t: 0.537907 | r:  -490.000000 | e:   1.000000 | Q:        nan | won: False 
#  193 | steps:  2092 | steps_t:     0 | t: 0.539927 | r:  -491.000000 | e:   1.000000 | Q:        nan | won: False 
#  194 | steps:  2102 | steps_t:     0 | t: 0.542094 | r:  -490.000000 | e:   1.000000 | Q:        nan | won: False 
#  195 | steps:  2110 | steps_t:     0 | t: 0.545010 | r:  -492.000000 | e:   1.000000 | Q:        nan | won: False 
#  196 | steps:  2117 | steps_t:     0 | t: 0.547147 | r:  -493.000000 | e:   1.000000 | Q:        nan | won: False 
#  197 | steps:  2126 | steps_t:     0 | t: 0.550022 | r:  -491.000000 | e:   1.000000 | Q:        nan | won: False 
#  198 | steps:  2134 | steps_t:     0 | t: 0.552605 | r:  -492.000000 | e:   1.000000 | Q:        nan | won: False 
#  199 | steps:  2144 | steps_t:     0 | t: 0.555233 | r:  -490.000000 | e:   1.000000 | Q:        nan | won: False 
#  200 | steps:  2153 | steps_t:     0 | t: 0.557298 | r:  -491.000000 | e:   1.000000 | Q:        nan | won: False 
#  201 | steps:  2166 | steps_t:     0 | t: 0.560496 | r:  -487.000000 | e:   1.000000 | Q:        nan | won: False 
#  202 | steps:  2176 | steps_t:     0 | t: 0.562764 | r:  -490.000000 | e:   1.000000 | Q:        nan | won: False 
#  203 | steps:  2186 | steps_t:     0 | t: 0.565390 | r:  -490.000000 | e:   1.000000 | Q:        nan | won: False 
#  204 | steps:  2195 | steps_t:     0 | t: 0.567667 | r:  -491.000000 | e:   1.000000 | Q:        nan | won: False 
#  205 | steps:  2211 | steps_t:     0 | t: 0.571420 | r:  -484.000000 | e:   1.000000 | Q:        nan | won: False 
#  206 | steps:  2219 | steps_t:     0 | t: 0.573373 | r:  -492.000000 | e:   1.000000 | Q:        nan | won: False 
#  207 | steps:  2232 | steps_t:     0 | t: 0.576907 | r:  -487.000000 | e:   1.000000 | Q:        nan | won: False 
#  208 | steps:  2239 | steps_t:     0 | t: 0.578811 | r:  -493.000000 | e:   1.000000 | Q:        nan | won: False 
#  209 | steps:  2251 | steps_t:     0 | t: 0.581690 | r:  -488.000000 | e:   1.000000 | Q:        nan | won: False 
#  210 | steps:  2260 | steps_t:     0 | t: 0.584635 | r:  -491.000000 | e:   1.000000 | Q:        nan | won: False 
#  211 | steps:  2270 | steps_t:     0 | t: 0.587333 | r:  -490.000000 | e:   1.000000 | Q:        nan | won: False 
#  212 | steps:  2280 | steps_t:     0 | t: 0.589843 | r:  -490.000000 | e:   1.000000 | Q:        nan | won: False 
#  213 | steps:  2302 | steps_t:     0 | t: 0.594850 | r:  -478.000000 | e:   1.000000 | Q:        nan | won: False 
#  214 | steps:  2312 | steps_t:     0 | t: 0.597694 | r:  -490.000000 | e:   1.000000 | Q:        nan | won: False 
#  215 | steps:  2320 | steps_t:     0 | t: 0.599623 | r:  -492.000000 | e:   1.000000 | Q:        nan | won: False 
#  216 | steps:  2341 | steps_t:     0 | t: 0.604493 | r:  -479.000000 | e:   1.000000 | Q:        nan | won: False 
#  217 | steps:  2352 | steps_t:     0 | t: 0.607056 | r:  -489.000000 | e:   1.000000 | Q:        nan | won: False 
#  218 | steps:  2358 | steps_t:     0 | t: 0.609098 | r:  -494.000000 | e:   1.000000 | Q:        nan | won: False 
#  219 | steps:  2372 | steps_t:     0 | t: 0.612875 | r:  -486.000000 | e:   1.000000 | Q:        nan | won: False 
#  220 | steps:  2379 | steps_t:     0 | t: 0.614840 | r:  -493.000000 | e:   1.000000 | Q:        nan | won: False 
#  221 | steps:  2401 | steps_t:     0 | t: 0.620948 | r:  -478.000000 | e:   1.000000 | Q:        nan | won: False 
#  222 | steps:  2418 | steps_t:     0 | t: 0.624478 | r:  -483.000000 | e:   1.000000 | Q:        nan | won: False 
#  223 | steps:  2441 | steps_t:     0 | t: 0.629616 | r:  -477.000000 | e:   1.000000 | Q:        nan | won: False 
#  224 | steps:  2456 | steps_t:     0 | t: 0.633298 | r:  -485.000000 | e:   1.000000 | Q:        nan | won: False 
#  225 | steps:  2464 | steps_t:     0 | t: 0.635178 | r:  -492.000000 | e:   1.000000 | Q:        nan | won: False 
#  226 | steps:  2474 | steps_t:     0 | t: 0.637851 | r:  -490.000000 | e:   1.000000 | Q:        nan | won: False 
#  227 | steps:  2480 | steps_t:     0 | t: 0.639919 | r:  -494.000000 | e:   1.000000 | Q:        nan | won: False 
#  228 | steps:  2500 | steps_t:     0 | t: 0.647299 | r:  -480.000000 | e:   1.000000 | Q:        nan | won: False 
#  229 | steps:  2508 | steps_t:     0 | t: 0.650422 | r:  -492.000000 | e:   1.000000 | Q:        nan | won: False 
#  230 | steps:  2515 | steps_t:     0 | t: 0.652810 | r:  -493.000000 | e:   1.000000 | Q:        nan | won: False 
#  231 | steps:  2534 | steps_t:     0 | t: 0.658561 | r:  -481.000000 | e:   1.000000 | Q:        nan | won: False 
#  232 | steps:  2553 | steps_t:     0 | t: 0.663008 | r:  -481.000000 | e:   1.000000 | Q:        nan | won: False 
#  233 | steps:  2566 | steps_t:     0 | t: 0.666829 | r:  -487.000000 | e:   1.000000 | Q:        nan | won: False 
#  234 | steps:  2587 | steps_t:     0 | t: 0.671531 | r:  -479.000000 | e:   1.000000 | Q:        nan | won: False 
#  235 | steps:  2600 | steps_t:     0 | t: 0.674860 | r:  -487.000000 | e:   1.000000 | Q:        nan | won: False 
#  236 | steps:  2606 | steps_t:     0 | t: 0.676533 | r:  -494.000000 | e:   1.000000 | Q:        nan | won: False 
#  237 | steps:  2624 | steps_t:     0 | t: 0.681724 | r:  -482.000000 | e:   1.000000 | Q:        nan | won: False 
#  238 | steps:  2629 | steps_t:     0 | t: 0.684018 | r:  -495.000000 | e:   1.000000 | Q:        nan | won: False 
#  239 | steps:  2645 | steps_t:     0 | t: 0.687388 | r:  -484.000000 | e:   1.000000 | Q:        nan | won: False 
#  240 | steps:  2656 | steps_t:     0 | t: 0.690095 | r:  -489.000000 | e:   1.000000 | Q:        nan | won: False 
#  241 | steps:  2675 | steps_t:     0 | t: 0.694398 | r:  -481.000000 | e:   1.000000 | Q:        nan | won: False 
#  242 | steps:  2683 | steps_t:     0 | t: 0.696315 | r:  -492.000000 | e:   1.000000 | Q:        nan | won: False 
#  243 | steps:  2690 | steps_t:     0 | t: 0.698579 | r:  -493.000000 | e:   1.000000 | Q:        nan | won: False 
#  244 | steps:  2699 | steps_t:     0 | t: 0.700702 | r:  -491.000000 | e:   1.000000 | Q:        nan | won: False 
#  245 | steps:  2707 | steps_t:     0 | t: 0.702566 | r:  -492.000000 | e:   1.000000 | Q:        nan | won: False 
#  246 | steps:  2717 | steps_t:     0 | t: 0.704926 | r:  -490.000000 | e:   1.000000 | Q:        nan | won: False 
#  247 | steps:  2724 | steps_t:     0 | t: 0.707073 | r:  -493.000000 | e:   1.000000 | Q:        nan | won: False 
#  248 | steps:  2733 | steps_t:     0 | t: 0.709150 | r:  -491.000000 | e:   1.000000 | Q:        nan | won: False 
#  249 | steps:  2743 | steps_t:     0 | t: 0.711894 | r:  -490.000000 | e:   1.000000 | Q:        nan | won: False 
#  250 | steps:  2755 | steps_t:     0 | t: 0.715190 | r:   522.000000 | e:   1.000000 | Q:        nan | won: True 
#  251 | steps:  2771 | steps_t:     0 | t: 0.719235 | r:  -484.000000 | e:   1.000000 | Q:        nan | won: False 
#  252 | steps:  2779 | steps_t:     0 | t: 0.721470 | r:  -492.000000 | e:   1.000000 | Q:        nan | won: False 
#  253 | steps:  2790 | steps_t:     0 | t: 0.723945 | r:  -489.000000 | e:   1.000000 | Q:        nan | won: False 
#  254 | steps:  2796 | steps_t:     0 | t: 0.725656 | r:  -494.000000 | e:   1.000000 | Q:        nan | won: False 
#  255 | steps:  2802 | steps_t:     0 | t: 0.727140 | r:  -494.000000 | e:   1.000000 | Q:        nan | won: False 
#  256 | steps:  2815 | steps_t:     0 | t: 0.730126 | r:  -487.000000 | e:   1.000000 | Q:        nan | won: False 
#  257 | steps:  2825 | steps_t:     0 | t: 0.732430 | r:  -490.000000 | e:   1.000000 | Q:        nan | won: False 
#  258 | steps:  2854 | steps_t:     0 | t: 0.738382 | r:  -471.000000 | e:   1.000000 | Q:        nan | won: False 
#  259 | steps:  2861 | steps_t:     0 | t: 0.740149 | r:  -493.000000 | e:   1.000000 | Q:        nan | won: False 
#  260 | steps:  2868 | steps_t:     0 | t: 0.741819 | r:  -493.000000 | e:   1.000000 | Q:        nan | won: False 
#  261 | steps:  2877 | steps_t:     0 | t: 0.744442 | r:  -491.000000 | e:   1.000000 | Q:        nan | won: False 
#  262 | steps:  2888 | steps_t:     0 | t: 0.747823 | r:  -489.000000 | e:   1.000000 | Q:        nan | won: False 
#  263 | steps:  2895 | steps_t:     0 | t: 0.750006 | r:  -493.000000 | e:   1.000000 | Q:        nan | won: False 
#  264 | steps:  2921 | steps_t:     0 | t: 0.755443 | r:  -474.000000 | e:   1.000000 | Q:        nan | won: False 
#  265 | steps:  2930 | steps_t:     0 | t: 0.757746 | r:  -491.000000 | e:   1.000000 | Q:        nan | won: False 
#  266 | steps:  2948 | steps_t:     0 | t: 0.761650 | r:  -482.000000 | e:   1.000000 | Q:        nan | won: False 
#  267 | steps:  2956 | steps_t:     0 | t: 0.763635 | r:  -492.000000 | e:   1.000000 | Q:        nan | won: False 
#  268 | steps:  2967 | steps_t:     0 | t: 0.766668 | r:  -489.000000 | e:   1.000000 | Q:        nan | won: False 
#  269 | steps:  2975 | steps_t:     0 | t: 0.769449 | r:  -492.000000 | e:   1.000000 | Q:        nan | won: False 
#  270 | steps:  2992 | steps_t:     0 | t: 0.773121 | r:  -483.000000 | e:   1.000000 | Q:        nan | won: False 
#  271 | steps:  3002 | steps_t:     0 | t: 0.776657 | r:  -490.000000 | e:   1.000000 | Q:        nan | won: False 
#  272 | steps:  3009 | steps_t:     0 | t: 0.779998 | r:  -493.000000 | e:   1.000000 | Q:        nan | won: False 
#  273 | steps:  3019 | steps_t:     0 | t: 0.783850 | r:  -490.000000 | e:   1.000000 | Q:        nan | won: False 
#  274 | steps:  3042 | steps_t:     0 | t: 0.789860 | r:  -477.000000 | e:   1.000000 | Q:        nan | won: False 
#  275 | steps:  3053 | steps_t:     0 | t: 0.792453 | r:  -489.000000 | e:   1.000000 | Q:        nan | won: False 
#  276 | steps:  3061 | steps_t:     0 | t: 0.794231 | r:  -492.000000 | e:   1.000000 | Q:        nan | won: False 
#  277 | steps:  3070 | steps_t:     0 | t: 0.796310 | r:  -491.000000 | e:   1.000000 | Q:        nan | won: False 
#  278 | steps:  3078 | steps_t:     0 | t: 0.798227 | r:  -492.000000 | e:   1.000000 | Q:        nan | won: False 
#  279 | steps:  3089 | steps_t:     0 | t: 0.800764 | r:  -489.000000 | e:   1.000000 | Q:        nan | won: False 
#  280 | steps:  3111 | steps_t:     0 | t: 0.805657 | r:  -478.000000 | e:   1.000000 | Q:        nan | won: False 
#  281 | steps:  3121 | steps_t:     0 | t: 0.808115 | r:  -490.000000 | e:   1.000000 | Q:        nan | won: False 
#  282 | steps:  3129 | steps_t:     0 | t: 0.810736 | r:  -492.000000 | e:   1.000000 | Q:        nan | won: False 
#  283 | steps:  3138 | steps_t:     0 | t: 0.813431 | r:  -491.000000 | e:   1.000000 | Q:        nan | won: False 
#  284 | steps:  3148 | steps_t:     0 | t: 0.816249 | r:  -490.000000 | e:   1.000000 | Q:        nan | won: False 
#  285 | steps:  3158 | steps_t:     0 | t: 0.819002 | r:  -490.000000 | e:   1.000000 | Q:        nan | won: False 
#  286 | steps:  3169 | steps_t:     0 | t: 0.821641 | r:  -489.000000 | e:   1.000000 | Q:        nan | won: False 
#  287 | steps:  3177 | steps_t:     0 | t: 0.823476 | r:  -492.000000 | e:   1.000000 | Q:        nan | won: False 
#  288 | steps:  3185 | steps_t:     0 | t: 0.825298 | r:  -492.000000 | e:   1.000000 | Q:        nan | won: False 
#  289 | steps:  3208 | steps_t:     0 | t: 0.830408 | r:  -477.000000 | e:   1.000000 | Q:        nan | won: False 
#  290 | steps:  3222 | steps_t:     0 | t: 0.833689 | r:  -486.000000 | e:   1.000000 | Q:        nan | won: False 
#  291 | steps:  3229 | steps_t:     0 | t: 0.835545 | r:  -493.000000 | e:   1.000000 | Q:        nan | won: False 
#  292 | steps:  3236 | steps_t:     0 | t: 0.837390 | r:  -493.000000 | e:   1.000000 | Q:        nan | won: False 
#  293 | steps:  3260 | steps_t:     0 | t: 0.843120 | r:  -476.000000 | e:   1.000000 | Q:        nan | won: False 
#  294 | steps:  3266 | steps_t:     0 | t: 0.845090 | r:  -494.000000 | e:   1.000000 | Q:        nan | won: False 
#  295 | steps:  3273 | steps_t:     0 | t: 0.847016 | r:  -493.000000 | e:   1.000000 | Q:        nan | won: False 
#  296 | steps:  3286 | steps_t:     0 | t: 0.850517 | r:  -487.000000 | e:   1.000000 | Q:        nan | won: False 
#  297 | steps:  3293 | steps_t:     0 | t: 0.852388 | r:  -493.000000 | e:   1.000000 | Q:        nan | won: False 
#  298 | steps:  3309 | steps_t:     0 | t: 0.855999 | r:  -484.000000 | e:   1.000000 | Q:        nan | won: False 
#  299 | steps:  3314 | steps_t:     0 | t: 0.857478 | r:  -495.000000 | e:   1.000000 | Q:        nan | won: False 
#  300 | steps:  3323 | steps_t:     0 | t: 0.859496 | r:  -491.000000 | e:   1.000000 | Q:        nan | won: False 
#  301 | steps:  3331 | steps_t:     0 | t: 0.861333 | r:  -492.000000 | e:   1.000000 | Q:        nan | won: False 
#  302 | steps:  3345 | steps_t:     0 | t: 0.864545 | r:  -486.000000 | e:   1.000000 | Q:        nan | won: False 
#  303 | steps:  3350 | steps_t:     0 | t: 0.865897 | r:  -495.000000 | e:   1.000000 | Q:        nan | won: False 
#  304 | steps:  3356 | steps_t:     0 | t: 0.867509 | r:  -494.000000 | e:   1.000000 | Q:        nan | won: False 
#  305 | steps:  3364 | steps_t:     0 | t: 0.869453 | r:  -492.000000 | e:   1.000000 | Q:        nan | won: False 
#  306 | steps:  3386 | steps_t:     0 | t: 0.874518 | r:  -478.000000 | e:   1.000000 | Q:        nan | won: False 
#  307 | steps:  3402 | steps_t:     0 | t: 0.878810 | r:  -484.000000 | e:   1.000000 | Q:        nan | won: False 
#  308 | steps:  3409 | steps_t:     0 | t: 0.880998 | r:  -493.000000 | e:   1.000000 | Q:        nan | won: False 
#  309 | steps:  3423 | steps_t:     0 | t: 0.885019 | r:  -486.000000 | e:   1.000000 | Q:        nan | won: False 
#  310 | steps:  3431 | steps_t:     0 | t: 0.886979 | r:  -492.000000 | e:   1.000000 | Q:        nan | won: False 
#  311 | steps:  3447 | steps_t:     0 | t: 0.890459 | r:  -484.000000 | e:   1.000000 | Q:        nan | won: False 
#  312 | steps:  3454 | steps_t:     0 | t: 0.892484 | r:  -493.000000 | e:   1.000000 | Q:        nan | won: False 
#  313 | steps:  3476 | steps_t:     0 | t: 0.897851 | r:  -478.000000 | e:   1.000000 | Q:        nan | won: False 
#  314 | steps:  3486 | steps_t:     0 | t: 0.901014 | r:  -490.000000 | e:   1.000000 | Q:        nan | won: False 
#  315 | steps:  3494 | steps_t:     0 | t: 0.903119 | r:  -492.000000 | e:   1.000000 | Q:        nan | won: False 
#  316 | steps:  3506 | steps_t:     0 | t: 0.906806 | r:  -488.000000 | e:   1.000000 | Q:        nan | won: False 
#  317 | steps:  3515 | steps_t:     0 | t: 0.909979 | r:  -491.000000 | e:   1.000000 | Q:        nan | won: False 
#  318 | steps:  3540 | steps_t:     0 | t: 0.918419 | r:  -475.000000 | e:   1.000000 | Q:        nan | won: False 
#  319 | steps:  3549 | steps_t:     0 | t: 0.920598 | r:  -491.000000 | e:   1.000000 | Q:        nan | won: False 
#  320 | steps:  3558 | steps_t:     0 | t: 0.922569 | r:  -491.000000 | e:   1.000000 | Q:        nan | won: False 
#  321 | steps:  3565 | steps_t:     0 | t: 0.924140 | r:  -493.000000 | e:   1.000000 | Q:        nan | won: False 
#  322 | steps:  3575 | steps_t:     0 | t: 0.926325 | r:  -490.000000 | e:   1.000000 | Q:        nan | won: False 
#  323 | steps:  3588 | steps_t:     0 | t: 0.929383 | r:  -487.000000 | e:   1.000000 | Q:        nan | won: False 
#  324 | steps:  3612 | steps_t:     0 | t: 0.934398 | r:  -476.000000 | e:   1.000000 | Q:        nan | won: False 
#  325 | steps:  3621 | steps_t:     0 | t: 0.936392 | r:  -491.000000 | e:   1.000000 | Q:        nan | won: False 
#  326 | steps:  3629 | steps_t:     0 | t: 0.938422 | r:  -492.000000 | e:   1.000000 | Q:        nan | won: False 
#  327 | steps:  3640 | steps_t:     0 | t: 0.940833 | r:  -489.000000 | e:   1.000000 | Q:        nan | won: False 
#  328 | steps:  3649 | steps_t:     0 | t: 0.942779 | r:  -491.000000 | e:   1.000000 | Q:        nan | won: False 
#  329 | steps:  3659 | steps_t:     0 | t: 0.945656 | r:  -490.000000 | e:   1.000000 | Q:        nan | won: False 
#  330 | steps:  3670 | steps_t:     0 | t: 0.948416 | r:  -489.000000 | e:   1.000000 | Q:        nan | won: False 
#  331 | steps:  3686 | steps_t:     0 | t: 0.952926 | r:  -484.000000 | e:   1.000000 | Q:        nan | won: False 
#  332 | steps:  3693 | steps_t:     0 | t: 0.954814 | r:  -493.000000 | e:   1.000000 | Q:        nan | won: False 
#  333 | steps:  3703 | steps_t:     0 | t: 0.957121 | r:  -490.000000 | e:   1.000000 | Q:        nan | won: False 
#  334 | steps:  3712 | steps_t:     0 | t: 0.959595 | r:  -491.000000 | e:   1.000000 | Q:        nan | won: False 
#  335 | steps:  3719 | steps_t:     0 | t: 0.961332 | r:  -493.000000 | e:   1.000000 | Q:        nan | won: False 
#  336 | steps:  3732 | steps_t:     0 | t: 0.964343 | r:  -487.000000 | e:   1.000000 | Q:        nan | won: False 
#  337 | steps:  3741 | steps_t:     0 | t: 0.966464 | r:  -491.000000 | e:   1.000000 | Q:        nan | won: False 
#  338 | steps:  3753 | steps_t:     0 | t: 0.969437 | r:  -488.000000 | e:   1.000000 | Q:        nan | won: False 
#  339 | steps:  3760 | steps_t:     0 | t: 0.971379 | r:  -493.000000 | e:   1.000000 | Q:        nan | won: False 
#  340 | steps:  3769 | steps_t:     0 | t: 0.973448 | r:  -491.000000 | e:   1.000000 | Q:        nan | won: False 
#  341 | steps:  3780 | steps_t:     0 | t: 0.975890 | r:  -489.000000 | e:   1.000000 | Q:        nan | won: False 
#  342 | steps:  3789 | steps_t:     0 | t: 0.978545 | r:  -491.000000 | e:   1.000000 | Q:        nan | won: False 
#  343 | steps:  3796 | steps_t:     0 | t: 0.980867 | r:  -493.000000 | e:   1.000000 | Q:        nan | won: False 
#  344 | steps:  3804 | steps_t:     0 | t: 0.982867 | r:  -492.000000 | e:   1.000000 | Q:        nan | won: False 
#  345 | steps:  3812 | steps_t:     0 | t: 0.985409 | r:  -492.000000 | e:   1.000000 | Q:        nan | won: False 
#  346 | steps:  3827 | steps_t:     0 | t: 0.988815 | r:  -485.000000 | e:   1.000000 | Q:        nan | won: False 
#  347 | steps:  3834 | steps_t:     0 | t: 0.990628 | r:  -493.000000 | e:   1.000000 | Q:        nan | won: False 
#  348 | steps:  3842 | steps_t:     0 | t: 0.992624 | r:  -492.000000 | e:   1.000000 | Q:        nan | won: False 
#  349 | steps:  3849 | steps_t:     0 | t: 0.994292 | r:  -493.000000 | e:   1.000000 | Q:        nan | won: False 
#  350 | steps:  3855 | steps_t:     0 | t: 0.995817 | r:  -494.000000 | e:   1.000000 | Q:        nan | won: False 
#  351 | steps:  3861 | steps_t:     0 | t: 0.997506 | r:  -494.000000 | e:   1.000000 | Q:        nan | won: False 
#  352 | steps:  3871 | steps_t:     0 | t: 0.999768 | r:  -490.000000 | e:   1.000000 | Q:        nan | won: False 
#  353 | steps:  3880 | steps_t:     0 | t: 1.001833 | r:  -491.000000 | e:   1.000000 | Q:        nan | won: False 
#  354 | steps:  3888 | steps_t:     0 | t: 1.003797 | r:  -492.000000 | e:   1.000000 | Q:        nan | won: False 
#  355 | steps:  3904 | steps_t:     0 | t: 1.007563 | r:  -484.000000 | e:   1.000000 | Q:        nan | won: False 
#  356 | steps:  3911 | steps_t:     0 | t: 1.009277 | r:  -493.000000 | e:   1.000000 | Q:        nan | won: False 
#  357 | steps:  3924 | steps_t:     0 | t: 1.012842 | r:  -487.000000 | e:   1.000000 | Q:        nan | won: False 
#  358 | steps:  3938 | steps_t:     0 | t: 1.018497 | r:  -486.000000 | e:   1.000000 | Q:        nan | won: False 
#  359 | steps:  3954 | steps_t:     0 | t: 1.029113 | r:  -484.000000 | e:   1.000000 | Q:        nan | won: False 
#  360 | steps:  3971 | steps_t:     0 | t: 1.033879 | r:  -483.000000 | e:   1.000000 | Q:        nan | won: False 
#  361 | steps:  3979 | steps_t:     0 | t: 1.035895 | r:  -492.000000 | e:   1.000000 | Q:        nan | won: False 
#  362 | steps:  3991 | steps_t:     0 | t: 1.038546 | r:  -488.000000 | e:   1.000000 | Q:        nan | won: False 
#  363 | steps:  3999 | steps_t:     0 | t: 1.040749 | r:  -492.000000 | e:   1.000000 | Q:        nan | won: False 
#  364 | steps:  4005 | steps_t:     0 | t: 1.042231 | r:  -494.000000 | e:   1.000000 | Q:        nan | won: False 
#  365 | steps:  4016 | steps_t:     0 | t: 1.045625 | r:  -489.000000 | e:   1.000000 | Q:        nan | won: False 
#  366 | steps:  4033 | steps_t:     0 | t: 1.050210 | r:  -483.000000 | e:   1.000000 | Q:        nan | won: False 
#  367 | steps:  4043 | steps_t:     0 | t: 1.052713 | r:  -490.000000 | e:   1.000000 | Q:        nan | won: False 
#  368 | steps:  4050 | steps_t:     0 | t: 1.054403 | r:  -493.000000 | e:   1.000000 | Q:        nan | won: False 
#  369 | steps:  4069 | steps_t:     0 | t: 1.058549 | r:  -481.000000 | e:   1.000000 | Q:        nan | won: False 
#  370 | steps:  4080 | steps_t:     0 | t: 1.061008 | r:  -489.000000 | e:   1.000000 | Q:        nan | won: False 
#  371 | steps:  4091 | steps_t:     0 | t: 1.063740 | r:  -489.000000 | e:   1.000000 | Q:        nan | won: False 
#  372 | steps:  4102 | steps_t:     0 | t: 1.067299 | r:  -489.000000 | e:   1.000000 | Q:        nan | won: False 
#  373 | steps:  4110 | steps_t:     0 | t: 1.069213 | r:  -492.000000 | e:   1.000000 | Q:        nan | won: False 
#  374 | steps:  4129 | steps_t:     0 | t: 1.073374 | r:  -481.000000 | e:   1.000000 | Q:        nan | won: False 
#  375 | steps:  4137 | steps_t:     0 | t: 1.075441 | r:  -492.000000 | e:   1.000000 | Q:        nan | won: False 
#  376 | steps:  4144 | steps_t:     0 | t: 1.077685 | r:  -493.000000 | e:   1.000000 | Q:        nan | won: False 
#  377 | steps:  4154 | steps_t:     0 | t: 1.080225 | r:  -490.000000 | e:   1.000000 | Q:        nan | won: False 
#  378 | steps:  4160 | steps_t:     0 | t: 1.082239 | r:  -494.000000 | e:   1.000000 | Q:        nan | won: False 
#  379 | steps:  4168 | steps_t:     0 | t: 1.084957 | r:  -492.000000 | e:   1.000000 | Q:        nan | won: False 
#  380 | steps:  4187 | steps_t:     0 | t: 1.089349 | r:  -481.000000 | e:   1.000000 | Q:        nan | won: False 
#  381 | steps:  4194 | steps_t:     0 | t: 1.091014 | r:  -493.000000 | e:   1.000000 | Q:        nan | won: False 
#  382 | steps:  4202 | steps_t:     0 | t: 1.092883 | r:  -492.000000 | e:   1.000000 | Q:        nan | won: False 
#  383 | steps:  4214 | steps_t:     0 | t: 1.095431 | r:  -488.000000 | e:   1.000000 | Q:        nan | won: False 
#  384 | steps:  4221 | steps_t:     0 | t: 1.097146 | r:  -493.000000 | e:   1.000000 | Q:        nan | won: False 
#  385 | steps:  4230 | steps_t:     0 | t: 1.099485 | r:  -491.000000 | e:   1.000000 | Q:        nan | won: False 
#  386 | steps:  4238 | steps_t:     0 | t: 1.101393 | r:  -492.000000 | e:   1.000000 | Q:        nan | won: False 
#  387 | steps:  4257 | steps_t:     0 | t: 1.105703 | r:  -481.000000 | e:   1.000000 | Q:        nan | won: False 
#  388 | steps:  4264 | steps_t:     0 | t: 1.107409 | r:  -493.000000 | e:   1.000000 | Q:        nan | won: False 
#  389 | steps:  4271 | steps_t:     0 | t: 1.109498 | r:  -493.000000 | e:   1.000000 | Q:        nan | won: False 
#  390 | steps:  4288 | steps_t:     0 | t: 1.113790 | r:  -483.000000 | e:   1.000000 | Q:        nan | won: False 
#  391 | steps:  4297 | steps_t:     0 | t: 1.116086 | r:  -491.000000 | e:   1.000000 | Q:        nan | won: False 
#  392 | steps:  4304 | steps_t:     0 | t: 1.118233 | r:  -493.000000 | e:   1.000000 | Q:        nan | won: False 
#  393 | steps:  4316 | steps_t:     0 | t: 1.120978 | r:  -488.000000 | e:   1.000000 | Q:        nan | won: False 
#  394 | steps:  4325 | steps_t:     0 | t: 1.123122 | r:  -491.000000 | e:   1.000000 | Q:        nan | won: False 
#  395 | steps:  4336 | steps_t:     0 | t: 1.125814 | r:  -489.000000 | e:   1.000000 | Q:        nan | won: False 
#  396 | steps:  4344 | steps_t:     0 | t: 1.127849 | r:  -492.000000 | e:   1.000000 | Q:        nan | won: False 
#  397 | steps:  4358 | steps_t:     0 | t: 1.131192 | r:  -486.000000 | e:   1.000000 | Q:        nan | won: False 
#  398 | steps:  4367 | steps_t:     0 | t: 1.133278 | r:  -491.000000 | e:   1.000000 | Q:        nan | won: False 
#  399 | steps:  4377 | steps_t:     0 | t: 1.142008 | r:  -490.000000 | e:   1.000000 | Q:        nan | won: False 
#  400 | steps:  4384 | steps_t:     0 | t: 1.146793 | r:  -493.000000 | e:   1.000000 | Q:        nan | won: False 
#  401 | steps:  4427 | steps_t:     0 | t: 1.158287 | r:  -457.000000 | e:   1.000000 | Q:        nan | won: False 
#  402 | steps:  4438 | steps_t:     0 | t: 1.160902 | r:  -489.000000 | e:   1.000000 | Q:        nan | won: False 
#  403 | steps:  4444 | steps_t:     0 | t: 1.162481 | r:  -494.000000 | e:   1.000000 | Q:        nan | won: False 
#  404 | steps:  4462 | steps_t:     0 | t: 1.166452 | r:  -482.000000 | e:   1.000000 | Q:        nan | won: False 
#  405 | steps:  4472 | steps_t:     0 | t: 1.168931 | r:  -490.000000 | e:   1.000000 | Q:        nan | won: False 
#  406 | steps:  4497 | steps_t:     0 | t: 1.174587 | r:  -475.000000 | e:   1.000000 | Q:        nan | won: False 
#  407 | steps:  4518 | steps_t:     0 | t: 1.179959 | r:  -479.000000 | e:   1.000000 | Q:        nan | won: False 
#  408 | steps:  4525 | steps_t:     0 | t: 1.181845 | r:  -493.000000 | e:   1.000000 | Q:        nan | won: False 
#  409 | steps:  4539 | steps_t:     0 | t: 1.185818 | r:  -486.000000 | e:   1.000000 | Q:        nan | won: False 
#  410 | steps:  4547 | steps_t:     0 | t: 1.188061 | r:  -492.000000 | e:   1.000000 | Q:        nan | won: False 
#  411 | steps:  4559 | steps_t:     0 | t: 1.190783 | r:  -488.000000 | e:   1.000000 | Q:        nan | won: False 
#  412 | steps:  4568 | steps_t:     0 | t: 1.192806 | r:  -491.000000 | e:   1.000000 | Q:        nan | won: False 
#  413 | steps:  4574 | steps_t:     0 | t: 1.194467 | r:  -494.000000 | e:   1.000000 | Q:        nan | won: False 
#  414 | steps:  4582 | steps_t:     0 | t: 1.196388 | r:  -492.000000 | e:   1.000000 | Q:        nan | won: False 
#  415 | steps:  4594 | steps_t:     0 | t: 1.199080 | r:  -488.000000 | e:   1.000000 | Q:        nan | won: False 
#  416 | steps:  4603 | steps_t:     0 | t: 1.201047 | r:  -491.000000 | e:   1.000000 | Q:        nan | won: False 
#  417 | steps:  4622 | steps_t:     0 | t: 1.205088 | r:  -481.000000 | e:   1.000000 | Q:        nan | won: False 
#  418 | steps:  4632 | steps_t:     0 | t: 1.207589 | r:  -490.000000 | e:   1.000000 | Q:        nan | won: False 
#  419 | steps:  4640 | steps_t:     0 | t: 1.210164 | r:  -492.000000 | e:   1.000000 | Q:        nan | won: False 
#  420 | steps:  4650 | steps_t:     0 | t: 1.213409 | r:  -490.000000 | e:   1.000000 | Q:        nan | won: False 
#  421 | steps:  4657 | steps_t:     0 | t: 1.215253 | r:  -493.000000 | e:   1.000000 | Q:        nan | won: False 
#  422 | steps:  4670 | steps_t:     0 | t: 1.219145 | r:  -487.000000 | e:   1.000000 | Q:        nan | won: False 
#  423 | steps:  4678 | steps_t:     0 | t: 1.221103 | r:  -492.000000 | e:   1.000000 | Q:        nan | won: False 
#  424 | steps:  4691 | steps_t:     0 | t: 1.223876 | r:  -487.000000 | e:   1.000000 | Q:        nan | won: False 
#  425 | steps:  4698 | steps_t:     0 | t: 1.225704 | r:  -493.000000 | e:   1.000000 | Q:        nan | won: False 
#  426 | steps:  4711 | steps_t:     0 | t: 1.228905 | r:  -487.000000 | e:   1.000000 | Q:        nan | won: False 
#  427 | steps:  4724 | steps_t:     0 | t: 1.232168 | r:  -487.000000 | e:   1.000000 | Q:        nan | won: False 
#  428 | steps:  4745 | steps_t:     0 | t: 1.236821 | r:  -479.000000 | e:   1.000000 | Q:        nan | won: False 
#  429 | steps:  4759 | steps_t:     0 | t: 1.240169 | r:  -486.000000 | e:   1.000000 | Q:        nan | won: False 
#  430 | steps:  4766 | steps_t:     0 | t: 1.242010 | r:  -493.000000 | e:   1.000000 | Q:        nan | won: False 
#  431 | steps:  4775 | steps_t:     0 | t: 1.244510 | r:  -491.000000 | e:   1.000000 | Q:        nan | won: False 
#  432 | steps:  4785 | steps_t:     0 | t: 1.247243 | r:  -490.000000 | e:   1.000000 | Q:        nan | won: False 
#  433 | steps:  4799 | steps_t:     0 | t: 1.250953 | r:  -486.000000 | e:   1.000000 | Q:        nan | won: False 
#  434 | steps:  4809 | steps_t:     0 | t: 1.253311 | r:  -490.000000 | e:   1.000000 | Q:        nan | won: False 
#  435 | steps:  4827 | steps_t:     0 | t: 1.264799 | r:  -482.000000 | e:   1.000000 | Q:        nan | won: False 
#  436 | steps:  4836 | steps_t:     0 | t: 1.271621 | r:  -491.000000 | e:   1.000000 | Q:        nan | won: False 
#  437 | steps:  4853 | steps_t:     0 | t: 1.275232 | r:  -483.000000 | e:   1.000000 | Q:        nan | won: False 
#  438 | steps:  4861 | steps_t:     0 | t: 1.277809 | r:  -492.000000 | e:   1.000000 | Q:        nan | won: False 
#  439 | steps:  4883 | steps_t:     0 | t: 1.283757 | r:  -478.000000 | e:   1.000000 | Q:        nan | won: False 
#  440 | steps:  4894 | steps_t:     0 | t: 1.286305 | r:  -489.000000 | e:   1.000000 | Q:        nan | won: False 
#  441 | steps:  4899 | steps_t:     0 | t: 1.287727 | r:  -495.000000 | e:   1.000000 | Q:        nan | won: False 
#  442 | steps:  4908 | steps_t:     0 | t: 1.289908 | r:  -491.000000 | e:   1.000000 | Q:        nan | won: False 
#  443 | steps:  4915 | steps_t:     0 | t: 1.295315 | r:  -493.000000 | e:   1.000000 | Q:        nan | won: False 
#  444 | steps:  4921 | steps_t:     0 | t: 1.299318 | r:  -494.000000 | e:   1.000000 | Q:        nan | won: False 
#  445 | steps:  4931 | steps_t:     0 | t: 1.302664 | r:  -490.000000 | e:   1.000000 | Q:        nan | won: False 
#  446 | steps:  4946 | steps_t:     0 | t: 1.306617 | r:  -485.000000 | e:   1.000000 | Q:        nan | won: False 
#  447 | steps:  4958 | steps_t:     0 | t: 1.309806 | r:  -488.000000 | e:   1.000000 | Q:        nan | won: False 
#  448 | steps:  4968 | steps_t:     0 | t: 1.312975 | r:  -490.000000 | e:   1.000000 | Q:        nan | won: False 
#  449 | steps:  4981 | steps_t:     0 | t: 1.315948 | r:  -487.000000 | e:   1.000000 | Q:        nan | won: False 
#  450 | steps:  4988 | steps_t:     0 | t: 1.318624 | r:  -493.000000 | e:   1.000000 | Q:        nan | won: False 
#  451 | steps:  4998 | steps_t:     0 | t: 1.321268 | r:  -490.000000 | e:   1.000000 | Q:        nan | won: False 
#  452 | steps:  5005 | steps_t:     4 | t: 1.445853 | r:  -493.000000 | e:   0.999600 | Q:        nan | won: False 
#  453 | steps:  5017 | steps_t:    15 | t: 1.530823 | r:  -488.000000 | e:   0.998500 | Q:        nan | won: False 
#  454 | steps:  5026 | steps_t:    23 | t: 1.586079 | r:  -491.000000 | e:   0.997700 | Q:        nan | won: False 
#  455 | steps:  5035 | steps_t:    31 | t: 1.649894 | r:  -491.000000 | e:   0.996900 | Q:        nan | won: False 
#  456 | steps:  5059 | steps_t:    54 | t: 1.806085 | r:   534.000000 | e:   0.994600 | Q:        nan | won: True 
#  457 | steps:  5067 | steps_t:    61 | t: 1.856293 | r:  -492.000000 | e:   0.993900 | Q:        nan | won: False 
#  458 | steps:  5072 | steps_t:    65 | t: 1.886611 | r:  -495.000000 | e:   0.993500 | Q:        nan | won: False 
#  459 | steps:  5084 | steps_t:    76 | t: 1.965439 | r:  -488.000000 | e:   0.992400 | Q:        nan | won: False 
#  460 | steps:  5091 | steps_t:    82 | t: 2.007760 | r:  -493.000000 | e:   0.991800 | Q:        nan | won: False 
#  461 | steps:  5110 | steps_t:   100 | t: 2.130663 | r:  -481.000000 | e:   0.990000 | Q: -55.224068 | won: False 
#  462 | steps:  5125 | steps_t:   114 | t: 2.229412 | r:  -485.000000 | e:   0.988600 | Q:        nan | won: False 
#  463 | steps:  5132 | steps_t:   120 | t: 2.279413 | r:  -493.000000 | e:   0.988000 | Q:        nan | won: False 
#  464 | steps:  5137 | steps_t:   124 | t: 2.309062 | r:  -495.000000 | e:   0.987600 | Q:        nan | won: False 
#  465 | steps:  5155 | steps_t:   141 | t: 2.426019 | r:   528.000000 | e:   0.985900 | Q:        nan | won: True 
#  466 | steps:  5165 | steps_t:   150 | t: 2.490069 | r:  -490.000000 | e:   0.985000 | Q:        nan | won: False 
#  467 | steps:  5174 | steps_t:   158 | t: 2.583296 | r:  -491.000000 | e:   0.984200 | Q: -305.301788 | won: False 
#  468 | steps:  5193 | steps_t:   176 | t: 2.722718 | r:  -481.000000 | e:   0.982400 | Q: -290.036194 | won: False 
#  469 | steps:  5202 | steps_t:   184 | t: 2.782581 | r:  -491.000000 | e:   0.981600 | Q:        nan | won: False 
#  470 | steps:  5226 | steps_t:   207 | t: 2.942102 | r:  -476.000000 | e:   0.979300 | Q:        nan | won: False 
#  471 | steps:  5238 | steps_t:   218 | t: 3.029384 | r:  -488.000000 | e:   0.978200 | Q:        nan | won: False 
#  472 | steps:  5247 | steps_t:   226 | t: 3.087129 | r:  -491.000000 | e:   0.977400 | Q:        nan | won: False 
#  473 | steps:  5262 | steps_t:   240 | t: 3.186358 | r:  -485.000000 | e:   0.976000 | Q:        nan | won: False 
#  474 | steps:  5268 | steps_t:   245 | t: 3.222747 | r:  -494.000000 | e:   0.975500 | Q:        nan | won: False 
#  475 | steps:  5279 | steps_t:   255 | t: 3.297792 | r:  -489.000000 | e:   0.974500 | Q:        nan | won: False 
#  476 | steps:  5284 | steps_t:   259 | t: 3.329388 | r:  -495.000000 | e:   0.974100 | Q: -289.970398 | won: False 
#  477 | steps:  5293 | steps_t:   267 | t: 3.389146 | r:  -491.000000 | e:   0.973300 | Q: -287.821533 | won: False 
#  478 | steps:  5300 | steps_t:   273 | t: 3.430540 | r:  -493.000000 | e:   0.972700 | Q:        nan | won: False 
#  479 | steps:  5307 | steps_t:   279 | t: 3.471982 | r:  -493.000000 | e:   0.972100 | Q:        nan | won: False 
#  480 | steps:  5316 | steps_t:   287 | t: 3.536922 | r:  -491.000000 | e:   0.971300 | Q: -337.348999 | won: False 
#  481 | steps:  5325 | steps_t:   295 | t: 3.591215 | r:  -491.000000 | e:   0.970500 | Q:        nan | won: False 
#  482 | steps:  5334 | steps_t:   303 | t: 3.654689 | r:  -491.000000 | e:   0.969700 | Q:        nan | won: False 
#  483 | steps:  5346 | steps_t:   314 | t: 3.730817 | r:  -488.000000 | e:   0.968600 | Q:        nan | won: False 
#  484 | steps:  5365 | steps_t:   332 | t: 3.855640 | r:  -481.000000 | e:   0.966800 | Q:        nan | won: False 
#  485 | steps:  5375 | steps_t:   341 | t: 3.925536 | r:  -490.000000 | e:   0.965900 | Q:        nan | won: False 
#  486 | steps:  5391 | steps_t:   356 | t: 4.033641 | r:  -484.000000 | e:   0.964400 | Q:        nan | won: False 
#  487 | steps:  5401 | steps_t:   365 | t: 4.097204 | r:  -490.000000 | e:   0.963500 | Q: -274.057312 | won: False 
#  488 | steps:  5413 | steps_t:   376 | t: 4.176974 | r:  -488.000000 | e:   0.962400 | Q: -251.306702 | won: False 
#  489 | steps:  5420 | steps_t:   382 | t: 4.219281 | r:  -493.000000 | e:   0.961800 | Q:        nan | won: False 
#  490 | steps:  5428 | steps_t:   389 | t: 4.268107 | r:  -492.000000 | e:   0.961100 | Q:        nan | won: False 
#  491 | steps:  5438 | steps_t:   398 | t: 4.336488 | r:  -490.000000 | e:   0.960200 | Q:        nan | won: False 
#  492 | steps:  5448 | steps_t:   407 | t: 4.398511 | r:  -490.000000 | e:   0.959300 | Q:        nan | won: False 
#  493 | steps:  5455 | steps_t:   413 | t: 4.448904 | r:  -493.000000 | e:   0.958700 | Q: -278.274658 | won: False 
#  494 | steps:  5463 | steps_t:   420 | t: 4.497267 | r:  -492.000000 | e:   0.958000 | Q:        nan | won: False 
#  495 | steps:  5472 | steps_t:   428 | t: 4.559380 | r:  -491.000000 | e:   0.957200 | Q: -265.367188 | won: False 
#  496 | steps:  5479 | steps_t:   434 | t: 4.601929 | r:  -493.000000 | e:   0.956600 | Q:        nan | won: False 
#  497 | steps:  5486 | steps_t:   440 | t: 4.645313 | r:  -493.000000 | e:   0.956000 | Q: -273.344360 | won: False 
#  498 | steps:  5493 | steps_t:   446 | t: 4.691213 | r:  -493.000000 | e:   0.955400 | Q:        nan | won: False 
#  499 | steps:  5504 | steps_t:   456 | t: 4.760922 | r:  -489.000000 | e:   0.954400 | Q: -300.313354 | won: False 
#  500 | steps:  5515 | steps_t:   466 | t: 4.835126 | r:  -489.000000 | e:   0.953400 | Q:        nan | won: False 
#  501 | steps:  5521 | steps_t:   471 | t: 4.871786 | r:  -494.000000 | e:   0.952900 | Q: -283.301300 | won: False 
#  502 | steps:  5529 | steps_t:   478 | t: 4.925743 | r:  -492.000000 | e:   0.952200 | Q:        nan | won: False 
#  503 | steps:  5546 | steps_t:   494 | t: 5.040729 | r:  -483.000000 | e:   0.950600 | Q:        nan | won: False 
#  504 | steps:  5566 | steps_t:   513 | t: 5.177294 | r:  -480.000000 | e:   0.948700 | Q: -284.253693 | won: False 
#  505 | steps:  5575 | steps_t:   521 | t: 5.245300 | r:  -491.000000 | e:   0.947900 | Q:        nan | won: False 
#  506 | steps:  5597 | steps_t:   542 | t: 5.437934 | r:  -478.000000 | e:   0.945800 | Q:        nan | won: False 
#  507 | steps:  5613 | steps_t:   557 | t: 5.538451 | r:  -484.000000 | e:   0.944300 | Q:        nan | won: False 
#  508 | steps:  5620 | steps_t:   563 | t: 5.582682 | r:  -493.000000 | e:   0.943700 | Q:        nan | won: False 
#  509 | steps:  5628 | steps_t:   570 | t: 5.630357 | r:  -492.000000 | e:   0.943000 | Q:        nan | won: False 
#  510 | steps:  5638 | steps_t:   579 | t: 5.691863 | r:  -490.000000 | e:   0.942100 | Q:        nan | won: False 
#  511 | steps:  5646 | steps_t:   586 | t: 5.739877 | r:  -492.000000 | e:   0.941400 | Q:        nan | won: False 
#  512 | steps:  5667 | steps_t:   606 | t: 5.871702 | r:  -479.000000 | e:   0.939400 | Q: -264.366394 | won: False 
#  513 | steps:  5676 | steps_t:   614 | t: 5.925201 | r:  -491.000000 | e:   0.938600 | Q:        nan | won: False 
#  514 | steps:  5682 | steps_t:   619 | t: 5.969395 | r:  -494.000000 | e:   0.938100 | Q: -277.354248 | won: False 
#  515 | steps:  5691 | steps_t:   627 | t: 6.025005 | r:  -491.000000 | e:   0.937300 | Q: -293.832977 | won: False 
#  516 | steps:  5703 | steps_t:   638 | t: 6.107493 | r:  -488.000000 | e:   0.936200 | Q: -290.191406 | won: False 
#  517 | steps:  5714 | steps_t:   648 | t: 6.175063 | r:  -489.000000 | e:   0.935200 | Q: -288.025482 | won: False 
#  518 | steps:  5721 | steps_t:   654 | t: 6.222016 | r:  -493.000000 | e:   0.934600 | Q: -262.814331 | won: False 
#  519 | steps:  5737 | steps_t:   669 | t: 6.328233 | r:  -484.000000 | e:   0.933100 | Q: -219.082443 | won: False 
#  520 | steps:  5745 | steps_t:   676 | t: 6.378273 | r:  -492.000000 | e:   0.932400 | Q:        nan | won: False 
#  521 | steps:  5760 | steps_t:   690 | t: 6.481545 | r:  -485.000000 | e:   0.931000 | Q: -308.810516 | won: False 
#  522 | steps:  5771 | steps_t:   700 | t: 6.549405 | r:  -489.000000 | e:   0.930000 | Q:        nan | won: False 
#  523 | steps:  5784 | steps_t:   712 | t: 6.631951 | r:  -487.000000 | e:   0.928800 | Q:        nan | won: False 
#  524 | steps:  5791 | steps_t:   718 | t: 6.677147 | r:  -493.000000 | e:   0.928200 | Q: -291.948151 | won: False 
#  525 | steps:  5798 | steps_t:   724 | t: 6.721123 | r:  -493.000000 | e:   0.927600 | Q:        nan | won: False 
#  526 | steps:  5811 | steps_t:   736 | t: 6.809943 | r:  -487.000000 | e:   0.926400 | Q: -306.337646 | won: False 
#  527 | steps:  5820 | steps_t:   744 | t: 6.865958 | r:  -491.000000 | e:   0.925600 | Q:        nan | won: False 
#  528 | steps:  5837 | steps_t:   760 | t: 6.985763 | r:  -483.000000 | e:   0.924000 | Q: -258.978516 | won: False 
#  529 | steps:  5845 | steps_t:   767 | t: 7.037271 | r:  -492.000000 | e:   0.923300 | Q:        nan | won: False 
#  530 | steps:  5859 | steps_t:   780 | t: 7.129492 | r:  -486.000000 | e:   0.922000 | Q: -287.133942 | won: False 
#  531 | steps:  5870 | steps_t:   790 | t: 7.201669 | r:  -489.000000 | e:   0.921000 | Q:        nan | won: False 
#  532 | steps:  5880 | steps_t:   799 | t: 7.263398 | r:  -490.000000 | e:   0.920100 | Q:        nan | won: False 
#  533 | steps:  5889 | steps_t:   807 | t: 7.323086 | r:  -491.000000 | e:   0.919300 | Q:        nan | won: False 
#  534 | steps:  5896 | steps_t:   813 | t: 7.364797 | r:  -493.000000 | e:   0.918700 | Q:        nan | won: False 
#  535 | steps:  5915 | steps_t:   831 | t: 7.491944 | r:  -481.000000 | e:   0.916900 | Q: -222.282578 | won: False 
#  536 | steps:  5933 | steps_t:   848 | t: 7.610714 | r:  -482.000000 | e:   0.915200 | Q:        nan | won: False 
#  537 | steps:  5958 | steps_t:   872 | t: 7.774457 | r:  -475.000000 | e:   0.912800 | Q: -272.407349 | won: False 
