#    1 | steps:   215 | steps_t: 58466 | t: 0.186295 | r:  -714.000000 | e:   0.100000 | Q:  63.969624 | won: False 
#    2 | steps:   520 | steps_t: 58466 | t: 0.427005 | r:  -804.000000 | e:   0.100000 | Q:  63.969624 | won: False 
#    3 | steps:   708 | steps_t: 58466 | t: 0.568387 | r:  -687.000000 | e:   0.100000 | Q:  46.495953 | won: False 
#    4 | steps:   770 | steps_t: 58466 | t: 0.618597 | r:    39.000000 | e:   0.100000 | Q:  39.926643 | won: True 
#    5 | steps:   812 | steps_t: 58466 | t: 0.651917 | r:  -541.000000 | e:   0.100000 | Q:  34.672787 | won: False 
#    6 | steps:  1077 | steps_t: 58466 | t: 0.862146 | r:  -764.000000 | e:   0.100000 | Q:  53.676018 | won: False 
#    7 | steps:  1134 | steps_t: 58466 | t: 0.908317 | r:  -556.000000 | e:   0.100000 | Q:  63.969624 | won: False 
#    8 | steps:  1160 | steps_t: 58466 | t: 0.932266 | r:  -525.000000 | e:   0.100000 | Q:  34.672787 | won: False 
#    9 | steps:  1429 | steps_t: 58466 | t: 1.140156 | r:  -768.000000 | e:   0.100000 | Q:  63.969624 | won: False 
#   10 | steps:  1616 | steps_t: 58466 | t: 1.285301 | r:  -686.000000 | e:   0.100000 | Q:  53.676018 | won: False 
#   11 | steps:  1784 | steps_t: 58466 | t: 1.421892 | r:  -667.000000 | e:   0.100000 | Q:  53.676018 | won: False 
#   12 | steps:  1875 | steps_t: 58466 | t: 1.494625 | r:    10.000000 | e:   0.100000 | Q:  63.969624 | won: True 
#   13 | steps:  2257 | steps_t: 58466 | t: 1.801510 | r:  -881.000000 | e:   0.100000 | Q:  63.969624 | won: False 
#   14 | steps:  2528 | steps_t: 58466 | t: 2.012487 | r:  -770.000000 | e:   0.100000 | Q:  63.969624 | won: False 
#   15 | steps:  2571 | steps_t: 58466 | t: 2.050467 | r:    58.000000 | e:   0.100000 | Q:  63.969624 | won: True 
#   16 | steps:  2869 | steps_t: 58466 | t: 2.280896 | r:  -797.000000 | e:   0.100000 | Q:  63.969624 | won: False 
#   17 | steps:  2894 | steps_t: 58466 | t: 2.302724 | r:  -524.000000 | e:   0.100000 | Q:  34.672787 | won: False 
#   18 | steps:  2992 | steps_t: 58466 | t: 2.383357 | r:  -597.000000 | e:   0.100000 | Q:  63.969624 | won: False 
#   19 | steps:  3042 | steps_t: 58466 | t: 2.421683 | r:  -549.000000 | e:   0.100000 | Q:  39.204887 | won: False 
#   20 | steps:  3126 | steps_t: 58466 | t: 2.493892 | r:  -583.000000 | e:   0.100000 | Q:  63.969624 | won: False 
#   21 | steps:  3180 | steps_t: 58466 | t: 2.540697 | r:  -553.000000 | e:   0.100000 | Q:  39.204887 | won: False 
#   22 | steps:  3352 | steps_t: 58466 | t: 2.673785 | r:  -671.000000 | e:   0.100000 | Q:  63.969624 | won: False 
#   23 | steps:  3494 | steps_t: 58466 | t: 2.781731 | r:  -641.000000 | e:   0.100000 | Q:  39.926643 | won: False 
#   24 | steps:  3508 | steps_t: 58466 | t: 2.793428 | r:  -513.000000 | e:   0.100000 | Q:  63.969624 | won: False 
#   25 | steps:  3852 | steps_t: 58466 | t: 3.052280 | r:  -843.000000 | e:   0.100000 | Q:  63.969624 | won: False 
#   26 | steps:  3990 | steps_t: 58466 | t: 3.160849 | r:  -637.000000 | e:   0.100000 | Q:  63.969624 | won: False 
#   27 | steps:  4226 | steps_t: 58466 | t: 3.346893 | r:  -735.000000 | e:   0.100000 | Q:  63.969624 | won: False 
#   28 | steps:  4488 | steps_t: 58466 | t: 3.546838 | r:  -761.000000 | e:   0.100000 | Q:  63.969624 | won: False 
#   29 | steps:  4619 | steps_t: 58466 | t: 3.645922 | r:  -630.000000 | e:   0.100000 | Q:  53.676018 | won: False 
#   30 | steps:  4916 | steps_t: 58466 | t: 3.882387 | r:  -796.000000 | e:   0.100000 | Q:  63.969624 | won: False 
#   31 | steps:  4964 | steps_t: 58466 | t: 3.922732 | r:  -547.000000 | e:   0.100000 | Q:  39.204887 | won: False 
#   32 | steps:  5053 | steps_t: 58518 | t: 4.424826 | r:    12.000000 | e:   0.100000 | Q:  46.520351 | won: True 
#   33 | steps:  5074 | steps_t: 58538 | t: 4.585228 | r:    80.000000 | e:   0.100000 | Q:  47.339371 | won: True 
#   34 | steps:  5185 | steps_t: 58648 | t: 5.449987 | r:   -10.000000 | e:   0.100000 | Q:  60.294621 | won: True 
#   35 | steps:  5382 | steps_t: 58844 | t: 7.120068 | r:   -96.000000 | e:   0.100000 | Q:  82.988060 | won: True 
#   36 | steps:  5430 | steps_t: 58891 | t: 7.551295 | r:  -547.000000 | e:   0.100000 | Q:  46.799656 | won: False 
#   37 | steps:  5444 | steps_t: 58904 | t: 7.662856 | r:  -513.000000 | e:   0.100000 | Q:  28.785566 | won: False 
#   38 | steps:  5465 | steps_t: 58924 | t: 7.821788 | r:  -520.000000 | e:   0.100000 | Q:  34.352901 | won: False 
#   39 | steps:  5544 | steps_t: 59002 | t: 8.449946 | r:  -578.000000 | e:   0.100000 | Q:  33.131958 | won: False 
#   40 | steps:  5762 | steps_t: 59219 | t: 10.237036 | r:  -717.000000 | e:   0.100000 | Q:  34.138916 | won: False 
#   41 | steps:  5865 | steps_t: 59321 | t: 11.055370 | r:  -602.000000 | e:   0.100000 | Q:  25.212938 | won: False 
#   42 | steps:  5931 | steps_t: 59386 | t: 11.587722 | r:    35.000000 | e:   0.100000 | Q:  31.611214 | won: True 
