#    1 | steps:    18 | steps_t:     0 | t: 0.041308 | r:  -517.000000 | e:   1.000000 | Q:        nan | won: False 
#    2 | steps:    28 | steps_t:     0 | t: 0.046429 | r:  -509.000000 | e:   1.000000 | Q:        nan | won: False 
#    3 | steps:    39 | steps_t:     0 | t: 0.051787 | r:  -510.000000 | e:   1.000000 | Q:        nan | won: False 
#    4 | steps:    46 | steps_t:     0 | t: 0.055370 | r:  -506.000000 | e:   1.000000 | Q:        nan | won: False 
#    5 | steps:    64 | steps_t:     0 | t: 0.067039 | r:  -517.000000 | e:   1.000000 | Q:        nan | won: False 
#    6 | steps:    71 | steps_t:     0 | t: 0.071112 | r:  -506.000000 | e:   1.000000 | Q:        nan | won: False 
#    7 | steps:    78 | steps_t:     0 | t: 0.074565 | r:  -506.000000 | e:   1.000000 | Q:        nan | won: False 
#    8 | steps:    90 | steps_t:     0 | t: 0.080466 | r:  -511.000000 | e:   1.000000 | Q:        nan | won: False 
#    9 | steps:   104 | steps_t:     0 | t: 0.087321 | r:  -513.000000 | e:   1.000000 | Q:        nan | won: False 
#   10 | steps:   113 | steps_t:     0 | t: 0.092223 | r:  -508.000000 | e:   1.000000 | Q:        nan | won: False 
#   11 | steps:   120 | steps_t:     0 | t: 0.096135 | r:  -506.000000 | e:   1.000000 | Q:        nan | won: False 
#   12 | steps:   129 | steps_t:     0 | t: 0.100832 | r:  -508.000000 | e:   1.000000 | Q:        nan | won: False 
#   13 | steps:   136 | steps_t:     0 | t: 0.104621 | r:  -506.000000 | e:   1.000000 | Q:        nan | won: False 
#   14 | steps:   143 | steps_t:     0 | t: 0.108398 | r:  -506.000000 | e:   1.000000 | Q:        nan | won: False 
#   15 | steps:   156 | steps_t:     0 | t: 0.118339 | r:  -512.000000 | e:   1.000000 | Q:        nan | won: False 
#   16 | steps:   162 | steps_t:     0 | t: 0.121460 | r:  -505.000000 | e:   1.000000 | Q:        nan | won: False 
#   17 | steps:   174 | steps_t:     0 | t: 0.128748 | r:  -511.000000 | e:   1.000000 | Q:        nan | won: False 
#   18 | steps:   181 | steps_t:     0 | t: 0.134394 | r:  -506.000000 | e:   1.000000 | Q:        nan | won: False 
#   19 | steps:   190 | steps_t:     0 | t: 0.139521 | r:  -508.000000 | e:   1.000000 | Q:        nan | won: False 
#   20 | steps:   197 | steps_t:     0 | t: 0.143199 | r:  -506.000000 | e:   1.000000 | Q:        nan | won: False 
#   21 | steps:   207 | steps_t:     0 | t: 0.148309 | r:  -509.000000 | e:   1.000000 | Q:        nan | won: False 
#   22 | steps:   214 | steps_t:     0 | t: 0.152220 | r:  -506.000000 | e:   1.000000 | Q:        nan | won: False 
#   23 | steps:   225 | steps_t:     0 | t: 0.158071 | r:  -510.000000 | e:   1.000000 | Q:        nan | won: False 
#   24 | steps:   233 | steps_t:     0 | t: 0.162915 | r:  -507.000000 | e:   1.000000 | Q:        nan | won: False 
#   25 | steps:   249 | steps_t:     0 | t: 0.173164 | r:  -515.000000 | e:   1.000000 | Q:        nan | won: False 
#   26 | steps:   258 | steps_t:     0 | t: 0.177582 | r:  -508.000000 | e:   1.000000 | Q:        nan | won: False 
#   27 | steps:   270 | steps_t:     0 | t: 0.183866 | r:  -511.000000 | e:   1.000000 | Q:        nan | won: False 
#   28 | steps:   282 | steps_t:     0 | t: 0.189969 | r:  -511.000000 | e:   1.000000 | Q:        nan | won: False 
#   29 | steps:   293 | steps_t:     0 | t: 0.196600 | r:  -510.000000 | e:   1.000000 | Q:        nan | won: False 
#   30 | steps:   305 | steps_t:     0 | t: 0.203654 | r:  -511.000000 | e:   1.000000 | Q:        nan | won: False 
#   31 | steps:   321 | steps_t:     0 | t: 0.214098 | r:  -515.000000 | e:   1.000000 | Q:        nan | won: False 
#   32 | steps:   330 | steps_t:     0 | t: 0.219295 | r:  -508.000000 | e:   1.000000 | Q:        nan | won: False 
#   33 | steps:   337 | steps_t:     0 | t: 0.222678 | r:  -506.000000 | e:   1.000000 | Q:        nan | won: False 
#   34 | steps:   353 | steps_t:     0 | t: 0.234403 | r:  -504.000000 | e:   1.000000 | Q:        nan | won: False 
#   35 | steps:   369 | steps_t:     0 | t: 0.244222 | r:  -515.000000 | e:   1.000000 | Q:        nan | won: False 
#   36 | steps:   378 | steps_t:     0 | t: 0.251847 | r:  -508.000000 | e:   1.000000 | Q:        nan | won: False 
#   37 | steps:   391 | steps_t:     0 | t: 0.258289 | r:  -512.000000 | e:   1.000000 | Q:        nan | won: False 
#   38 | steps:   397 | steps_t:     0 | t: 0.264395 | r:  -505.000000 | e:   1.000000 | Q:        nan | won: False 
#   39 | steps:   407 | steps_t:     0 | t: 0.271833 | r:  -509.000000 | e:   1.000000 | Q:        nan | won: False 
#   40 | steps:   415 | steps_t:     0 | t: 0.279616 | r:  -507.000000 | e:   1.000000 | Q:        nan | won: False 
#   41 | steps:   425 | steps_t:     0 | t: 0.289285 | r:  -509.000000 | e:   1.000000 | Q:        nan | won: False 
#   42 | steps:   435 | steps_t:     0 | t: 0.301728 | r:  -509.000000 | e:   1.000000 | Q:        nan | won: False 
#   43 | steps:   444 | steps_t:     0 | t: 0.309411 | r:  -508.000000 | e:   1.000000 | Q:        nan | won: False 
#   44 | steps:   454 | steps_t:     0 | t: 0.318499 | r:  -509.000000 | e:   1.000000 | Q:        nan | won: False 
#   45 | steps:   464 | steps_t:     0 | t: 0.324157 | r:  -509.000000 | e:   1.000000 | Q:        nan | won: False 
#   46 | steps:   473 | steps_t:     0 | t: 0.330620 | r:  -508.000000 | e:   1.000000 | Q:        nan | won: False 
#   47 | steps:   493 | steps_t:     0 | t: 0.346872 | r:  -519.000000 | e:   1.000000 | Q:        nan | won: False 
#   48 | steps:   500 | steps_t:     0 | t: 0.355434 | r:  -506.000000 | e:   1.000000 | Q:        nan | won: False 
#   49 | steps:   516 | steps_t:     0 | t: 0.368296 | r:  -515.000000 | e:   1.000000 | Q:        nan | won: False 
#   50 | steps:   527 | steps_t:     0 | t: 0.376189 | r:  -510.000000 | e:   1.000000 | Q:        nan | won: False 
#   51 | steps:   533 | steps_t:     0 | t: 0.379927 | r:  -505.000000 | e:   1.000000 | Q:        nan | won: False 
#   52 | steps:   541 | steps_t:     0 | t: 0.385710 | r:  -507.000000 | e:   1.000000 | Q:        nan | won: False 
#   53 | steps:   549 | steps_t:     0 | t: 0.389914 | r:  -507.000000 | e:   1.000000 | Q:        nan | won: False 
#   54 | steps:   557 | steps_t:     0 | t: 0.394364 | r:  -507.000000 | e:   1.000000 | Q:        nan | won: False 
#   55 | steps:   570 | steps_t:     0 | t: 0.404702 | r:  -512.000000 | e:   1.000000 | Q:        nan | won: False 
#   56 | steps:   579 | steps_t:     0 | t: 0.410111 | r:  -508.000000 | e:   1.000000 | Q:        nan | won: False 
#   57 | steps:   598 | steps_t:     0 | t: 0.420603 | r:  -518.000000 | e:   1.000000 | Q:        nan | won: False 
#   58 | steps:   606 | steps_t:     0 | t: 0.424744 | r:  -507.000000 | e:   1.000000 | Q:        nan | won: False 
#   59 | steps:   628 | steps_t:     0 | t: 0.437332 | r:  -521.000000 | e:   1.000000 | Q:        nan | won: False 
#   60 | steps:   652 | steps_t:     0 | t: 0.450735 | r:  -523.000000 | e:   1.000000 | Q:        nan | won: False 
#   61 | steps:   663 | steps_t:     0 | t: 0.458739 | r:  -510.000000 | e:   1.000000 | Q:        nan | won: False 
#   62 | steps:   671 | steps_t:     0 | t: 0.466551 | r:  -507.000000 | e:   1.000000 | Q:        nan | won: False 
#   63 | steps:   692 | steps_t:     0 | t: 0.478435 | r:  -520.000000 | e:   1.000000 | Q:        nan | won: False 
#   64 | steps:   705 | steps_t:     0 | t: 0.485534 | r:  -512.000000 | e:   1.000000 | Q:        nan | won: False 
#   65 | steps:   712 | steps_t:     0 | t: 0.489082 | r:  -506.000000 | e:   1.000000 | Q:        nan | won: False 
#   66 | steps:   721 | steps_t:     0 | t: 0.494212 | r:  -508.000000 | e:   1.000000 | Q:        nan | won: False 
#   67 | steps:   732 | steps_t:     0 | t: 0.500323 | r:  -510.000000 | e:   1.000000 | Q:        nan | won: False 
#   68 | steps:   740 | steps_t:     0 | t: 0.505007 | r:  -507.000000 | e:   1.000000 | Q:        nan | won: False 
#   69 | steps:   749 | steps_t:     0 | t: 0.509422 | r:  -508.000000 | e:   1.000000 | Q:        nan | won: False 
#   70 | steps:   760 | steps_t:     0 | t: 0.515444 | r:  -510.000000 | e:   1.000000 | Q:        nan | won: False 
#   71 | steps:   767 | steps_t:     0 | t: 0.519169 | r:  -506.000000 | e:   1.000000 | Q:        nan | won: False 
#   72 | steps:   774 | steps_t:     0 | t: 0.522762 | r:  -506.000000 | e:   1.000000 | Q:        nan | won: False 
#   73 | steps:   783 | steps_t:     0 | t: 0.528321 | r:  -508.000000 | e:   1.000000 | Q:        nan | won: False 
#   74 | steps:   791 | steps_t:     0 | t: 0.533513 | r:  -507.000000 | e:   1.000000 | Q:        nan | won: False 
#   75 | steps:   801 | steps_t:     0 | t: 0.538782 | r:  -509.000000 | e:   1.000000 | Q:        nan | won: False 
#   76 | steps:   811 | steps_t:     0 | t: 0.544025 | r:  -509.000000 | e:   1.000000 | Q:        nan | won: False 
#   77 | steps:   822 | steps_t:     0 | t: 0.549686 | r:  -510.000000 | e:   1.000000 | Q:        nan | won: False 
#   78 | steps:   828 | steps_t:     0 | t: 0.553027 | r:  -505.000000 | e:   1.000000 | Q:        nan | won: False 
#   79 | steps:   840 | steps_t:     0 | t: 0.559847 | r:  -511.000000 | e:   1.000000 | Q:        nan | won: False 
#   80 | steps:   846 | steps_t:     0 | t: 0.563880 | r:  -505.000000 | e:   1.000000 | Q:        nan | won: False 
#   81 | steps:   854 | steps_t:     0 | t: 0.568668 | r:  -507.000000 | e:   1.000000 | Q:        nan | won: False 
#   82 | steps:   872 | steps_t:     0 | t: 0.579417 | r:  -517.000000 | e:   1.000000 | Q:        nan | won: False 
#   83 | steps:   879 | steps_t:     0 | t: 0.584509 | r:  -506.000000 | e:   1.000000 | Q:        nan | won: False 
#   84 | steps:   889 | steps_t:     0 | t: 0.590109 | r:  -509.000000 | e:   1.000000 | Q:        nan | won: False 
#   85 | steps:   898 | steps_t:     0 | t: 0.595438 | r:  -508.000000 | e:   1.000000 | Q:        nan | won: False 
#   86 | steps:   906 | steps_t:     0 | t: 0.601923 | r:  -507.000000 | e:   1.000000 | Q:        nan | won: False 
#   87 | steps:   914 | steps_t:     0 | t: 0.605880 | r:  -507.000000 | e:   1.000000 | Q:        nan | won: False 
#   88 | steps:   928 | steps_t:     0 | t: 0.613204 | r:  -513.000000 | e:   1.000000 | Q:        nan | won: False 
#   89 | steps:   944 | steps_t:     0 | t: 0.621115 | r:  -515.000000 | e:   1.000000 | Q:        nan | won: False 
#   90 | steps:   954 | steps_t:     0 | t: 0.627075 | r:  -509.000000 | e:   1.000000 | Q:        nan | won: False 
#   91 | steps:   964 | steps_t:     0 | t: 0.634473 | r:  -509.000000 | e:   1.000000 | Q:        nan | won: False 
#   92 | steps:   971 | steps_t:     0 | t: 0.639119 | r:  -506.000000 | e:   1.000000 | Q:        nan | won: False 
#   93 | steps:   980 | steps_t:     0 | t: 0.643844 | r:  -508.000000 | e:   1.000000 | Q:        nan | won: False 
#   94 | steps:   988 | steps_t:     0 | t: 0.649402 | r:  -507.000000 | e:   1.000000 | Q:        nan | won: False 
#   95 | steps:   997 | steps_t:     0 | t: 0.655186 | r:  -508.000000 | e:   1.000000 | Q:        nan | won: False 
#   96 | steps:  1003 | steps_t:     0 | t: 0.658450 | r:  -505.000000 | e:   1.000000 | Q:        nan | won: False 
#   97 | steps:  1011 | steps_t:     0 | t: 0.664935 | r:  -507.000000 | e:   1.000000 | Q:        nan | won: False 
#   98 | steps:  1019 | steps_t:     0 | t: 0.669480 | r:  -507.000000 | e:   1.000000 | Q:        nan | won: False 
#   99 | steps:  1029 | steps_t:     0 | t: 0.674867 | r:  -509.000000 | e:   1.000000 | Q:        nan | won: False 
#  100 | steps:  1047 | steps_t:     0 | t: 0.685094 | r:  -517.000000 | e:   1.000000 | Q:        nan | won: False 
#  101 | steps:  1061 | steps_t:     0 | t: 4.348330 | r:  -513.000000 | e:   1.000000 | Q:        nan | won: False 
#  102 | steps:  1075 | steps_t:     0 | t: 8.440540 | r:  -513.000000 | e:   1.000000 | Q:        nan | won: False 
#  103 | steps:  1089 | steps_t:     0 | t: 12.664288 | r:  -513.000000 | e:   1.000000 | Q:        nan | won: False 
#  104 | steps:  1098 | steps_t:     0 | t: 14.803027 | r:  -508.000000 | e:   1.000000 | Q:        nan | won: False 
#  105 | steps:  1107 | steps_t:     0 | t: 17.881201 | r:  -508.000000 | e:   1.000000 | Q:        nan | won: False 
#  106 | steps:  1123 | steps_t:     0 | t: 22.578304 | r:  -515.000000 | e:   1.000000 | Q:        nan | won: False 
#  107 | steps:  1162 | steps_t:     0 | t: 32.993603 | r:  -516.000000 | e:   1.000000 | Q:        nan | won: False 
#  108 | steps:  1174 | steps_t:     0 | t: 36.694900 | r:  -511.000000 | e:   1.000000 | Q:        nan | won: False 
#  109 | steps:  1183 | steps_t:     0 | t: 39.743677 | r:  -508.000000 | e:   1.000000 | Q:        nan | won: False 
#  110 | steps:  1193 | steps_t:     0 | t: 43.194327 | r:  -509.000000 | e:   1.000000 | Q:        nan | won: False 
#  111 | steps:  1210 | steps_t:     0 | t: 48.266701 | r:  -516.000000 | e:   1.000000 | Q:        nan | won: False 
#  112 | steps:  1218 | steps_t:     0 | t: 50.978263 | r:  -507.000000 | e:   1.000000 | Q:        nan | won: False 
